
2022-03-09 10:33:44 :: {"mariatheresa.abellanosa@exprealty.com":"User account created successully!"}

2022-03-09 10:33:44 :: {"batoul.kassaraboualkhir@exprealty.com":"User account created successully!"}

2022-03-09 10:33:45 :: {"karina.vladiabramian@exprealty.com":"User account created successully!"}

2022-03-09 10:33:45 :: {"abigail.suarezacencio@exprealty.com":"User account created successully!"}

2022-03-09 10:33:45 :: {"lanett.adams@exprealty.com":"User account created successully!"}

2022-03-09 10:33:45 :: {"guadalupe.barronaguilar@exprealty.com":"User account created successully!"}

2022-03-09 10:33:45 :: {"viridiana.mejiaaguilar@exprealty.com":"User account created successully!"}

2022-03-09 10:33:45 :: {"mauricio.granadosalcantar@exprealty.com":"User account created successully!"}

2022-03-09 10:33:45 :: {"greg.romanilloalcaraz@exprealty.com":"User account created successully!"}

2022-03-09 10:33:45 :: {"jose.salazaraldaco@exprealty.com":"User account created successully!"}

2022-03-09 10:33:45 :: {"jc.aldana@exprealty.com":"User account created successully!"}

2022-03-09 10:33:45 :: {"scott4homes@scottalden.com":"User account created successully!"}

2022-03-09 10:33:45 :: {"maria.araujoalfaro@exprealty.com":"User account created successully!"}

2022-03-09 10:33:45 :: {"edward.carrilloalfaro@exprealty.com":"User account created successully!"}

2022-03-09 10:33:46 :: {"deborah.deanda@exprealty.com":"User account created successully!"}

2022-03-09 10:33:46 :: {"qi.aoun@exprealty.com":"User account created successully!"}

2022-03-09 10:33:46 :: {"rosie@chavezhomes.com":"User account created successully!"}

2022-03-09 10:33:46 :: {"erick@leonhomes.com":"User account created successully!"}

2022-03-09 10:33:46 :: {"maria.arcinue@exprealty.com":"User account created successully!"}

2022-03-09 10:33:46 :: {"rene.dearenosa@exprealty.com":"User account created successully!"}

2022-03-09 10:33:46 :: {"stacey.bakerarthur@exprealty.com":"User account created successully!"}

2022-03-09 10:33:46 :: {"luzdeborah.arzaluz@exprealty.com":"User account created successully!"}

2022-03-09 10:33:46 :: {"arnel.de.asis@exprealty.com":"User account created successully!"}

2022-03-09 10:33:46 :: {"kalyn.deasis@exprealty.com":"User account created successully!"}

2022-03-09 10:33:46 :: {"lorieanne.auer@exprealty.com":"User account created successully!"}

2022-03-09 10:33:46 :: {"hector.gonzalezavila@exprealty.com":"User account created successully!"}

2022-03-09 10:33:47 :: {"jonathan.cumminsbaldwin@exprealty.com":"User account created successully!"}

2022-03-09 10:33:47 :: {"donald.labarre@exprealty.com":"User account created successully!"}

2022-03-09 10:33:47 :: {"eduardo.gutierrezbautista@exprealty.com":"User account created successully!"}

2022-03-09 10:33:47 :: {"maria.becerril@exprealty.com":"User account created successully!"}

2022-03-09 10:33:47 :: {"joann.bell@exprealty.com":"User account created successully!"}

2022-03-09 10:33:47 :: {"mia.torresbenitez@exprealty.com":"User account created successully!"}

2022-03-09 10:33:47 :: {"tracy.elman@exprealty.com":"User account created successully!"}

2022-03-09 10:33:47 :: {"contact@RamonPoloRealEstate.com":"User account created successully!"}

2022-03-09 10:33:47 :: {"john.vanbokkelen@exprealty.com":"User account created successully!"}

2022-03-09 10:33:47 :: {"maryann.bond@exprealty.com":"User account created successully!"}

2022-03-09 10:33:47 :: {"tanguy.delannoyboskov@exprealty.com":"User account created successully!"}

2022-03-09 10:33:48 :: {"luis.gomezbravo@exprealty.com":"User account created successully!"}

2022-03-09 10:33:48 :: {"lorraine.dacanaybreaux@exprealty.com":"User account created successully!"}

2022-03-09 10:33:48 :: {"etta.brown@exprealty.com":"User account created successully!"}

2022-03-09 10:33:48 :: {"mariarina.brubaker@exprealty.com":"User account created successully!"}

2022-03-09 10:33:48 :: {"marina.marinosbush@exprealty.com":"User account created successully!"}

2022-03-09 10:33:48 :: {"svallazza@gmail.com":"User account created successully!"}

2022-03-09 10:33:48 :: {"kevin.vazquezcabrera@exprealty.com":"User account created successully!"}

2022-03-09 10:33:48 :: {"maryann.cadorna@exprealty.com":"User account created successully!"}

2022-03-09 10:33:48 :: {"yvette.perezcalderon@exprealty.com":"User account created successully!"}

2022-03-09 10:33:48 :: {"alexis.velasquezcalderon@exprealty.com":"User account created successully!"}

2022-03-09 10:33:48 :: {"chris.callahan@exprealty.com":"User account created successully!"}

2022-03-09 10:33:49 :: {"alexandra.vasmore@gmail.com":"User account created successully!"}

2022-03-09 10:33:49 :: {"edgarmauricio.capetillo@exprealty.com":"User account created successully!"}

2022-03-09 10:33:49 :: {"lavonne.carroll@exprealty.com":"User account created successully!"}

2022-03-09 10:33:49 :: {"sergio.becerracasillas@exprealty.com":"User account created successully!"}

2022-03-09 10:33:49 :: {"crystal.decastro@exprealty.com":"User account created successully!"}

2022-03-09 10:33:49 :: {"emanuel.aguilarceja@exprealty.com":"User account created successully!"}

2022-03-09 10:33:49 :: {"jesusroman.celis@exprealty.com":"User account created successully!"}

2022-03-09 10:33:49 :: {"emmanueljames.cepe@exprealty.com":"User account created successully!"}

2022-03-09 10:33:49 :: {"kamtong.chak@exprealty.com":"User account created successully!"}

2022-03-09 10:33:49 :: {"paul.decham@exprealty.com":"User account created successully!"}

2022-03-09 10:33:49 :: {"tehsuan.chao@exprealty.com":"User account created successully!"}

2022-03-09 10:33:49 :: {"barry.cheung@exprealty.com":"User account created successully!"}

2022-03-09 10:33:49 :: {"diana.estrada@exprealty.com":"User account created successully!"}

2022-03-09 10:33:50 :: {"juiping.chiang@exprealty.com":"User account created successully!"}

2022-03-09 10:33:50 :: {"ilmyung.cho@exprealty.com":"User account created successully!"}

2022-03-09 10:33:50 :: {"connie.trujillocolmenero@exprealty.com":"User account created successully!"}

2022-03-09 10:33:50 :: {"santiago.ogradoncortes@exprealty.com":"User account created successully!"}

2022-03-09 10:33:50 :: {"joseph.lacroix@exprealty.com":"User account created successully!"}

2022-03-09 10:33:50 :: {"monique.santacruz@exprealty.com":"User account created successully!"}

2022-03-09 10:33:50 :: {"normbryan.cruz@exprealty.com":"User account created successully!"}

2022-03-09 10:33:50 :: {"cynthiadeacon.daniels@exprealty.com":"User account created successully!"}

2022-03-09 10:33:50 :: {"billrealtor@yahoo.com":"User account created successully!"}

2022-03-09 10:33:50 :: {"Deautri@DenardRealty.com":"User account created successully!"}

2022-03-09 10:33:52 :: {"shenenclarise.dequito@exprealty.com":"User account created successully!"}

2022-03-09 10:33:53 :: {"maria.garcesdiaz@exprealty.com":"User account created successully!"}

2022-03-09 10:33:53 :: {"stephen.dediego@exprealty.com":"User account created successully!"}

2022-03-09 10:33:53 :: {"tania.cuevasdominguez@exprealty.com":"User account created successully!"}

2022-03-09 10:33:53 :: {"rachelchen.dressel@exprealty.com":"User account created successully!"}

2022-03-09 10:33:53 :: {"rafael.romeroduarte@exprealty.com":"User account created successully!"}

2022-03-09 10:33:53 :: {"wtroy.dudley@exprealty.com":"User account created successully!"}

2022-03-09 10:33:53 :: {"alex.tuccio@exprealty.com":"User account created successully!"}

2022-03-09 10:33:53 :: {"julie.gleneckeveritt@exprealty.com":"User account created successully!"}

2022-03-09 10:33:53 :: {"sarah.thorpfairshter@exprealty.com":"User account created successully!"}

2022-03-09 10:33:53 :: {"magdiel.coutofajardo@exprealty.com":"User account created successully!"}

2022-03-09 10:33:53 :: {"cindysellsre@yahoo.com":"User account created successully!"}

2022-03-09 10:33:53 :: {"rodrigo.suertefelipe@exprealty.com":"User account created successully!"}

2022-03-09 10:33:54 :: {"info@elenasellsre.com":"User account created successully!"}

2022-03-09 10:33:54 :: {"klyde.delfierro@exprealty.com":"User account created successully!"}

2022-03-09 10:33:54 :: {"roberto.campanaflores@exprealty.com":"User account created successully!"}

2022-03-09 10:33:54 :: {"stellasanchez.fojas@exprealty.com":"User account created successully!"}

2022-03-09 10:33:54 :: {"hanna.foo@exprealty.com":"User account created successully!"}

2022-03-09 10:33:54 :: {"joe.vanfossen@exprealty.com":"User account created successully!"}

2022-03-09 10:33:54 :: {"rhyan@psydrealty.com":"User account created successully!"}

2022-03-09 10:33:54 :: {"viviana.marquezfrancisco@exprealty.com":"User account created successully!"}

2022-03-09 10:33:54 :: {"kasiarei.francisco@exprealty.com":"User account created successully!"}

2022-03-09 10:33:54 :: {"enrique.torresfranco@exprealty.com":"User account created successully!"}

2022-03-09 10:33:54 :: {"donnamarie.franklin@exprealty.com":"User account created successully!"}

2022-03-09 10:33:54 :: {"bob.gagliano@exprealty.com":"User account created successully!"}

2022-03-09 10:33:54 :: {"d.gonzalez@exprealty.com":"User account created successully!"}

2022-03-09 10:33:55 :: {"omar.perezgallegos@exprealty.com":"User account created successully!"}

2022-03-09 10:33:55 :: {"jose.garciagaray@exprealty.com":"User account created successully!"}

2022-03-09 10:33:55 :: {"oscar.garcia@exprealty.com":"User account created successully!"}

2022-03-09 10:33:55 :: {"ateamre888@gmail.com":"User account created successully!"}

2022-03-09 10:33:55 :: {"ernesto.garciagarcia@exprealty.com":"User account created successully!"}

2022-03-09 10:33:55 :: {"genoveva.acostagarcia@exprealty.com":"User account created successully!"}

2022-03-09 10:33:55 :: {"andrea.ferrergarcia@exprealty.com":"User account created successully!"}

2022-03-09 10:33:55 :: {"leogarzaproperties@gmail.com":"User account created successully!"}

2022-03-09 10:33:55 :: {"sandiego.gervacio@exprealty.com":"User account created successully!"}

2022-03-09 10:33:55 :: {"sue.gil@exprealty.com":"User account created successully!"}

2022-03-09 10:33:55 :: {"cynthia.rubio@exprealty.com":"User account created successully!"}

2022-03-09 10:33:55 :: {"kiana@ssv.group":"User account created successully!"}

2022-03-09 10:33:56 :: {"johnandannmarie@exprealty.com":"User account created successully!"}

2022-03-09 10:33:56 :: {"chaimshalom.gross@exprealty.com":"User account created successully!"}

2022-03-09 10:33:56 :: {"brigitte.razzetoguerra@exprealty.com":"User account created successully!"}

2022-03-09 10:33:56 :: {"felix.lopezgutierrez@exprealty.com":"User account created successully!"}

2022-03-09 10:33:56 :: {"susana.sanchezgutierrez@exprealty.com":"User account created successully!"}

2022-03-09 10:33:56 :: {"belinda.deguzman@exprealty.com":"User account created successully!"}

2022-03-09 10:33:56 :: {"artsiomvitalyevich.haldo@exprealty.com":"User account created successully!"}

2022-03-09 10:33:56 :: {"ahmad.hamidehhamideh@exprealty.com":"User account created successully!"}

2022-03-09 10:33:56 :: {"jihye.han@exprealty.com":"User account created successully!"}

2022-03-09 10:33:57 :: {"michaelscott.hanson-estrada@exprealty.com":"User account created successully!"}

2022-03-09 10:33:57 :: {"anna.fitzgeraldharris@exprealty.com":"User account created successully!"}

2022-03-09 10:33:57 :: {"mariaelena.hernandez@exprealty.com":"User account created successully!"}

2022-03-09 10:33:57 :: {"mariag.hernandez@exprealty.com":"User account created successully!"}

2022-03-09 10:33:57 :: {"rafael.lopezhernandez@exprealty.com":"User account created successully!"}

2022-03-09 10:33:57 :: {"ocrealtorcarlos@gmail.com":"User account created successully!"}

2022-03-09 10:33:57 :: {"suling.hewitt@exprealty.com":"User account created successully!"}

2022-03-09 10:33:57 :: {"susana.delhierro@exprealty.com":"User account created successully!"}

2022-03-09 10:33:57 :: {"austin.sihoe@exprealty.com":"User account created successully!"}

2022-03-09 10:33:57 :: {"carinahsiaosf@gmail.com":"User account created successully!"}

2022-03-09 10:33:57 :: {"xiaozhong.huang@exprealty.com":"User account created successully!"}

2022-03-09 10:33:57 :: {"bale.huyny@exprealty.com":"User account created successully!"}

2022-03-09 10:33:58 :: {"christine.champenois@exprealty.com":"User account created successully!"}

2022-03-09 10:33:58 :: {"winston.kasparianii@exprealty.com":"User account created successully!"}

2022-03-09 10:33:58 :: {"phillip@robertsreg.com":"User account created successully!"}

2022-03-09 10:33:58 :: {"isaiah@sfcoastalestates.com":"User account created successully!"}

2022-03-09 10:33:58 :: {"david.plummer@exprealty.com":"User account created successully!"}

2022-03-09 10:33:58 :: {"jorge.essesismaj@exprealty.com":"User account created successully!"}

2022-03-09 10:33:58 :: {"melissa.jacobo@exprealty.com":"User account created successully!"}

2022-03-09 10:33:58 :: {"changryul.ji@exprealty.com":"User account created successully!"}

2022-03-09 10:33:58 :: {"Fernando@TheMotaTeam.com":"User account created successully!"}

2022-03-09 10:33:58 :: {"walter.macahiajones@exprealty.com":"User account created successully!"}

2022-03-09 10:33:58 :: {"ernest.medinajr@exprealty.com":"User account created successully!"}

2022-03-09 10:33:58 :: {"mike.terry@homelinkpros.com":"User account created successully!"}

2022-03-09 10:33:58 :: {"gary.digraziajr@exprealty.com":"User account created successully!"}

2022-03-09 10:33:59 :: {"nicole.shawkappel@exprealty.com":"User account created successully!"}

2022-03-09 10:33:59 :: {"christielynn.kenney@exprealty.com":"User account created successully!"}

2022-03-09 10:33:59 :: {"tk@yourprorealty.com":"User account created successully!"}

2022-03-09 10:33:59 :: {"kyungsheen.kim@exprealty.com":"User account created successully!"}

2022-03-09 10:33:59 :: {"angelalynette.knox@exprealty.com":"User account created successully!"}

2022-03-09 10:33:59 :: {"terikoonse@gmail.com":"User account created successully!"}

2022-03-09 10:33:59 :: {"brian.vonkraus@exprealty.com":"User account created successully!"}

2022-03-09 10:33:59 :: {"mannrou.kuo@exprealty.com":"User account created successully!"}

2022-03-09 10:33:59 :: {"chihhua.kuo@exprealty.com":"User account created successully!"}

2022-03-09 10:33:59 :: {"ana.alvarezlabrador@exprealty.com":"User account created successully!"}

2022-03-09 10:33:59 :: {"samantha.maclaren@exprealty.com":"User account created successully!"}

2022-03-09 10:34:00 :: {"jesus.lopezlarios@exprealty.com":"User account created successully!"}

2022-03-09 10:34:00 :: {"david@J1RE.com":"User account created successully!"}

2022-03-09 10:34:00 :: {"eunhyea.lee@exprealty.com":"User account created successully!"}

2022-03-09 10:34:00 :: {"jungjoon.lee@exprealty.com":"User account created successully!"}

2022-03-09 10:34:00 :: {"juan.maganalemus@exprealty.com":"User account created successully!"}

2022-03-09 10:34:00 :: {"erick.deleon@exprealty.com":"User account created successully!"}

2022-03-09 10:34:00 :: {"alexis.chavezlepe@exprealty.com":"User account created successully!"}

2022-03-09 10:34:01 :: {"cathy.kayan.leung@gmail.com":"User account created successully!"}

2022-03-09 10:34:01 :: {"kyounghan.lim@exprealty.com":"User account created successully!"}

2022-03-09 10:34:01 :: {"yuting.lin@exprealty.com":"User account created successully!"}

2022-03-09 10:34:02 :: {"ernesto.lozanolizarraga@exprealty.com":"User account created successully!"}

2022-03-09 10:34:02 :: {"lindalosmile@gmail.com":"User account created successully!"}

2022-03-09 10:34:02 :: {"francisco.abundis@exprealty.com":"User account created successully!"}

2022-03-09 10:34:02 :: {"maryfrances.looke@exprealty.com":"User account created successully!"}

2022-03-09 10:34:02 :: {"alfredo.hernandezlopez@exprealty.com":"User account created successully!"}

2022-03-09 10:34:02 :: {"franco.dilorenzo@exprealty.com":"User account created successully!"}

2022-03-09 10:34:02 :: {"gaylene.dilorenzo@exprealty.com":"User account created successully!"}

2022-03-09 10:34:03 :: {"amandalynn@exprealty.com":"User account created successully!"}

2022-03-09 10:34:03 :: {"ningning.lu@exprealty.com":"User account created successully!"}

2022-03-09 10:34:03 :: {"ashley.deluna@exprealty.com":"User account created successully!"}

2022-03-09 10:34:03 :: {"bertinoossil.macavinta@exprealty.com":"User account created successully!"}

2022-03-09 10:34:03 :: {"LauraLee@got.net":"User account created successully!"}

2022-03-09 10:34:03 :: {"marylou.magana@exprealty.com":"User account created successully!"}

2022-03-09 10:34:03 :: {"monica.lezamamaldonado@exprealty.com":"User account created successully!"}

2022-03-09 10:34:03 :: {"peggyelizabeth.mallon@exprealty.com":"User account created successully!"}

2022-03-09 10:34:03 :: {"jessica.floresmarroquin@exprealty.com":"User account created successully!"}

2022-03-09 10:34:03 :: {"ofelia.garciamartinez@exprealty.com":"User account created successully!"}

2022-03-09 10:34:03 :: {"maria.ariasmartinez@exprealty.com":"User account created successully!"}

2022-03-09 10:34:03 :: {"dayna.deloatch-martinez@exprealty.com":"User account created successully!"}

2022-03-09 10:34:03 :: {"christopher.almassoude@exprealty.com":"User account created successully!"}

2022-03-09 10:34:04 :: {"renayelder@gmail.com":"User account created successully!"}

2022-03-09 10:34:04 :: {"lashawn.mckinzie@exprealty.com":"User account created successully!"}

2022-03-09 10:34:04 :: {"edith.monroymedina@exprealty.com":"User account created successully!"}

2022-03-09 10:34:04 :: {"jaime.salinasmedina@exprealty.com":"User account created successully!"}

2022-03-09 10:34:04 :: {"mshabnam@gmail.com":"User account created successully!"}

2022-03-09 10:34:04 :: {"chrisg.rea75@gmail.com":"User account created successully!"}

2022-03-09 10:34:04 :: {"jennifer.garciamendoza@exprealty.com":"User account created successully!"}

2022-03-09 10:34:04 :: {"edgar.chavezmendoza@exprealty.com":"User account created successully!"}

2022-03-09 10:34:04 :: {"ana.najeramendoza@exprealty.com":"User account created successully!"}

2022-03-09 10:34:04 :: {"mariaelena.mendoza@exprealty.com":"User account created successully!"}

2022-03-09 10:34:04 :: {"hildag.miranda@exprealty.com":"User account created successully!"}

2022-03-09 10:34:05 :: {"maria.hernandezmoctezuma@exprealty.com":"User account created successully!"}

2022-03-09 10:34:05 :: {"jaleh.hashempourmohammadi@exprealty.com":"User account created successully!"}

2022-03-09 10:34:05 :: {"setarehh.mahdavimojtahedi@exprealty.com":"User account created successully!"}

2022-03-09 10:34:05 :: {"guadalupe.botellomonge@exprealty.com":"User account created successully!"}

2022-03-09 10:34:05 :: {"gabriel.gutierrezmonney@exprealty.com":"User account created successully!"}

2022-03-09 10:34:05 :: {"Gabby.gutierrezmonney@exprealty.com":"User account created successully!"}

2022-03-09 10:34:05 :: {"lashay.moore@exprealty.com":"User account created successully!"}

2022-03-09 10:34:05 :: {"joseluiz.morales@exprealty.com":"User account created successully!"}

2022-03-09 10:34:05 :: {"anas.almorei@exprealty.com":"User account created successully!"}

2022-03-09 10:34:07 :: {"ana.carmonamoreno@exprealty.com":"User account created successully!"}

2022-03-09 10:34:08 :: {"veronica.cardenasmorfin@exprealty.com":"User account created successully!"}

2022-03-09 10:34:08 :: {"richard.demoss@exprealty.com":"User account created successully!"}

2022-03-09 10:34:08 :: {"tarek.elmoussa@exprealty.com":"User account created successully!"}

2022-03-09 10:34:08 :: {"dominique.elmoussa@exprealty.com":"User account created successully!"}

2022-03-09 10:34:08 :: {"safwan.ahmedmuneer@exprealty.com":"User account created successully!"}

2022-03-09 10:34:08 :: {"jennifer.myers@exprealty.com":"User account created successully!"}

2022-03-09 10:34:08 :: {"saray.valenzuelanaranjo@exprealty.com":"User account created successully!"}

2022-03-09 10:34:08 :: {"john.natividad@exprealty.com":"User account created successully!"}

2022-03-09 10:34:08 :: {"itzel.hernandeznava@exprealty.com":"User account created successully!"}

2022-03-09 10:34:08 :: {"Don.Neri@exprealty.com":"User account created successully!"}

2022-03-09 10:34:08 :: {"karen@VannessAndAssociates.com":"User account created successully!"}

2022-03-09 10:34:09 :: {"elise.neves@exprealty.com":"User account created successully!"}

2022-03-09 10:34:09 :: {"ann.nguyen@exprealty.com":"User account created successully!"}

2022-03-09 10:34:09 :: {"daniellinh.nguyen@exprealty.com":"User account created successully!"}

2022-03-09 10:34:09 :: {"limei.norton@exprealty.com":"User account created successully!"}

2022-03-09 10:34:09 :: {"thomas.dinoto@exprealty.com":"User account created successully!"}

2022-03-09 10:34:09 :: {"shelley.vannoy@exprealty.com":"User account created successully!"}

2022-03-09 10:34:09 :: {"jason.vannoy@exprealty.com":"User account created successully!"}

2022-03-09 10:34:09 :: {"jhonatan.martineznunez@exprealty.com":"User account created successully!"}

2022-03-09 10:34:09 :: {"valarie.segovia-ochoa@exprealty.com":"User account created successully!"}

2022-03-09 10:34:09 :: {"armando.cuirizochoa@exprealty.com":"User account created successully!"}

2022-03-09 10:34:09 :: {"sunnyohrealty@gmail.com":"User account created successully!"}

2022-03-09 10:34:09 :: {"aidal.ohsner@exprealty.com":"User account created successully!"}

2022-03-09 10:34:10 :: {"norma.guardadooropeza@exprealty.com":"User account created successully!"}

2022-03-09 10:34:10 :: {"mariaelena.ortiz@exprealty.com":"User account created successully!"}

2022-03-09 10:34:10 :: {"claudia.rabadanortiz@exprealty.com":"User account created successully!"}

2022-03-09 10:34:10 :: {"richard.vanover@exprealty.com":"User account created successully!"}

2022-03-09 10:34:10 :: {"virginia.alanizpacheco@exprealty.com":"User account created successully!"}

2022-03-09 10:34:10 :: {"lizzeth.canchepalomo@exprealty.com":"User account created successully!"}

2022-03-09 10:34:10 :: {"byungsun.park@exprealty.com":"User account created successully!"}

2022-03-09 10:34:10 :: {"yongjoon.park@exprealty.com":"User account created successully!"}

2022-03-09 10:34:10 :: {"chaiwat.lawpattanapong@exprealty.com":"User account created successully!"}

2022-03-09 10:34:10 :: {"leandra.depaula@exprealty.com":"User account created successully!"}

2022-03-09 10:34:10 :: {"michael.vanpelt@exprealty.com":"User account created successully!"}

2022-03-09 10:34:10 :: {"sau.alcazarpena@exprealty.com":"User account created successully!"}

2022-03-09 10:34:10 :: {"marcela.laraperez@exprealty.com":"User account created successully!"}

2022-03-09 10:34:11 :: {"joseluis.perez@exprealty.com":"User account created successully!"}

2022-03-09 10:34:11 :: {"lanette.grecoperryman@exprealty.com":"User account created successully!"}

2022-03-09 10:34:11 :: {"lex.petchara@exprealty.com":"User account created successully!"}

2022-03-09 10:34:11 :: {"cesar.florespineda@exprealty.com":"User account created successully!"}

2022-03-09 10:34:11 :: {"edy.urbanpinto@exprealty.com":"User account created successully!"}

2022-03-09 10:34:11 :: {"AlessandraLovePires@gmail.com":"User account created successully!"}

2022-03-09 10:34:11 :: {"nicholas.delanopires@exprealty.com":"User account created successully!"}

2022-03-09 10:34:11 :: {"adelle.reimerplain@exprealty.com":"User account created successully!"}

2022-03-09 10:34:11 :: {"karen@polisenorealestate.com":"User account created successully!"}

2022-03-09 10:34:12 :: {"jp.ponce@exprealty.com":"User account created successully!"}

2022-03-09 10:34:12 :: {"marymargaret.prete@exprealty.com":"User account created successully!"}

2022-03-09 10:34:13 :: {"lizbeth.fuentespulido@exprealty.com":"User account created successully!"}

2022-03-09 10:34:13 :: {"merryl.adhidarmaputri@exprealty.com":"User account created successully!"}

2022-03-09 10:34:13 :: {"maryam.alqaderi@exprealty.com":"User account created successully!"}

2022-03-09 10:34:13 :: {"amaly.abrahamquiroz@exprealty.com":"User account created successully!"}

2022-03-09 10:34:13 :: {"alexaly.perezquiroz@exprealty.com":"User account created successully!"}

2022-03-09 10:34:13 :: {"martha@fastagents.com":"User account created successully!"}

2022-03-09 10:34:14 :: {"katherine.espositoramirez@exprealty.com":"User account created successully!"}

2022-03-09 10:34:14 :: {"rosaelena.ramirez@exprealty.com":"User account created successully!"}

2022-03-09 10:34:14 :: {"oliver.lopezramos@exprealty.com":"User account created successully!"}

2022-03-09 10:34:14 :: {"floresmanagement1@gmail.com":"User account created successully!"}

2022-03-09 10:34:14 :: {"jorge.mantillarangel@exprealty.com":"User account created successully!"}

2022-03-09 10:34:14 :: {"diana.rawson@exprealty.com":"User account created successully!"}

2022-03-09 10:34:14 :: {"karen.ray@exprealty.com":"User account created successully!"}

2022-03-09 10:34:14 :: {"victor.cuadras@exprealty.com":"User account created successully!"}

2022-03-09 10:34:14 :: {"mauricio.rezaee@exprealty.com":"User account created successully!"}

2022-03-09 10:34:14 :: {"efren.delrio@exprealty.com":"User account created successully!"}

2022-03-09 10:34:15 :: {"blanca.delrio@exprealty.com":"User account created successully!"}

2022-03-09 10:34:15 :: {"aldo.medinarivas@exprealty.com":"User account created successully!"}

2022-03-09 10:34:15 :: {"cesar.rivera@exprealty.com":"User account created successully!"}

2022-03-09 10:34:17 :: {"hirvin.montanorobledo@exprealty.com":"User account created successully!"}

2022-03-09 10:34:17 :: {"luis.barcenasrojas@exprealty.com":"User account created successully!"}

2022-03-09 10:34:17 :: {"juan.lunaroldan@exprealty.com":"User account created successully!"}

2022-03-09 10:34:17 :: {"juanita.riveraromero@exprealty.com":"User account created successully!"}

2022-03-09 10:34:17 :: {"victoronassis.roque@exprealty.com":"User account created successully!"}

2022-03-09 10:34:17 :: {"mitch@realestateprg.com":"User account created successully!"}

2022-03-09 10:34:17 :: {"alexander.delrosario@exprealty.com":"User account created successully!"}

2022-03-09 10:34:17 :: {"kathleen.johnsonrose@exprealty.com":"User account created successully!"}

2022-03-09 10:34:17 :: {"alezzandrianikola.ruvalcabaj@exprealty.com":"User account created successully!"}

2022-03-09 10:34:17 :: {"estephanie.sotelosaavedra@exprealty.com":"User account created successully!"}

2022-03-09 10:34:17 :: {"chioyene.saephan@exprealty.com":"User account created successully!"}

2022-03-09 10:34:18 :: {"matias.sotosalazar@exprealty.com":"User account created successully!"}

2022-03-09 10:34:18 :: {"isabella.rodriguez-salcedo@exprealty.com":"User account created successully!"}

2022-03-09 10:34:18 :: {"victor.castrosaldate@exprealty.com":"User account created successully!"}

2022-03-09 10:34:18 :: {"rosita.salgado@exprealty.com":"User account created successully!"}

2022-03-09 10:34:18 :: {"parsia.javadivandsamei@exprealty.com":"User account created successully!"}

2022-03-09 10:34:18 :: {"joseantonio.samson@exprealty.com":"User account created successully!"}

2022-03-09 10:34:18 :: {"iris.caravantessantizo@exprealty.com":"User account created successully!"}

2022-03-09 10:34:18 :: {"deric@sacvalleyestates.com":"User account created successully!"}

2022-03-09 10:34:18 :: {"stephen.desena@exprealty.com":"User account created successully!"}

2022-03-09 10:34:18 :: {"farid.ahmadyshandiz@exprealty.com":"User account created successully!"}

2022-03-09 10:34:18 :: {"kivan.noshirvanisharifabad@exprealty.com":"User account created successully!"}

2022-03-09 10:34:18 :: {"ekadev.sharma@exprealty.com":"User account created successully!"}

2022-03-09 10:34:19 :: {"zhende.shi@exprealty.com":"User account created successully!"}

2022-03-09 10:34:19 :: {"melvin.alassibrian@exprealty.com":"User account created successully!"}

2022-03-09 10:34:19 :: {"isami.siddiqui@exprealty.com":"User account created successully!"}

2022-03-09 10:34:19 :: {"dinesh.desilva@exprealty.com":"User account created successully!"}

2022-03-09 10:34:19 :: {"allen.desilva@exprealty.com":"User account created successully!"}

2022-03-09 10:34:19 :: {"victor.arizasims@exprealty.com":"User account created successully!"}

2022-03-09 10:34:19 :: {"marcos.bedollasotelo@exprealty.com":"User account created successully!"}

2022-03-09 10:34:19 :: {"katherine.williamsstraps@exprealty.com":"User account created successully!"}

2022-03-09 10:34:19 :: {"tinjon.syiau@exprealty.com":"User account created successully!"}

2022-03-09 10:34:19 :: {"marcoivan.tadeo@exprealty.com":"User account created successully!"}

2022-03-09 10:34:19 :: {"charles.tagay@exprealty.com":"User account created successully!"}

2022-03-09 10:34:19 :: {"taraneh.lipscombtanner@exprealty.com":"User account created successully!"}

2022-03-09 10:34:20 :: {"kelliethomas@exprealty.com":"User account created successully!"}

2022-03-09 10:34:20 :: {"ladonna.thomas@exprealty.com":"User account created successully!"}

2022-03-09 10:34:20 :: {"shannon.dalonzothomas@exprealty.com":"User account created successully!"}

2022-03-09 10:34:20 :: {"kevin.dutoit@exprealty.com":"User account created successully!"}

2022-03-09 10:34:20 :: {"claudia.nortontolbert@exprealty.com":"User account created successully!"}

2022-03-09 10:34:20 :: {"johnlouis.tomines@exprealty.com":"User account created successully!"}

2022-03-09 10:34:20 :: {"amber@amberwtorres.com":"User account created successully!"}

2022-03-09 10:34:20 :: {"brenda.morenotorres@exprealty.com":"User account created successully!"}

2022-03-09 10:34:20 :: {"samandi.gonzaleztovar@exprealty.com":"User account created successully!"}

2022-03-09 10:34:20 :: {"marcpaelo.tumamak@exprealty.com":"User account created successully!"}

2022-03-09 10:34:20 :: {"shany.cardenasvaldivia@exprealty.com":"User account created successully!"}

2022-03-09 10:34:20 :: {"andrea.marcumvalentine@exprealty.com":"User account created successully!"}

2022-03-09 10:34:21 :: {"yalilee.cavazosvallejo@exprealty.com":"User account created successully!"}

2022-03-09 10:34:21 :: {"eduardo.perezvargas@exprealty.com":"User account created successully!"}

2022-03-09 10:34:21 :: {"oscar.vasquezvelazquez@exprealty.com":"User account created successully!"}

2022-03-09 10:34:21 :: {"angelica.lopezverduzco@exprealty.com":"User account created successully!"}

2022-03-09 10:34:21 :: {"kelli.navarrovillasana@exprealty.com":"User account created successully!"}

2022-03-09 10:34:21 :: {"luisruperto.vizcarra@exprealty.com":"User account created successully!"}

2022-03-09 10:34:21 :: {"thienbruce.vo@exprealty.com":"User account created successully!"}

2022-03-09 10:34:21 :: {"brittany.brownwade@exprealty.com":"User account created successully!"}

2022-03-09 10:34:21 :: {"sandy.wallace@exprealty.com":"User account created successully!"}

2022-03-09 10:34:21 :: {"george.wang@exprealty.com":"User account created successully!"}

2022-03-09 10:34:21 :: {"lorena.murilloweldon@exprealty.com":"User account created successully!"}

2022-03-09 10:34:21 :: {"t.bailey.white@gmail.com":"User account created successully!"}

2022-03-09 10:34:21 :: {"yolanda.kellywilliams@exprealty.com":"User account created successully!"}

2022-03-09 10:34:22 :: {"robin.thomaswillis@exprealty.com":"User account created successully!"}

2022-03-09 10:34:22 :: {"joel.dewitt@exprealty.com":"User account created successully!"}

2022-03-09 10:34:22 :: {"elaine.makwong@exprealty.com":"User account created successully!"}

2022-03-09 10:34:22 :: {"michelle.ngowong@exprealty.com":"User account created successully!"}

2022-03-09 10:34:25 :: {"brandon.vanwormer@exprealty.com":"User account created successully!"}

2022-03-09 10:34:25 :: {"janpaul.wright@exprealty.com":"User account created successully!"}

2022-03-09 10:34:25 :: {"jeenou.xiong@exprealty.com":"User account created successully!"}

2022-03-09 10:34:25 :: {"sandra.kaoyap@exprealty.com":"User account created successully!"}

2022-03-09 10:34:25 :: {"dennis.ahyo@exprealty.com":"User account created successully!"}

2022-03-09 10:34:26 :: {"jyouproperties@gmail.com":"User account created successully!"}

2022-03-09 10:34:26 :: {"julie@thenumbersagent.com":"User account created successully!"}

2022-03-09 10:34:26 :: {"david.vegazamudio@exprealty.com":"User account created successully!"}

2022-03-09 10:34:26 :: {"carloshoracio.escobaralvillar@exprealty.com":"User account created successully!"}

2022-03-09 10:34:26 :: {"erika.martinezdeamis@exprealty.com":"User account created successully!"}

2022-03-09 10:34:26 :: {"juanaivett.payanarce@exprealty.com":"User account created successully!"}

2022-03-09 10:34:26 :: {"nayra@nsxbrealty.com":"User account created successully!"}

2022-03-09 10:34:26 :: {"sonia.moncayodebankston@exprealty.com":"User account created successully!"}

2022-03-09 10:34:26 :: {"zoraya.delabastida@exprealty.com":"User account created successully!"}

2022-03-09 10:34:26 :: {"sara.darrigrandepbourg@exprealty.com":"User account created successully!"}

2022-03-09 10:34:26 :: {"carlosjonatan.munizcervantes@exprealty.com":"User account created successully!"}

2022-03-09 10:34:27 :: {"mitzi.delacruz@exprealty.com":"User account created successully!"}

2022-03-09 10:34:27 :: {"blanca.lopezdedavis@exprealty.com":"User account created successully!"}

2022-03-09 10:34:27 :: {"antoinette.delaespriella@exprealty.com":"User account created successully!"}

2022-03-09 10:34:27 :: {"luisl.averhoffestopinan@exprealty.com":"User account created successully!"}

2022-03-09 10:34:27 :: {"diego.latorregalvez@exprealty.com":"User account created successully!"}

2022-03-09 10:34:27 :: {"graciela.dealbagarcia@exprealty.com":"User account created successully!"}

2022-03-09 10:34:27 :: {"leeharper.davisgreco@exprealty.com":"User account created successully!"}

2022-03-09 10:34:27 :: {"carl.ho@exprealty.com":"User account created successully!"}

2022-03-09 10:34:27 :: {"mickiechuyen.hung@exprealty.com":"User account created successully!"}

2022-03-09 10:34:27 :: {"normaalicia.navarrojohnson@exprealty.com":"User account created successully!"}

2022-03-09 10:34:27 :: {"olga.andradedelester@exprealty.com":"User account created successully!"}

2022-03-09 10:34:28 :: {"jimhaoyuan.lin@exprealty.com":"User account created successully!"}

2022-03-09 10:34:28 :: {"odzakgoppold@gmail.com":"User account created successully!"}

2022-03-09 10:34:28 :: {"lisa.delaloza@exprealty.com":"User account created successully!"}

2022-03-09 10:34:28 :: {"Carlos.DelHoyoMachado@exprealty.com":"User account created successully!"}

2022-03-09 10:34:28 :: {"doris.mitsuya@exprealty.com":"User account created successully!"}

2022-03-09 10:34:28 :: {"bryanomar.fierrosmurillo@exprealty.com":"User account created successully!"}

2022-03-09 10:34:28 :: {"For.The.Nguyen@exprealty.com":"User account created successully!"}

2022-03-09 10:34:28 :: {"joni.hernandeznolasco@exprealty.com":"User account created successully!"}

2022-03-09 10:34:28 :: {"gonzalo.gonzalezdeorense@exprealty.com":"User account created successully!"}

2022-03-09 10:34:28 :: {"juanantonio.coronelperez@exprealty.com":"User account created successully!"}

2022-03-09 10:34:28 :: {"oscar.delarosa@exprealty.com":"User account created successully!"}

2022-03-09 10:34:28 :: {"mariadelcarmen.solorio@exprealty.com":"User account created successully!"}

2022-03-09 10:34:29 :: {"etienne.nguepifogwapesongtsa@exprealty.com":"User account created successully!"}

2022-03-09 10:34:29 :: {"erick.silveiradesouza@exprealty.com":"User account created successully!"}

2022-03-09 10:34:29 :: {"shuenlaishirley.tang@exprealty.com":"User account created successully!"}

2022-03-09 10:34:29 :: {"elizabeth.delatorre@exprealty.com":"User account created successully!"}

2022-03-09 10:34:30 :: {"joanna.delatorre@exprealty.com":"User account created successully!"}

2022-03-09 10:34:30 :: {"ricardo.delatorre@exprealty.com":"User account created successully!"}

2022-03-09 10:34:30 :: {"erica.fontenot-wilson@exprealty.com":"User account created successully!"}

2022-03-09 10:34:30 :: {"valerie@valeriev.com":"User account created successully!"}

2022-03-09 10:34:31 :: {"tracie.creps@exprealty.com":"User account created successully!"}

2022-03-09 10:34:31 :: {"jon.palacios@exprealty.com":"User account created successully!"}

2022-03-09 10:34:31 :: {"maral.sabounjian@exprealty.com":"User account created successully!"}

2022-03-09 10:34:31 :: {"ryan.green@exprealty.com":"User account created successully!"}

2022-03-09 10:34:31 :: {"gerrysellshomes@gmail.com":"User account created successully!"}

2022-03-09 10:34:31 :: {"jason.plunk@exprealty.com":"User account created successully!"}

2022-03-09 10:34:31 :: {"ramel.vincent@exprealty.com":"User account created successully!"}

2022-03-09 10:34:31 :: {"adele.kim@exprealty.com":"User account created successully!"}

2022-03-09 10:34:31 :: {"antonio.yepez@exprealty.com":"User account created successully!"}

2022-03-09 10:34:31 :: {"jessica.brittsan@exprealty.com":"User account created successully!"}

2022-03-09 10:34:31 :: {"elissa.jackson@exprealty.com":"User account created successully!"}

2022-03-09 10:34:32 :: {"heidi@heidigolff.com":"User account created successully!"}

2022-03-09 10:34:32 :: {"marc.lacorte@exprealty.com":"User account created successully!"}

2022-03-09 10:34:32 :: {"jeff.degray@exprealty.com":"User account created successully!"}

2022-03-09 10:34:32 :: {"kurt.useldinger@exprealty.com":"User account created successully!"}

2022-03-09 10:34:32 :: {"mccarthyteam@exprealty.com":"User account created successully!"}

2022-03-09 10:34:32 :: {"sherri.bouslog@exprealty.com":"User account created successully!"}

2022-03-09 10:34:32 :: {"janine.thomas@exprealty.com":"User account created successully!"}

2022-03-09 10:34:32 :: {"spencer.hsu@exprealty.com":"User account created successully!"}

2022-03-09 10:34:32 :: {"jonathon.collar@exprealty.com":"User account created successully!"}

2022-03-09 10:34:32 :: {"leslie@cruzforhomes.com":"User account created successully!"}

2022-03-09 10:34:32 :: {"amber.ryland@exprealty.com":"User account created successully!"}

2022-03-09 10:34:32 :: {"antoinette.martinez@exprealty.com":"User account created successully!"}

2022-03-09 10:34:33 :: {"rohimah.yousof@exprealty.com":"User account created successully!"}

2022-03-09 10:34:33 :: {"sean.poliseno@exprealty.com":"User account created successully!"}

2022-03-09 10:34:33 :: {"info@EcoSavvyGroup.com":"User account created successully!"}

2022-03-09 10:34:33 :: {"hector.aguilar@exprealty.com":"User account created successully!"}

2022-03-09 10:34:33 :: {"thecantaragroup@gmail.com":"User account created successully!"}

2022-03-09 10:34:33 :: {"santanya.livsey@exprealty.com":"User account created successully!"}

2022-03-09 10:34:33 :: {"bradley.bybee@exprealty.com":"User account created successully!"}

2022-03-09 10:34:33 :: {"lanorealestate@gmail.com":"User account created successully!"}

2022-03-09 10:34:33 :: {"jeremy.higgins@exprealty.com":"User account created successully!"}

2022-03-09 10:34:33 :: {"edward.kaminsky@exprealty.com":"User account created successully!"}

2022-03-09 10:34:33 :: {"alexx.pachon@exprealty.com":"User account created successully!"}

2022-03-09 10:34:33 :: {"heather.skow@exprealty.com":"User account created successully!"}

2022-03-09 10:34:34 :: {"christopher.charman@exprealty.com":"User account created successully!"}

2022-03-09 10:34:34 :: {"aaron.schottelkorb@exprealty.com":"User account created successully!"}

2022-03-09 10:34:34 :: {"michelle.ellis@exprealty.com":"User account created successully!"}

2022-03-09 10:34:34 :: {"siranoush.schiff@exprealty.com":"User account created successully!"}

2022-03-09 10:34:34 :: {"jeffrey.baker@exprealty.com":"User account created successully!"}

2022-03-09 10:34:34 :: {"revital.mendelsohn@exprealty.com":"User account created successully!"}

2022-03-09 10:34:34 :: {"KerryLamRE@Gmail.com":"User account created successully!"}

2022-03-09 10:34:34 :: {"kristjan.higdon@exprealty.com":"User account created successully!"}

2022-03-09 10:34:34 :: {"robert.mitchell@exprealty.com":"User account created successully!"}

2022-03-09 10:34:34 :: {"joan.spicer@exprealty.com":"User account created successully!"}

2022-03-09 10:34:34 :: {"deannasellsre@yahoo.com":"User account created successully!"}

2022-03-09 10:34:34 :: {"danielle.gaines@exprealty.com":"User account created successully!"}

2022-03-09 10:34:35 :: {"angela.andrews@exprealty.com":"User account created successully!"}

2022-03-09 10:34:35 :: {"jeff@kimrealtygroup.com":"User account created successully!"}

2022-03-09 10:34:35 :: {"colleen.wallau@exprealty.com":"User account created successully!"}

2022-03-09 10:34:35 :: {"don.sutton@exprealty.com":"User account created successully!"}

2022-03-09 10:34:35 :: {"csaba.csukas@exprealty.com":"User account created successully!"}

2022-03-09 10:34:35 :: {"lisa.lampert@exprealty.com":"User account created successully!"}

2022-03-09 10:34:35 :: {"catherine.palpallatoc@exprealty.com":"User account created successully!"}

2022-03-09 10:34:35 :: {"wendy.napolitan@exprealty.com":"User account created successully!"}

2022-03-09 10:34:35 :: {"diana.lytal@exprealty.com":"User account created successully!"}

2022-03-09 10:34:35 :: {"deborah.norr@exprealty.com":"User account created successully!"}

2022-03-09 10:34:35 :: {"arash.khalatbari@exprealty.com":"User account created successully!"}

2022-03-09 10:34:35 :: {"ruby@rubyraymond.com":"User account created successully!"}

2022-03-09 10:34:36 :: {"norma.arguello@exprealty.com":"User account created successully!"}

2022-03-09 10:34:36 :: {"anthony.nitz@exprealty.com":"User account created successully!"}

2022-03-09 10:34:36 :: {"jo.sanchez@exprealty.com":"User account created successully!"}

2022-03-09 10:34:36 :: {"tyler.bernetskie@exprealty.com":"User account created successully!"}

2022-03-09 10:34:36 :: {"karen.gardner@exprealty.com":"User account created successully!"}

2022-03-09 10:34:36 :: {"roxy.lambert@exprealty.com":"User account created successully!"}

2022-03-09 10:34:36 :: {"jason.chan@exprealty.com":"User account created successully!"}

2022-03-09 10:34:36 :: {"karen.barnett@exprealty.com":"User account created successully!"}

2022-03-09 10:34:36 :: {"Cathy@CathyRabago.com":"User account created successully!"}

2022-03-09 10:34:36 :: {"BrittinghamHomes@gmail.com":"User account created successully!"}

2022-03-09 10:34:36 :: {"mike@themorateam.com":"User account created successully!"}

2022-03-09 10:34:36 :: {"aaron.klapper@exprealty.com":"User account created successully!"}

2022-03-09 10:34:37 :: {"lorelei.mangan@exprealty.com":"User account created successully!"}

2022-03-09 10:34:37 :: {"lynne.pope@exprealty.com":"User account created successully!"}

2022-03-09 10:34:37 :: {"cindi@cockrillandassociates.com":"User account created successully!"}

2022-03-09 10:34:37 :: {"derek.betyar@exprealty.com":"User account created successully!"}

2022-03-09 10:34:37 :: {"nannarie.chaikumnerd@exprealty.com":"User account created successully!"}

2022-03-09 10:34:37 :: {"elgin.walker@exprealty.com":"User account created successully!"}

2022-03-09 10:34:37 :: {"tracy.eriks@exprealty.com":"User account created successully!"}

2022-03-09 10:34:37 :: {"robert.blackwell@exprealty.com":"User account created successully!"}

2022-03-09 10:34:37 :: {"donald.mandy@exprealty.com":"User account created successully!"}

2022-03-09 10:34:37 :: {"suzanne.ash@exprealty.com":"User account created successully!"}

2022-03-09 10:34:37 :: {"john.berto@exprealty.com":"User account created successully!"}

2022-03-09 10:34:38 :: {"Norm.Barnard@exprealty.com":"User account created successully!"}

2022-03-09 10:34:38 :: {"david.gwilt@exprealty.com":"User account created successully!"}

2022-03-09 10:34:38 :: {"april.garcia@exprealty.com":"User account created successully!"}

2022-03-09 10:34:38 :: {"yourresidentialspecialist@gmail.com":"User account created successully!"}

2022-03-09 10:34:38 :: {"hetal.patel@exprealty.com":"User account created successully!"}

2022-03-09 10:34:38 :: {"sandina.tanasa@exprealty.com":"User account created successully!"}

2022-03-09 10:34:38 :: {"kelvin@verrett4homes.com":"User account created successully!"}

2022-03-09 10:34:38 :: {"kari.wahl@exprealty.com":"User account created successully!"}

2022-03-09 10:34:38 :: {"anne.schumacher@exprealty.com":"User account created successully!"}

2022-03-09 10:34:38 :: {"Mike@TeamStearns.com":"User account created successully!"}

2022-03-09 10:34:38 :: {"yogini.patel@exprealty.com":"User account created successully!"}

2022-03-09 10:34:38 :: {"allisonkawano@gmail.com":"User account created successully!"}

2022-03-09 10:34:39 :: {"chris.vogt@exprealty.com":"User account created successully!"}

2022-03-09 10:34:39 :: {"kokologiannakis@exprealty.com":"User account created successully!"}

2022-03-09 10:34:39 :: {"lina.williams@exprealty.com":"User account created successully!"}

2022-03-09 10:34:39 :: {"tricia.elliott@exprealty.com":"User account created successully!"}

2022-03-09 10:34:39 :: {"brian.ostrovski@exprealty.com":"User account created successully!"}

2022-03-09 10:34:39 :: {"nicholas.iannitti@exprealty.com":"User account created successully!"}

2022-03-09 10:34:39 :: {"cecilia.preza@exprealty.com":"User account created successully!"}

2022-03-09 10:34:39 :: {"tim.fiebig@exprealty.com":"User account created successully!"}

2022-03-09 10:34:39 :: {"tao4realestate@gmail.com":"User account created successully!"}

2022-03-09 10:34:39 :: {"christopher.andries@exprealty.com":"User account created successully!"}

2022-03-09 10:34:39 :: {"jeff.petaja@exprealty.com":"User account created successully!"}

2022-03-09 10:34:39 :: {"jose.diaz@exprealty.com":"User account created successully!"}

2022-03-09 10:34:39 :: {"goamyimhoff@fastagents.com":"User account created successully!"}

2022-03-09 10:34:40 :: {"kevin.shupe@exprealty.com":"User account created successully!"}

2022-03-09 10:34:40 :: {"michael.shmaeff@exprealty.com":"User account created successully!"}

2022-03-09 10:34:40 :: {"judyadamsre@gmail.com":"User account created successully!"}

2022-03-09 10:34:40 :: {"rockie.cooper@exprealty.com":"User account created successully!"}

2022-03-09 10:34:40 :: {"timothy.plummer@exprealty.com":"User account created successully!"}

2022-03-09 10:34:40 :: {"andre.tenthorey@exprealty.com":"User account created successully!"}

2022-03-09 10:34:40 :: {"caryn.isom@exprealty.com":"User account created successully!"}

2022-03-09 10:34:40 :: {"roger.tan@exprealty.com":"User account created successully!"}

2022-03-09 10:34:40 :: {"Pablo.Chavero@exprealty.com":"User account created successully!"}

2022-03-09 10:34:40 :: {"mark@buildrealestategroup.com":"User account created successully!"}

2022-03-09 10:34:40 :: {"ana.salazar@exprealty.com":"User account created successully!"}

2022-03-09 10:34:40 :: {"darren.peralta@exprealty.com":"User account created successully!"}

2022-03-09 10:34:41 :: {"gina.rodriguez@exprealty.com":"User account created successully!"}

2022-03-09 10:34:41 :: {"Adam@AdamLeisle.com":"User account created successully!"}

2022-03-09 10:34:41 :: {"kylee.burton@exprealty.com":"User account created successully!"}

2022-03-09 10:34:41 :: {"barbara.mcanallen@exprealty.com":"User account created successully!"}

2022-03-09 10:34:41 :: {"shaun.phillips@exprealty.com":"User account created successully!"}

2022-03-09 10:34:41 :: {"jamie.pierce@exprealty.com":"User account created successully!"}

2022-03-09 10:34:41 :: {"jorge.vega@exprealty.com":"User account created successully!"}

2022-03-09 10:34:41 :: {"estela.acevedo@exprealty.com":"User account created successully!"}

2022-03-09 10:34:41 :: {"tracee.denby@exprealty.com":"User account created successully!"}

2022-03-09 10:34:41 :: {"juliefulcher2012@gmail.com":"User account created successully!"}

2022-03-09 10:34:41 :: {"youragentmike@siskiyourealtor.com":"User account created successully!"}

2022-03-09 10:34:41 :: {"jesse.reyes@exprealty.com":"User account created successully!"}

2022-03-09 10:34:42 :: {"shari@sharisilva.com":"User account created successully!"}

2022-03-09 10:34:42 :: {"thomas.bland@exprealty.com":"User account created successully!"}

2022-03-09 10:34:42 :: {"dionne.luna@exprealty.com":"User account created successully!"}

2022-03-09 10:34:42 :: {"sean@seanramsey.com":"User account created successully!"}

2022-03-09 10:34:42 :: {"dallas.aimer@exprealty.com":"User account created successully!"}

2022-03-09 10:34:42 :: {"terri.townzen@exprealty.com":"User account created successully!"}

2022-03-09 10:34:42 :: {"jon.pugh@exprealty.com":"User account created successully!"}

2022-03-09 10:34:45 :: {"eileenlirealtor@gmail.com":"User account created successully!"}

2022-03-09 10:34:45 :: {"jennifer.yager@exprealty.com":"User account created successully!"}

2022-03-09 10:34:45 :: {"derek@dereksellshomes.com":"User account created successully!"}

2022-03-09 10:34:45 :: {"Lori@CollinsRealty.realtor":"User account created successully!"}

2022-03-09 10:34:45 :: {"kevin.kujawa@exprealty.com":"User account created successully!"}

2022-03-09 10:34:45 :: {"shanna.mooney@exprealty.com":"User account created successully!"}

2022-03-09 10:34:45 :: {"derek.jones@exprealty.com":"User account created successully!"}

2022-03-09 10:34:45 :: {"norine.moore@exprealty.com":"User account created successully!"}

2022-03-09 10:34:46 :: {"info@avRobert.com":"User account created successully!"}

2022-03-09 10:34:46 :: {"patricia.garcia@exprealty.com":"User account created successully!"}

2022-03-09 10:34:46 :: {"jennifer.mendoza@exprealty.com":"User account created successully!"}

2022-03-09 10:34:46 :: {"gary.liu@exprealty.com":"User account created successully!"}

2022-03-09 10:34:46 :: {"tiffani.delph@exprealty.com":"User account created successully!"}

2022-03-09 10:34:46 :: {"frank.vi@exprealty.com":"User account created successully!"}

2022-03-09 10:34:46 :: {"stephanie.miscikowski@exprealty.com":"User account created successully!"}

2022-03-09 10:34:46 :: {"RealtorA4ns@yahoo.com":"User account created successully!"}

2022-03-09 10:34:46 :: {"alyssa.stalker@exprealty.com":"User account created successully!"}

2022-03-09 10:34:46 :: {"lorie.domingo@exprealty.com":"User account created successully!"}

2022-03-09 10:34:46 :: {"derek.langfield@exprealty.com":"User account created successully!"}

2022-03-09 10:34:46 :: {"tom@caskeyteam.com":"User account created successully!"}

2022-03-09 10:34:46 :: {"elizabeth.makwara@exprealty.com":"User account created successully!"}

2022-03-09 10:34:47 :: {"andy.taylor@exprealty.com":"User account created successully!"}

2022-03-09 10:34:47 :: {"lucy.ramos@exprealty.com":"User account created successully!"}

2022-03-09 10:34:47 :: {"eric.haya@exprealty.com":"User account created successully!"}

2022-03-09 10:34:47 :: {"laura.hollister@exprealty.com":"User account created successully!"}

2022-03-09 10:34:47 :: {"arna.freedman@exprealty.com":"User account created successully!"}

2022-03-09 10:34:47 :: {"angela.leung@exprealty.com":"User account created successully!"}

2022-03-09 10:34:47 :: {"alba.cole@exprealty.com":"User account created successully!"}

2022-03-09 10:34:47 :: {"realtorleanneridley@gmail.com":"User account created successully!"}

2022-03-09 10:34:47 :: {"brandi.pratt@brandiprattrealestate.com":"User account created successully!"}

2022-03-09 10:34:47 :: {"renee@bestLAliving.com":"User account created successully!"}

2022-03-09 10:34:47 :: {"cindy.gutierrez@exprealty.com":"User account created successully!"}

2022-03-09 10:34:47 :: {"eileen.oreilly@exprealty.com":"User account created successully!"}

2022-03-09 10:34:48 :: {"stephanie.lynn.rarick@gmail.com":"User account created successully!"}

2022-03-09 10:34:48 :: {"james.guido@exprealty.com":"User account created successully!"}

2022-03-09 10:34:48 :: {"keith.rushing@exprealty.com":"User account created successully!"}

2022-03-09 10:34:48 :: {"jill.denton@exprealty.com":"User account created successully!"}

2022-03-09 10:34:48 :: {"sherry.ronald@exprealty.com":"User account created successully!"}

2022-03-09 10:34:48 :: {"torben.yjord-jackson@exprealty.com":"User account created successully!"}

2022-03-09 10:34:48 :: {"david.oleary@exprealty.com":"User account created successully!"}

2022-03-09 10:34:48 :: {"josh.ponce@exprealty.com":"User account created successully!"}

2022-03-09 10:34:48 :: {"rachel.harper@exprealty.com":"User account created successully!"}

2022-03-09 10:34:48 :: {"willow.weil@exprealty.com":"User account created successully!"}

2022-03-09 10:34:48 :: {"alimon.williams@exprealty.com":"User account created successully!"}

2022-03-09 10:34:48 :: {"amir.dehlan@exprealty.com":"User account created successully!"}

2022-03-09 10:34:48 :: {"malena.boetel@exprealty.com":"User account created successully!"}

2022-03-09 10:34:49 :: {"jay@bondreg.com":"User account created successully!"}

2022-03-09 10:34:49 :: {"ron.queensbury@exprealty.com":"User account created successully!"}

2022-03-09 10:34:49 :: {"bryan.falzetti@exprealty.com":"User account created successully!"}

2022-03-09 10:34:49 :: {"lerin.neill@exprealty.com":"User account created successully!"}

2022-03-09 10:34:49 :: {"shelly.shi@exprealty.com":"User account created successully!"}

2022-03-09 10:34:49 :: {"Lisa.Quaschnick@exprealty.com":"User account created successully!"}

2022-03-09 10:34:49 :: {"jacqueline.valenzuela@exprealty.com":"User account created successully!"}

2022-03-09 10:34:49 :: {"frankie.rositas@exprealty.com":"User account created successully!"}

2022-03-09 10:34:49 :: {"constance.malupande@exprealty.com":"User account created successully!"}

2022-03-09 10:34:49 :: {"tyson.lundquist@exprealty.com":"User account created successully!"}

2022-03-09 10:34:49 :: {"reina.soto@exprealty.com":"User account created successully!"}

2022-03-09 10:34:49 :: {"alanna@alannarealty.com":"User account created successully!"}

2022-03-09 10:34:50 :: {"jj.engberg@exprealty.com":"User account created successully!"}

2022-03-09 10:34:50 :: {"lucas.isumi@exprealty.com":"User account created successully!"}

2022-03-09 10:34:50 :: {"dezman.beasley@exprealty.com":"User account created successully!"}

2022-03-09 10:34:50 :: {"bradford.sanborn@exprealty.com":"User account created successully!"}

2022-03-09 10:34:50 :: {"lisa.costantinidis-bognuda@exprealty.com":"User account created successully!"}

2022-03-09 10:34:50 :: {"jackie.pendleton@exprealty.com":"User account created successully!"}

2022-03-09 10:34:50 :: {"Ward@YourTrustedExperts.com":"User account created successully!"}

2022-03-09 10:34:50 :: {"patricia.short@exprealty.com":"User account created successully!"}

2022-03-09 10:34:51 :: {"vicenta.hernandez@exprealty.com":"User account created successully!"}

2022-03-09 10:34:52 :: {"Jp@joseperezandassociates.com":"User account created successully!"}

2022-03-09 10:34:53 :: {"jackie.lee@exprealty.com":"User account created successully!"}

2022-03-09 10:34:53 :: {"mark.martinez@exprealty.com":"User account created successully!"}

2022-03-09 10:34:53 :: {"giovanni.castilhos@exprealty.com":"User account created successully!"}

2022-03-09 10:34:53 :: {"michelesamples79@gamil.com":"User account created successully!"}

2022-03-09 10:34:53 :: {"samuel.rodriguez@exprealty.com":"User account created successully!"}

2022-03-09 10:34:53 :: {"richard.smart@exprealty.com":"User account created successully!"}

2022-03-09 10:34:53 :: {"Lisa@Your805Realtor.com":"User account created successully!"}

2022-03-09 10:34:53 :: {"jeffrey.dejesus@exprealty.com":"User account created successully!"}

2022-03-09 10:34:53 :: {"felicia.nevin@exprealty.com":"User account created successully!"}

2022-03-09 10:34:53 :: {"kevin.cooper@exprealty.com":"User account created successully!"}

2022-03-09 10:34:54 :: {"venny.saucedo@exprealty.com":"User account created successully!"}

2022-03-09 10:34:54 :: {"david@david-acosta.com":"User account created successully!"}

2022-03-09 10:34:54 :: {"eduardo.lara@exprealty.com":"User account created successully!"}

2022-03-09 10:34:54 :: {"laura.rothgery@yahoo.com":"User account created successully!"}

2022-03-09 10:34:54 :: {"lakota.verberne@exprealty.com":"User account created successully!"}

2022-03-09 10:34:54 :: {"benny.iglesias@exprealty.com":"User account created successully!"}

2022-03-09 10:34:54 :: {"sam.rodriguez@exprealty.com":"User account created successully!"}

2022-03-09 10:34:54 :: {"irfan.rizvi@exprealty.com":"User account created successully!"}

2022-03-09 10:34:54 :: {"denise.hicks@exprealty.com":"User account created successully!"}

2022-03-09 10:34:54 :: {"frank.cancilla@exprealty.com":"User account created successully!"}

2022-03-09 10:34:54 :: {"tennley.taylor@exprealty.com":"User account created successully!"}

2022-03-09 10:34:54 :: {"randall.belk@exprealty.com":"User account created successully!"}

2022-03-09 10:34:55 :: {"homeswithphan@gmail.com":"User account created successully!"}

2022-03-09 10:34:55 :: {"justin.d.cooper@exprealty.com":"User account created successully!"}

2022-03-09 10:34:55 :: {"dan.bonfiglio@exprealty.com":"User account created successully!"}

2022-03-09 10:34:55 :: {"lauraproperties72@gmail.com":"User account created successully!"}

2022-03-09 10:34:55 :: {"quentin.wells@exprealty.com":"User account created successully!"}

2022-03-09 10:34:55 :: {"ivette.gonzaga@exprealty.com":"User account created successully!"}

2022-03-09 10:34:55 :: {"sandra.mann@exprealty.com":"User account created successully!"}

2022-03-09 10:34:55 :: {"chantay.clark-bridges@exprealty.com":"User account created successully!"}

2022-03-09 10:34:55 :: {"gil.herrera@exprealty.com":"User account created successully!"}

2022-03-09 10:34:55 :: {"jnewgren@gmail.com":"User account created successully!"}

2022-03-09 10:34:55 :: {"veronica.pulido@exprealty.com":"User account created successully!"}

2022-03-09 10:34:55 :: {"phillip.greenberg@exprealty.com":"User account created successully!"}

2022-03-09 10:34:55 :: {"mardin.amiri@exprealty.com":"User account created successully!"}

2022-03-09 10:34:55 :: {"douglas.juenke@exprealty.com":"User account created successully!"}

2022-03-09 10:34:56 :: {"Federico@TheSalvatoriGroup.com":"User account created successully!"}

2022-03-09 10:34:56 :: {"dan@myhomesd.com":"User account created successully!"}

2022-03-09 10:34:56 :: {"carlos.d.contreras@exprealty.com":"User account created successully!"}

2022-03-09 10:34:56 :: {"sales@MonroeHerington.com":"User account created successully!"}

2022-03-09 10:34:56 :: {"missy.taylor@exprealty.com":"User account created successully!"}

2022-03-09 10:34:56 :: {"shayla.pinther@exprealty.com":"User account created successully!"}

2022-03-09 10:34:56 :: {"yuri.ramirez@exprealty.com":"User account created successully!"}

2022-03-09 10:34:56 :: {"colette.johnson@exprealty.com":"User account created successully!"}

2022-03-09 10:34:56 :: {"lauren.johnson@exprealty.com":"User account created successully!"}

2022-03-09 10:34:56 :: {"stephanie@garvey.group":"User account created successully!"}

2022-03-09 10:34:56 :: {"deric.rangell@exprealty.com":"User account created successully!"}

2022-03-09 10:34:56 :: {"danise.jurado@exprealty.com":"User account created successully!"}

2022-03-09 10:34:56 :: {"elvira.macias@exprealty.com":"User account created successully!"}

2022-03-09 10:34:57 :: {"cathy.ryan@exprealty.com":"User account created successully!"}

2022-03-09 10:34:57 :: {"laszlo.betyar@exprealty.com":"User account created successully!"}

2022-03-09 10:34:57 :: {"gary.cook@exprealty.com":"User account created successully!"}

2022-03-09 10:34:57 :: {"jo.ross@exprealty.com":"User account created successully!"}

2022-03-09 10:34:57 :: {"john@StarkGroupRE.com":"User account created successully!"}

2022-03-09 10:34:57 :: {"andy@nazaroff.com":"User account created successully!"}

2022-03-09 10:34:57 :: {"lynnette.jaiswal@exprealty.com":"User account created successully!"}

2022-03-09 10:34:57 :: {"brandee.ambrosia@exprealty.com":"User account created successully!"}

2022-03-09 10:34:57 :: {"Susan@TheGriegoTeam.com":"User account created successully!"}

2022-03-09 10:34:57 :: {"amy.lin@exprealty.com":"User account created successully!"}

2022-03-09 10:34:57 :: {"michael.plummer@exprealty.com":"User account created successully!"}

2022-03-09 10:34:57 :: {"kevin.franks@exprealty.com":"User account created successully!"}

2022-03-09 10:34:58 :: {"alex@alexdyer.com":"User account created successully!"}

2022-03-09 10:34:58 :: {"adonis.curammeng@exprealty.com":"User account created successully!"}

2022-03-09 10:34:58 :: {"angeli.ho@exprealty.com":"User account created successully!"}

2022-03-09 10:34:59 :: {"jonathan.rilea@exprealty.com":"User account created successully!"}

2022-03-09 10:34:59 :: {"Kelly@KellyJonesRealEstate.com":"User account created successully!"}

2022-03-09 10:34:59 :: {"ute.ferdig@exprealty.com":"User account created successully!"}

2022-03-09 10:34:59 :: {"deb.tobinski@exprealty.com":"User account created successully!"}

2022-03-09 10:34:59 :: {"david.sirsi@exprealty.com":"User account created successully!"}

2022-03-09 10:34:59 :: {"shirlyn.skarragallagher@exprealty.com":"User account created successully!"}

2022-03-09 10:34:59 :: {"brianne@wandgrealestate.com":"User account created successully!"}

2022-03-09 10:34:59 :: {"horace.chavez@exprealty.com":"User account created successully!"}

2022-03-09 10:34:59 :: {"Jorge.Ledesma@exprealty.com":"User account created successully!"}

2022-03-09 10:34:59 :: {"stephen@diaz.properties":"User account created successully!"}

2022-03-09 10:34:59 :: {"karen.benefield@exprealty.com":"User account created successully!"}

2022-03-09 10:34:59 :: {"sergio.franco@exprealty.com":"User account created successully!"}

2022-03-09 10:35:00 :: {"homesbyarielle@yahoo.com":"User account created successully!"}

2022-03-09 10:35:00 :: {"jason.saks@exprealty.com":"User account created successully!"}

2022-03-09 10:35:00 :: {"quiana.starr@exprealty.com":"User account created successully!"}

2022-03-09 10:35:00 :: {"craig.holmes@exprealty.com":"User account created successully!"}

2022-03-09 10:35:00 :: {"janicehomes@gmail.com":"User account created successully!"}

2022-03-09 10:35:00 :: {"sue.forbes@exprealty.com":"User account created successully!"}

2022-03-09 10:35:00 :: {"jovanah@tahoeprime.com":"User account created successully!"}

2022-03-09 10:35:00 :: {"jesse.martin@exprealty.com":"User account created successully!"}

2022-03-09 10:35:00 :: {"souzagroup@exprealty.com":"User account created successully!"}

2022-03-09 10:35:00 :: {"randy.collins@exprealty.com":"User account created successully!"}

2022-03-09 10:35:00 :: {"steven.johnson@exprealty.com":"User account created successully!"}

2022-03-09 10:35:00 :: {"maxine.demiguel@exprealty.com":"User account created successully!"}

2022-03-09 10:35:01 :: {"darlene.lopez@exprealty.com":"User account created successully!"}

2022-03-09 10:35:01 :: {"chela.terry@exprealty.com":"User account created successully!"}

2022-03-09 10:35:01 :: {"quinn.brown@exprealty.com":"User account created successully!"}

2022-03-09 10:35:01 :: {"AmericanDream@amberphillipsrealtor.com":"User account created successully!"}

2022-03-09 10:35:01 :: {"isaias.baeza@exprealty.com":"User account created successully!"}

2022-03-09 10:35:01 :: {"Christine@KeyswithChristine.com":"User account created successully!"}

2022-03-09 10:35:01 :: {"roberto.martinez@exprealty.com":"User account created successully!"}

2022-03-09 10:35:01 :: {"cozzie.anderson@exprealty.com":"User account created successully!"}

2022-03-09 10:35:01 :: {"lori.cagle@exprealty.com":"User account created successully!"}

2022-03-09 10:35:01 :: {"jeric.leviste@exprealty.com":"User account created successully!"}

2022-03-09 10:35:02 :: {"hilary@hilaryblaha.com":"User account created successully!"}

2022-03-09 10:35:02 :: {"jared.soares@exprealty.com":"User account created successully!"}

2022-03-09 10:35:02 :: {"abril.mardueno@exprealty.com":"User account created successully!"}

2022-03-09 10:35:02 :: {"piper.moretti@exprealty.com":"User account created successully!"}

2022-03-09 10:35:02 :: {"christal.doyle@exprealty.com":"User account created successully!"}

2022-03-09 10:35:02 :: {"nena.hill@exprealty.com":"User account created successully!"}

2022-03-09 10:35:02 :: {"tracy.d.johnson@exprealty.com":"User account created successully!"}

2022-03-09 10:35:02 :: {"mark.gresham@exprealty.com":"User account created successully!"}

2022-03-09 10:35:02 :: {"kevin.roger@exprealty.com":"User account created successully!"}

2022-03-09 10:35:03 :: {"judy.lee@exprealty.com":"User account created successully!"}

2022-03-09 10:35:03 :: {"tina.broyles@exprealty.com":"User account created successully!"}

2022-03-09 10:35:03 :: {"sherie.howard@exprealty.com":"User account created successully!"}

2022-03-09 10:35:03 :: {"amir.amiri@exprealty.com":"User account created successully!"}

2022-03-09 10:35:05 :: {"eric.hass@exprealty.com":"User account created successully!"}

2022-03-09 10:35:05 :: {"gigi.karavas@exprealty.com":"User account created successully!"}

2022-03-09 10:35:05 :: {"kevin.scott@exprealty.com":"User account created successully!"}

2022-03-09 10:35:06 :: {"Hello@MaryParas.com":"User account created successully!"}

2022-03-09 10:35:06 :: {"peter.engelmaier@exprealty.com":"User account created successully!"}

2022-03-09 10:35:06 :: {"ameer.elahee@exprealty.com":"User account created successully!"}

2022-03-09 10:35:06 :: {"kristen.sanchez@exprealty.com":"User account created successully!"}

2022-03-09 10:35:06 :: {"dylan.anderson@exprealty.com":"User account created successully!"}

2022-03-09 10:35:06 :: {"matthew.battiata@exprealty.com":"User account created successully!"}

2022-03-09 10:35:06 :: {"tiphani.smith@exprealty.com":"User account created successully!"}

2022-03-09 10:35:06 :: {"rachel.nobles@exprealty.com":"User account created successully!"}

2022-03-09 10:35:06 :: {"mitchell.kornfield@exprealty.com":"User account created successully!"}

2022-03-09 10:35:06 :: {"leslie.ary@exprealty.com":"User account created successully!"}

2022-03-09 10:35:06 :: {"irina.hill@exprealty.com":"User account created successully!"}

2022-03-09 10:35:06 :: {"martha.torkington@exprealty.com":"User account created successully!"}

2022-03-09 10:35:07 :: {"michael.cabras@exprealty.com":"User account created successully!"}

2022-03-09 10:35:07 :: {"george.rhoderick@exprealty.com":"User account created successully!"}

2022-03-09 10:35:07 :: {"david.english@exprealty.com":"User account created successully!"}

2022-03-09 10:35:07 :: {"enrique.diaz@exprealty.com":"User account created successully!"}

2022-03-09 10:35:07 :: {"carver6183@aol.com":"User account created successully!"}

2022-03-09 10:35:07 :: {"bobby@moveupsandiego.com":"User account created successully!"}

2022-03-09 10:35:07 :: {"terry.barrett@exprealty.com":"User account created successully!"}

2022-03-09 10:35:07 :: {"stephen.poletti@exprealty.com":"User account created successully!"}

2022-03-09 10:35:07 :: {"david.hairston@exprealty.com":"User account created successully!"}

2022-03-09 10:35:07 :: {"joseph.farkas@exprealty.com":"User account created successully!"}

2022-03-09 10:35:07 :: {"michelle.esquivel@exprealty.com":"User account created successully!"}

2022-03-09 10:35:07 :: {"terry.jensen@exprealty.com":"User account created successully!"}

2022-03-09 10:35:08 :: {"Katie@katieluther.com":"User account created successully!"}

2022-03-09 10:35:08 :: {"storai.jalal@exprealty.com":"User account created successully!"}

2022-03-09 10:35:08 :: {"ana.champion@exprealty.com":"User account created successully!"}

2022-03-09 10:35:08 :: {"donna.foster@exprealty.com":"User account created successully!"}

2022-03-09 10:35:08 :: {"yehuda.riess@exprealty.com":"User account created successully!"}

2022-03-09 10:35:08 :: {"cynthia.diaz@exprealty.com":"User account created successully!"}

2022-03-09 10:35:08 :: {"harold.stephens01@gmail.com":"User account created successully!"}

2022-03-09 10:35:08 :: {"Malia.martin@exprealty.com":"User account created successully!"}

2022-03-09 10:35:08 :: {"dennis.amick@exprealty.com":"User account created successully!"}

2022-03-09 10:35:08 :: {"summer.phillips@exprealty.com":"User account created successully!"}

2022-03-09 10:35:08 :: {"theagentyoutrust@gmail.com":"User account created successully!"}

2022-03-09 10:35:08 :: {"donna.chan@exprealty.com":"User account created successully!"}

2022-03-09 10:35:08 :: {"ajay.k.sharma@exprealty.com":"User account created successully!"}

2022-03-09 10:35:09 :: {"christina.pineda@exprealty.com":"User account created successully!"}

2022-03-09 10:35:09 :: {"joy.mahrle@exprealty.com":"User account created successully!"}

2022-03-09 10:35:09 :: {"cchadwick813@gmail.com":"User account created successully!"}

2022-03-09 10:35:09 :: {"greg.alkema@exprealty.com":"User account created successully!"}

2022-03-09 10:35:09 :: {"jeff.taylor@exprealty.com":"User account created successully!"}

2022-03-09 10:35:09 :: {"kendra.knisley@exprealty.com":"User account created successully!"}

2022-03-09 10:35:09 :: {"melvin.burrell@exprealty.com":"User account created successully!"}

2022-03-09 10:35:09 :: {"shannon.trudell@exprealty.com":"User account created successully!"}

2022-03-09 10:35:09 :: {"john.mcwhorter@exprealty.com":"User account created successully!"}

2022-03-09 10:35:09 :: {"alida.chagolla@exprealty.com":"User account created successully!"}

2022-03-09 10:35:09 :: {"ksnyder@fresyes.com":"User account created successully!"}

2022-03-09 10:35:09 :: {"janette.skinner@exprealty.com":"User account created successully!"}

2022-03-09 10:35:10 :: {"jordan.collins@exprealty.com":"User account created successully!"}

2022-03-09 10:35:10 :: {"regina.gradys@exprealty.com":"User account created successully!"}

2022-03-09 10:35:10 :: {"Justin@TeamCapizzi.com":"User account created successully!"}

2022-03-09 10:35:10 :: {"vicky.campos@exprealty.com":"User account created successully!"}

2022-03-09 10:35:10 :: {"homes@jackicampbell.com":"User account created successully!"}

2022-03-09 10:35:10 :: {"lani.parker@exprealty.com":"User account created successully!"}

2022-03-09 10:35:10 :: {"ryan.williams@exprealty.com":"User account created successully!"}

2022-03-09 10:35:10 :: {"cheryl.torosian@exprealty.com":"User account created successully!"}

2022-03-09 10:35:10 :: {"Audra@TeamCapizzi.com":"User account created successully!"}

2022-03-09 10:35:10 :: {"matthew.ma@exprealty.com":"User account created successully!"}

2022-03-09 10:35:10 :: {"nina@ninagrayson.com":"User account created successully!"}

2022-03-09 10:35:10 :: {"marie.wallace@exprealty.com":"User account created successully!"}

2022-03-09 10:35:11 :: {"elida.franco@exprealty.com":"User account created successully!"}

2022-03-09 10:35:11 :: {"gary.hunter@exprealty.com":"User account created successully!"}

2022-03-09 10:35:11 :: {"nick.bonham@exprealty.com":"User account created successully!"}

2022-03-09 10:35:11 :: {"june.kausler@exprealty.com":"User account created successully!"}

2022-03-09 10:35:11 :: {"socalmocha@gmail.com":"User account created successully!"}

2022-03-09 10:35:11 :: {"carey.brower@exprealty.com":"User account created successully!"}

2022-03-09 10:35:11 :: {"cooper@theagentcooper.com":"User account created successully!"}

2022-03-09 10:35:11 :: {"debra.pellum@exprealty.com":"User account created successully!"}

2022-03-09 10:35:11 :: {"marshall.shen@exprealty.com":"User account created successully!"}

2022-03-09 10:35:11 :: {"amy.warner@exprealty.com":"User account created successully!"}

2022-03-09 10:35:11 :: {"anastasia.hunter@exprealty.com":"User account created successully!"}

2022-03-09 10:35:11 :: {"lehmannmary@hotmail.com":"User account created successully!"}

2022-03-09 10:35:12 :: {"ernest.salinas@exprealty.com":"User account created successully!"}

2022-03-09 10:35:12 :: {"lorri.holt-cutler@exprealty.com":"User account created successully!"}

2022-03-09 10:35:12 :: {"jack.firenze-tessendorff@exprealty.com":"User account created successully!"}

2022-03-09 10:35:12 :: {"Scott@ScottJackson.com":"User account created successully!"}

2022-03-09 10:35:12 :: {"alexis.stuart@exprealty.com":"User account created successully!"}

2022-03-09 10:35:12 :: {"tiffany.mcguckin@exprealty.com":"User account created successully!"}

2022-03-09 10:35:12 :: {"jaztrealty@gmail.com":"User account created successully!"}

2022-03-09 10:35:12 :: {"michael.aronski@exprealty.com":"User account created successully!"}

2022-03-09 10:35:12 :: {"forever8realestate@gmail.com":"User account created successully!"}

2022-03-09 10:35:12 :: {"alex@peteknowsrealestate.com":"User account created successully!"}

2022-03-09 10:35:12 :: {"david.visconti@exprealty.com":"User account created successully!"}

2022-03-09 10:35:12 :: {"yvonne.sucich@exprealty.com":"User account created successully!"}

2022-03-09 10:35:13 :: {"barry.mathis@exprealty.com":"User account created successully!"}

2022-03-09 10:35:13 :: {"laural46@hotmail.com":"User account created successully!"}

2022-03-09 10:35:13 :: {"robert.latham@exprealty.com":"User account created successully!"}

2022-03-09 10:35:13 :: {"crystal.j.williams@gmail.com":"User account created successully!"}

2022-03-09 10:35:14 :: {"anthony.wheaton@exprealty.com":"User account created successully!"}

2022-03-09 10:35:14 :: {"tracy.tofte@exprealty.com":"User account created successully!"}

2022-03-09 10:35:14 :: {"kevin.walker@exprealty.com":"User account created successully!"}

2022-03-09 10:35:14 :: {"holly.nutt@exprealty.com":"User account created successully!"}

2022-03-09 10:35:14 :: {"melvina.fredson-cole@exprealty.com":"User account created successully!"}

2022-03-09 10:35:14 :: {"diana.cochrane@exprealty.com":"User account created successully!"}

2022-03-09 10:35:14 :: {"joan.hollingsworth@exprealty.com":"User account created successully!"}

2022-03-09 10:35:14 :: {"alicia.wright@exprealty.com":"User account created successully!"}

2022-03-09 10:35:14 :: {"patrick.hicks@exprealty.com":"User account created successully!"}

2022-03-09 10:35:14 :: {"natalie.bergman@exprealty.com":"User account created successully!"}

2022-03-09 10:35:15 :: {"alexandra.miklosova@exprealty.com":"User account created successully!"}

2022-03-09 10:35:15 :: {"yolanda.cruz@exprealty.com":"User account created successully!"}

2022-03-09 10:35:15 :: {"david.silva@exprealty.com":"User account created successully!"}

2022-03-09 10:35:15 :: {"debra.demos@exprealty.com":"User account created successully!"}

2022-03-09 10:35:15 :: {"todd.martincello@exprealty.com":"User account created successully!"}

2022-03-09 10:35:15 :: {"carla.griswold@exprealty.com":"User account created successully!"}

2022-03-09 10:35:15 :: {"bryan.castro@exprealty.com":"User account created successully!"}

2022-03-09 10:35:15 :: {"RealEstatebyChrisC@gmail.com":"User account created successully!"}

2022-03-09 10:35:15 :: {"stu@rockrealestate.org":"User account created successully!"}

2022-03-09 10:35:15 :: {"bennie.bell@exprealty.com":"User account created successully!"}

2022-03-09 10:35:15 :: {"tracey.herbert@exprealty.com":"User account created successully!"}

2022-03-09 10:35:15 :: {"linda.peltz@exprealty.com":"User account created successully!"}

2022-03-09 10:35:16 :: {"katia.campbell-lurati@exprealty.com":"User account created successully!"}

2022-03-09 10:35:16 :: {"taylor.proxmire@exprealty.com":"User account created successully!"}

2022-03-09 10:35:16 :: {"lane.taglio@exprealty.com":"User account created successully!"}

2022-03-09 10:35:16 :: {"grace.saliente@exprealty.com":"User account created successully!"}

2022-03-09 10:35:16 :: {"jeff.dowler@exprealty.com":"User account created successully!"}

2022-03-09 10:35:16 :: {"jeffrey.wickum@exprealty.com":"User account created successully!"}

2022-03-09 10:35:17 :: {"veronica.uriarte@exprealty.com":"User account created successully!"}

2022-03-09 10:35:17 :: {"brandon.king@exprealty.com":"User account created successully!"}

2022-03-09 10:35:17 :: {"grace.hudson@exprealty.com":"User account created successully!"}

2022-03-09 10:35:17 :: {"darius.jones@exprealty.com":"User account created successully!"}

2022-03-09 10:35:17 :: {"charles.mcguffie@exprealty.com":"User account created successully!"}

2022-03-09 10:35:17 :: {"cynthia.bailey@exprealty.com":"User account created successully!"}

2022-03-09 10:35:17 :: {"robin.fruth@exprealty.com":"User account created successully!"}

2022-03-09 10:35:17 :: {"tanya.romanishin@exprealty.com":"User account created successully!"}

2022-03-09 10:35:17 :: {"justin.cooper@exprealty.com":"User account created successully!"}

2022-03-09 10:35:18 :: {"shandell.jones@exprealty.com":"User account created successully!"}

2022-03-09 10:35:18 :: {"samuel.silver@exprealty.com":"User account created successully!"}

2022-03-09 10:35:18 :: {"kelly.lawson@exprealty.com":"User account created successully!"}

2022-03-09 10:35:18 :: {"neal.fugate@hotmail.com":"User account created successully!"}

2022-03-09 10:35:18 :: {"santiago.navarro@exprealty.com":"User account created successully!"}

2022-03-09 10:35:18 :: {"blake.brintz@exprealty.com":"User account created successully!"}

2022-03-09 10:35:18 :: {"shawna.olsen@exprealty.com":"User account created successully!"}

2022-03-09 10:35:18 :: {"christopher.r.oliver@exprealty.com":"User account created successully!"}

2022-03-09 10:35:18 :: {"john.finley@exprealty.com":"User account created successully!"}

2022-03-09 10:35:18 :: {"william.macgregor@exprealty.com":"User account created successully!"}

2022-03-09 10:35:18 :: {"debbie.allen@exprealty.com":"User account created successully!"}

2022-03-09 10:35:18 :: {"jeremy.specials@exprealty.com":"User account created successully!"}

2022-03-09 10:35:18 :: {"elisa@elisabeltran.com":"User account created successully!"}

2022-03-09 10:35:19 :: {"mary.walker@exprealty.com":"User account created successully!"}

2022-03-09 10:35:19 :: {"heatheranneshelton@gmail.com":"User account created successully!"}

2022-03-09 10:35:19 :: {"tina.peters@exprealty.com":"User account created successully!"}

2022-03-09 10:35:19 :: {"leslie.blaney@exprealty.com":"User account created successully!"}

2022-03-09 10:35:19 :: {"lisa.larsen@exprealty.com":"User account created successully!"}

2022-03-09 10:35:19 :: {"michael.feicco@exprealty.com":"User account created successully!"}

2022-03-09 10:35:19 :: {"ashley.atkinson@exprealty.com":"User account created successully!"}

2022-03-09 10:35:19 :: {"leo.nolasco@exprealty.com":"User account created successully!"}

2022-03-09 10:35:19 :: {"dale.corpus@exprealty.com":"User account created successully!"}

2022-03-09 10:35:19 :: {"christie.lammi@exprealty.com":"User account created successully!"}

2022-03-09 10:35:19 :: {"michael.turnquist@exprealty.com":"User account created successully!"}

2022-03-09 10:35:19 :: {"rod.mcintosh@exprealty.com":"User account created successully!"}

2022-03-09 10:35:20 :: {"lenore.coronado@exprealty.com":"User account created successully!"}

2022-03-09 10:35:20 :: {"patricia.villanueva@exprealty.com":"User account created successully!"}

2022-03-09 10:35:20 :: {"KentTuransky@gmail.com":"User account created successully!"}

2022-03-09 10:35:20 :: {"Dani.Cabrera@eXpRealty.com":"User account created successully!"}

2022-03-09 10:35:20 :: {"realestate@bartholomewperez.com":"User account created successully!"}

2022-03-09 10:35:20 :: {"michael.douglas@exprealty.com":"User account created successully!"}

2022-03-09 10:35:20 :: {"harold.schlegel@exprealty.com":"User account created successully!"}

2022-03-09 10:35:20 :: {"lanny.kimsey@exprealty.com":"User account created successully!"}

2022-03-09 10:35:20 :: {"jennifer.stclair@exprealty.com":"User account created successully!"}

2022-03-09 10:35:20 :: {"drake.cruz@exprealty.com":"User account created successully!"}

2022-03-09 10:35:20 :: {"leslie.deluca@exprealty.com":"User account created successully!"}

2022-03-09 10:35:20 :: {"realtorvictordiaz@gmail.com":"User account created successully!"}

2022-03-09 10:35:21 :: {"alicia.mendoza@exprealty.com":"User account created successully!"}

2022-03-09 10:35:21 :: {"joe.blankenship@exprealty.com":"User account created successully!"}

2022-03-09 10:35:21 :: {"wendy.legerton@exprealty.com":"User account created successully!"}

2022-03-09 10:35:21 :: {"jill.blutinger@exprealty.com":"User account created successully!"}

2022-03-09 10:35:21 :: {"brian.bartholomew@exprealty.com":"User account created successully!"}

2022-03-09 10:35:21 :: {"kmceniry1@hotmail.com":"User account created successully!"}

2022-03-09 10:35:21 :: {"lee@leebrockrealtor.com":"User account created successully!"}

2022-03-09 10:35:21 :: {"kim.pierce@exprealty.com":"User account created successully!"}

2022-03-09 10:35:21 :: {"alma.michel@exprealty.com":"User account created successully!"}

2022-03-09 10:35:21 :: {"joe.mendoza@exprealty.com":"User account created successully!"}

2022-03-09 10:35:22 :: {"scott.mednick@exprealty.com":"User account created successully!"}

2022-03-09 10:35:22 :: {"toni.patillo@exprealty.com":"User account created successully!"}

2022-03-09 10:35:22 :: {"niki.king@exprealty.com":"User account created successully!"}

2022-03-09 10:35:22 :: {"c@chrystitovani.com":"User account created successully!"}

2022-03-09 10:35:22 :: {"StevenThomasHomes@gmail.com":"User account created successully!"}

2022-03-09 10:35:22 :: {"jolsonhomes@gmail.com":"User account created successully!"}

2022-03-09 10:35:22 :: {"nataliya.delgadillo@exprealty.com":"User account created successully!"}

2022-03-09 10:35:22 :: {"masaki.fujishima@exprealty.com":"User account created successully!"}

2022-03-09 10:35:22 :: {"kevin.matthews@exprealty.com":"User account created successully!"}

2022-03-09 10:35:23 :: {"socorro.garcia@exprealty.com":"User account created successully!"}

2022-03-09 10:35:23 :: {"shawna@teamshawna.com":"User account created successully!"}

2022-03-09 10:35:23 :: {"christyna@christynabutcher.com":"User account created successully!"}

2022-03-09 10:35:23 :: {"jesse@jessemorrisongroup.com":"User account created successully!"}

2022-03-09 10:35:23 :: {"jack.liu@exprealty.com":"User account created successully!"}

2022-03-09 10:35:23 :: {"reyna.garcia@exprealty.com":"User account created successully!"}

2022-03-09 10:35:23 :: {"gary.massa@exprealty.com":"User account created successully!"}

2022-03-09 10:35:23 :: {"lesette.hernandez@exprealty.com":"User account created successully!"}

2022-03-09 10:35:23 :: {"Dana@AntarezRE.com":"User account created successully!"}

2022-03-09 10:35:23 :: {"candace.hart@exprealty.com":"User account created successully!"}

2022-03-09 10:35:23 :: {"judith.burke@exprealty.com":"User account created successully!"}

2022-03-09 10:35:23 :: {"tanya.topete@exprealty.com":"User account created successully!"}

2022-03-09 10:35:23 :: {"carlos@surf4homes.com":"User account created successully!"}

2022-03-09 10:35:24 :: {"Burrell.Mario@gmail.com":"User account created successully!"}

2022-03-09 10:35:24 :: {"alexa@aimerpropertygroup.com":"User account created successully!"}

2022-03-09 10:35:24 :: {"rob.regan@exprealty.com":"User account created successully!"}

2022-03-09 10:35:24 :: {"maic.friedrich@exprealty.com":"User account created successully!"}

2022-03-09 10:35:24 :: {"willie.buchner@exprealty.com":"User account created successully!"}

2022-03-09 10:35:24 :: {"nathan.butcher@exprealty.com":"User account created successully!"}

2022-03-09 10:35:24 :: {"matthewstewartrealestate@gmail.com":"User account created successully!"}

2022-03-09 10:35:24 :: {"ashlee@aehomecollection.com":"User account created successully!"}

2022-03-09 10:35:24 :: {"edith@oneluckyhome.com":"User account created successully!"}

2022-03-09 10:35:24 :: {"edward.heinz@exprealty.com":"User account created successully!"}

2022-03-09 10:35:24 :: {"robert.weichelt@exprealty.com":"User account created successully!"}

2022-03-09 10:35:24 :: {"juan.maldonado@exprealty.com":"User account created successully!"}

2022-03-09 10:35:25 :: {"heather.eisfelder@exprealty.com":"User account created successully!"}

2022-03-09 10:35:25 :: {"bryce.harenburg@exprealty.com":"User account created successully!"}

2022-03-09 10:35:25 :: {"theodore.zimbelman@exprealty.com":"User account created successully!"}

2022-03-09 10:35:25 :: {"sev@daudertgroup.com":"User account created successully!"}

2022-03-09 10:35:25 :: {"april.young@exprealty.com":"User account created successully!"}

2022-03-09 10:35:25 :: {"bryan.mancuso@exprealty.com":"User account created successully!"}

2022-03-09 10:35:25 :: {"scott.thompson@exprealty.com":"User account created successully!"}

2022-03-09 10:35:25 :: {"raina.tachmuradova@exprealty.com":"User account created successully!"}

2022-03-09 10:35:25 :: {"DarcieSellsRE@gmail.com":"User account created successully!"}

2022-03-09 10:35:25 :: {"donna@dlvrealty.com":"User account created successully!"}

2022-03-09 10:35:25 :: {"Robin@NoPressureRealty.com":"User account created successully!"}

2022-03-09 10:35:25 :: {"melissa.kish@exprealty.com":"User account created successully!"}

2022-03-09 10:35:25 :: {"teresa.costello@exprealty.com":"User account created successully!"}

2022-03-09 10:35:26 :: {"ray.marquez@exprealty.com":"User account created successully!"}

2022-03-09 10:35:26 :: {"taffy.maurer@exprealty.com":"User account created successully!"}

2022-03-09 10:35:26 :: {"daphne.anderson@exprealty.com":"User account created successully!"}

2022-03-09 10:35:26 :: {"nate.molter@exprealty.com":"User account created successully!"}

2022-03-09 10:35:26 :: {"rachel.diana@exprealty.com":"User account created successully!"}

2022-03-09 10:35:26 :: {"sandra.miller@exprealty.com":"User account created successully!"}

2022-03-09 10:35:26 :: {"phuong.vu@exprealty.com":"User account created successully!"}

2022-03-09 10:35:26 :: {"afinerealtor20@gmail.com":"User account created successully!"}

2022-03-09 10:35:26 :: {"christa.simonsen@exprealty.com":"User account created successully!"}

2022-03-09 10:35:26 :: {"nhieu.warner@exprealty.com":"User account created successully!"}

2022-03-09 10:35:26 :: {"carlos.munoz@exprealty.com":"User account created successully!"}

2022-03-09 10:35:26 :: {"jimqjr@exprealty.com":"User account created successully!"}

2022-03-09 10:35:26 :: {"melissa.maison@exprealty.com":"User account created successully!"}

2022-03-09 10:35:27 :: {"ron.benning@exprealty.com":"User account created successully!"}

2022-03-09 10:35:27 :: {"cassandra.olson@exprealty.com":"User account created successully!"}

2022-03-09 10:35:27 :: {"jon.foster@exprealty.com":"User account created successully!"}

2022-03-09 10:35:27 :: {"kellyevansandassociates@gmail.com":"User account created successully!"}

2022-03-09 10:35:27 :: {"dahlia.ruiz@exprealty.com":"User account created successully!"}

2022-03-09 10:35:28 :: {"tracy.dennis@exprealty.com":"User account created successully!"}

2022-03-09 10:35:28 :: {"Robert@RobertCohenRealty.com":"User account created successully!"}

2022-03-09 10:35:28 :: {"leilani.condez@exprealty.com":"User account created successully!"}

2022-03-09 10:35:29 :: {"alanda.cormier@exprealty.com":"User account created successully!"}

2022-03-09 10:35:29 :: {"elizabeth.alfaro@exprealty.com":"User account created successully!"}

2022-03-09 10:35:29 :: {"jeff@moveupsandiego.com":"User account created successully!"}

2022-03-09 10:35:29 :: {"Jeff@RussellRealtyGrp.com":"User account created successully!"}

2022-03-09 10:35:29 :: {"kristian.ticas@exprealty.com":"User account created successully!"}

2022-03-09 10:35:29 :: {"joyna.heinz@exprealty.com":"User account created successully!"}

2022-03-09 10:35:29 :: {"lauren.williams@exprealty.com":"User account created successully!"}

2022-03-09 10:35:29 :: {"sonja.berto@exprealty.com":"User account created successully!"}

2022-03-09 10:35:30 :: {"dmirty.poonka@exprealty.com":"User account created successully!"}

2022-03-09 10:35:30 :: {"roccie.soscia@exprealty.com":"User account created successully!"}

2022-03-09 10:35:30 :: {"rob.speers@exprealty.com":"User account created successully!"}

2022-03-09 10:35:30 :: {"shawn.macaulay@exprealty.com":"User account created successully!"}

2022-03-09 10:35:30 :: {"pixley.lewis@exprealty.com":"User account created successully!"}

2022-03-09 10:35:31 :: {"Rusty@RustysRealEstate.com":"User account created successully!"}

2022-03-09 10:35:31 :: {"nancy.miller@exprealty.com":"User account created successully!"}

2022-03-09 10:35:31 :: {"douglas@spacelosangeles.co":"User account created successully!"}

2022-03-09 10:35:31 :: {"cliff.lewis@exprealty.com":"User account created successully!"}

2022-03-09 10:35:31 :: {"taylorteam@exprealty.com":"User account created successully!"}

2022-03-09 10:35:31 :: {"elsie.gomez@exprealty.com":"User account created successully!"}

2022-03-09 10:35:31 :: {"janice.mcentee@exprealty.com":"User account created successully!"}

2022-03-09 10:35:31 :: {"loida.guevara@exprealty.com":"User account created successully!"}

2022-03-09 10:35:31 :: {"monika.smith@exprealty.com":"User account created successully!"}

2022-03-09 10:35:31 :: {"william.dubose@exprealty.com":"User account created successully!"}

2022-03-09 10:35:32 :: {"timothy.williams@exprealty.com":"User account created successully!"}

2022-03-09 10:35:32 :: {"aja@coasthomesbyaja.com":"User account created successully!"}

2022-03-09 10:35:32 :: {"jessie.morfin@exprealty.com":"User account created successully!"}

2022-03-09 10:35:32 :: {"Mandy.herring@exprealty.com":"User account created successully!"}

2022-03-09 10:35:32 :: {"diana.moshier@exprealty.com":"User account created successully!"}

2022-03-09 10:35:32 :: {"david.gould@exprealty.com":"User account created successully!"}

2022-03-09 10:35:33 :: {"jason@harperhometeam.com":"User account created successully!"}

2022-03-09 10:35:34 :: {"mario.antuna@exprealty.com":"User account created successully!"}

2022-03-09 10:35:34 :: {"michael.haywood@exprealty.com":"User account created successully!"}

2022-03-09 10:35:34 :: {"brady.hoover@exprealty.com":"User account created successully!"}

2022-03-09 10:35:34 :: {"jacquelyn.douglas@exprealty.com":"User account created successully!"}

2022-03-09 10:35:34 :: {"christina.harris@exprealty.com":"User account created successully!"}

2022-03-09 10:35:34 :: {"judith.sailors@exprealty.com":"User account created successully!"}

2022-03-09 10:35:34 :: {"david.sparling@exprealty.com":"User account created successully!"}

2022-03-09 10:35:34 :: {"kierstinyang@gmail.com":"User account created successully!"}

2022-03-09 10:35:34 :: {"erin.schneider@exprealty.com":"User account created successully!"}

2022-03-09 10:35:34 :: {"lauren.cotner@exprealty.com":"User account created successully!"}

2022-03-09 10:35:34 :: {"lblankenshiprealtor@gmail.com":"User account created successully!"}

2022-03-09 10:35:34 :: {"monique.moore@exprealty.com":"User account created successully!"}

2022-03-09 10:35:35 :: {"garth.hendrix@exprealty.com":"User account created successully!"}

2022-03-09 10:35:35 :: {"victor.long@exprealty.com":"User account created successully!"}

2022-03-09 10:35:35 :: {"joseph.huelskamp@exprealty.com":"User account created successully!"}

2022-03-09 10:35:35 :: {"randolph.leaf@exprealty.com":"User account created successully!"}

2022-03-09 10:35:35 :: {"timothy.smith@exprealty.com":"User account created successully!"}

2022-03-09 10:35:35 :: {"philippe@philippetourvilleteam.com":"User account created successully!"}

2022-03-09 10:35:35 :: {"tania.sorel@exprealty.com":"User account created successully!"}

2022-03-09 10:35:35 :: {"johnson@fastagents.com":"User account created successully!"}

2022-03-09 10:35:35 :: {"SellWithEdWard@gmail.com":"User account created successully!"}

2022-03-09 10:35:35 :: {"tracy@siliconbeach.properties":"User account created successully!"}

2022-03-09 10:35:35 :: {"lawrence.lau@exprealty.com":"User account created successully!"}
