
2022-03-09 10:42:35 :: {"brent@brentgove.com":"Username brent@brentgove.com already exist."}

2022-03-09 10:42:53 :: {"brad@exprealty.com":"Phone (707) 646-1876 already exist."}

2022-03-09 10:43:33 :: {"corry.cuington@exprealty.com":"Email corry.cuington@exprealty.com already exist."}

2022-03-09 10:43:57 :: {"martel.esquivel@exprealty.com":"Email martel.esquivel@exprealty.com already exist."}

2022-03-09 10:44:01 :: {"johnandannmarie+partner@exprealty.com":"Phone (916) 380-0097 already exist."}

2022-03-09 10:44:21 :: {"rhonda.hamilton@exprealty.com":"Phone (888) 584-9427 already exist."}

2022-03-09 10:44:23 :: {"alfonso.bravo@exprealty.com":"Phone (714) 651-2616 already exist."}

2022-03-09 10:44:45 :: {"david.cockrill@exprealty.com":"Phone (805) 490-5519 already exist."}

2022-03-09 10:44:51 :: {"maria.aguilar@exprealty.com":"Phone (707) 318-4165 already exist."}

2022-03-09 10:45:00 :: {"ordeja.harmon@exprealty.com":"Email ordeja.harmon@exprealty.com already exist."}

2022-03-09 10:45:08 :: {"nishat.ahmed@exprealty.com":"Email nishat.ahmed@exprealty.com already exist."}

2022-03-09 10:46:21 :: {"ewa.gromadzka@exprealty.com":"Email ewa.gromadzka@exprealty.com already exist."}

2022-03-09 10:46:36 :: {"jesse.njama@exprealty.com":"Email jesse.njama@exprealty.com already exist."}

2022-03-09 10:46:48 :: {"vicki.houff@exprealty.com":"Phone (916) 800-4022 already exist."}

2022-03-09 10:46:50 :: {"kristina.gove@exprealty.com":"Phone (916) 540-8171 already exist."}

2022-03-09 10:48:02 :: {"anna.loh@exprealty.com":"Email anna.loh@exprealty.com already exist."}

2022-03-09 10:48:14 :: {"travis.gomes@exprealty.com":"Phone (916) 223-4459 already exist."}

2022-03-09 10:49:08 :: {"sara.aviles@exprealty.com":"Email sara.aviles@exprealty.com already exist."}

2022-03-09 10:49:37 :: {"christian.fernandez@exprealty.com":"Email christian.fernandez@exprealty.com already exist."}

2022-03-09 10:50:18 :: {"ji.kim@exprealty.com":"Username ji.kim@exprealty.com already exist."}

2022-03-09 10:50:26 :: {"luis.romo@exprealty.com":"Phone (888) 584-9427 already exist."}

2022-03-09 10:50:44 :: {"tanya.morales@exprealty.com":"Phone (916) 220-7508 already exist."}

2022-03-09 10:51:08 :: {"enrique.medellin@exprealty.com":"Phone (408) 315-9840 already exist."}

2022-03-09 10:51:37 :: {"danielle.walker@exprealty.com":"Email danielle.walker@exprealty.com already exist."}

2022-03-09 10:52:01 :: {"rachel.ludlow@exprealty.com":"Phone (916) 390-4881 already exist."}

2022-03-09 10:52:08 :: {"richard.luizzi@exprealty.com":"Phone (858) 335-5631 already exist."}

2022-03-09 10:52:39 :: {"nathan.g.butcher@exprealty.com":"Phone (661) 312-3313 already exist."}

2022-03-09 10:52:44 :: {"leonie.tran@exprealty.com":"Phone (323) 244-8869 already exist."}

2022-03-09 10:52:46 :: {"liz.juenke@exprealty.com":"Phone (530) 515-9445 already exist."}

2022-03-09 10:52:53 :: {"kayla.fuller@exprealty.com":"Phone (888) 584-9427 already exist."}

2022-03-09 10:53:42 :: {"steven.yager@exprealty.com":"Phone (818) 939-1372 already exist."}

2022-03-09 10:53:56 :: {"marcia.nutt@exprealty.com":"Email marcia.nutt@exprealty.com already exist."}

2022-03-09 10:54:06 :: {"steven.jones@exprealty.com":"Username steven.jones@exprealty.com already exist."}

2022-03-09 10:54:40 :: {"mary.hayward@exprealty.com":"Email mary.hayward@exprealty.com already exist."}
