
2022-03-09 11:13:24 :: {"dean.shafer@exprealty.com":"Phone (727) 410-4040 already exist."}

2022-03-09 11:13:28 :: {"gregory.james@exprealty.com":"Phone (480) 468-9567 already exist."}

2022-03-09 11:13:31 :: {"daren.taylor@exprealty.com":"Email daren.taylor@exprealty.com already exist."}

2022-03-09 11:13:40 :: {"mohey.moustafa@exprealty.com":"Phone (305) 491-4777 already exist."}

2022-03-09 11:14:01 :: {"stephanie.maurer@exprealty.com":"Phone (850) 797-8844 already exist."}

2022-03-09 11:14:19 :: {"sashavolosevych@gmail.com":"Phone (971) 703-0307 already exist."}

2022-03-09 11:14:38 :: {"adriana.arango@exprealty.com":"Phone (786) 238-6953 already exist."}

2022-03-09 11:14:44 :: {"lindazod@gmail.com":"Phone (630) 640-6600 already exist."}

2022-03-09 11:14:48 :: {"scott.nyman@exprealty.com":"Phone (904) 610-9832 already exist."}

2022-03-09 11:15:03 :: {"ross.brown@exprealty.com":"Phone (239) 860-7677 already exist."}

2022-03-09 11:15:12 :: {"edacevedorealtor@gmail.com":"Email edacevedorealtor@gmail.com already exist."}

2022-03-09 11:16:02 :: {"elyse.gilliam@exprealty.com":"Phone (314) 422-3313 already exist."}

2022-03-09 11:16:08 :: {"nicholas.alexander@exprealty.com":"Phone (573) 578-1100 already exist."}

2022-03-09 11:16:29 :: {"lisa.hibdon@exprealty.com":"Phone (573) 378-8835 already exist."}

2022-03-09 11:16:31 :: {"angie.ward-barker@exprealty.com":"Username angie.ward-barker@exprealty.com already exist."}

2022-03-09 11:16:31 :: {"Mitch.Boraski@ExpRealty.com":"Username Mitch.Boraski@ExpRealty.com already exist."}

2022-03-09 11:16:32 :: {"dawn.summeybrown@exprealty.com":"Username dawn.summeybrown@exprealty.com already exist."}

2022-03-09 11:16:32 :: {"marybeth.chambliss@exprealty.com":"Username marybeth.chambliss@exprealty.com already exist."}

2022-03-09 11:16:32 :: {"diane.colomercheadle@exprealty.com":"Username diane.colomercheadle@exprealty.com already exist."}

2022-03-09 11:16:32 :: {"marybeth.cogswell@exprealty.com":"Username marybeth.cogswell@exprealty.com already exist."}

2022-03-09 11:16:33 :: {"holly.evans@exprealty.com":"Username holly.evans@exprealty.com already exist."}

2022-03-09 11:16:33 :: {"trea.fullen@exprealty.com":"Username trea.fullen@exprealty.com already exist."}

2022-03-09 11:16:34 :: {"james.powelljr@exprealty.com":"Username james.powelljr@exprealty.com already exist."}

2022-03-09 11:16:34 :: {"cherylanne.mclean@exprealty.com":"Username cherylanne.mclean@exprealty.com already exist."}

2022-03-09 11:16:35 :: {"josegabriel.martinez@exprealty.com":"Username josegabriel.martinez@exprealty.com already exist."}

2022-03-09 11:16:36 :: {"jcmobley.realestate@yahoo.com":"Username jcmobley.realestate@yahoo.com already exist."}

2022-03-09 11:16:36 :: {"isaac.acostamontenegro@exprealty.com":"Username isaac.acostamontenegro@exprealty.com already exist."}

2022-03-09 11:16:36 :: {"latrenee.lakenestor@exprealty.com":"Username latrenee.lakenestor@exprealty.com already exist."}

2022-03-09 11:16:37 :: {"elika.ortizportillo@exprealty.com":"Username elika.ortizportillo@exprealty.com already exist."}

2022-03-09 11:16:38 :: {"danielle.dumasreid@exprealty.com":"Username danielle.dumasreid@exprealty.com already exist."}

2022-03-09 11:16:38 :: {"lori.rogers@exprealty.com":"Username lori.rogers@exprealty.com already exist."}

2022-03-09 11:16:38 :: {"natalia.oliverasilva@exprealty.com":"Username natalia.oliverasilva@exprealty.com already exist."}

2022-03-09 11:16:39 :: {"jamel.donaldsonsr@exprealty.com":"Username jamel.donaldsonsr@exprealty.com already exist."}

2022-03-09 11:16:40 :: {"timera.millanaisewalker@exprealty.com":"Username timera.millanaisewalker@exprealty.com already exist."}

2022-03-09 11:16:46 :: {"gabrielle@teamcarneglia.com":"Email gabrielle@teamcarneglia.com already exist."}

2022-03-09 11:16:47 :: {"cindy.greene@allentate.com":"Username cindy.greene@allentate.com already exist."}

2022-03-09 11:16:53 :: {"matt@lakegrouprealty.com":"Username matt@lakegrouprealty.com already exist."}

2022-03-09 11:17:00 :: {"susan.brown@exprealty.com":"Username susan.brown@exprealty.com already exist."}

2022-03-09 11:17:23 :: {"shannon.pyatt@exprealty.com":"Username shannon.pyatt@exprealty.com already exist."}

2022-03-09 11:17:37 :: {"james@burbachre.com":"Username james@burbachre.com already exist."}

2022-03-09 11:17:39 :: {"richard.steinbacher@exprealty.com":"Phone (828) 773-5303 already exist."}

2022-03-09 11:17:44 :: {"kara.west@exprealty.com":"Username kara.west@exprealty.com already exist."}

2022-03-09 11:17:47 :: {"hope@hopetylerhometeam.com":"Email hope@hopetylerhometeam.com already exist."}

2022-03-09 11:17:54 :: {"shawn.eckles@exprealty.com":"Email shawn.eckles@exprealty.com already exist."}

2022-03-09 11:20:26 :: {"rachel.cost@exprealty.com":"Email rachel.cost@exprealty.com already exist."}

2022-03-09 11:20:43 :: {"darien.swain@exprealty.com":"Username darien.swain@exprealty.com already exist."}
