
2022-03-09 11:24:16 :: {"lindsayrayrealtor@gmail.com":"Username lindsayrayrealtor@gmail.com already exist."}

2022-03-09 11:24:18 :: {"emmitt.parrish@exprealty.com":"Phone (252) 560-3636 already exist."}

2022-03-09 11:24:55 :: {"angela.burgess@exprealty.com":"Username angela.burgess@exprealty.com already exist."}

2022-03-09 11:24:58 :: {"cindy.greene@allentate.com":"Username cindy.greene@allentate.com already exist."}

2022-03-09 11:24:58 :: {"etipton04@gmail.com":"Username etipton04@gmail.com already exist."}

2022-03-09 11:24:58 :: {"sheryl.scott@exprealty.com":"Username sheryl.scott@exprealty.com already exist."}

2022-03-09 11:24:58 :: {"kerry.dunleavy@exprealty.com":"Username kerry.dunleavy@exprealty.com already exist."}

2022-03-09 11:24:58 :: {"rachel.dewitt@exprealty.com":"Username rachel.dewitt@exprealty.com already exist."}

2022-03-09 11:24:58 :: {"dmetri.moore@exprealty.com":"Username dmetri.moore@exprealty.com already exist."}

2022-03-09 11:24:58 :: {"kaila.lindsey@exprealty.com":"Username kaila.lindsey@exprealty.com already exist."}

2022-03-09 11:24:58 :: {"brock.zevan@exprealty.com":"Username brock.zevan@exprealty.com already exist."}

2022-03-09 11:24:58 :: {"hurdaboutrealestate@gmail.com":"Username hurdaboutrealestate@gmail.com already exist."}

2022-03-09 11:24:58 :: {"joe.kruschek@exprealty.com":"Username joe.kruschek@exprealty.com already exist."}

2022-03-09 11:24:58 :: {"rob.bilbro@exprealty.com":"Username rob.bilbro@exprealty.com already exist."}

2022-03-09 11:24:58 :: {"gabrielle@teamcarneglia.com":"Email gabrielle@teamcarneglia.com already exist."}

2022-03-09 11:24:58 :: {"tammie.blake@exprealty.com":"Username tammie.blake@exprealty.com already exist."}

2022-03-09 11:24:58 :: {"amy.condon@exprealty.com":"Username amy.condon@exprealty.com already exist."}

2022-03-09 11:24:58 :: {"alena.dube@exprealty.com":"Username alena.dube@exprealty.com already exist."}

2022-03-09 11:24:58 :: {"desiree.trotter@exprealty.com":"Username desiree.trotter@exprealty.com already exist."}

2022-03-09 11:24:58 :: {"wendy.cuva@exprealty.com":"Username wendy.cuva@exprealty.com already exist."}

2022-03-09 11:24:58 :: {"lisa.smith@exprealty.com":"Username lisa.smith@exprealty.com already exist."}

2022-03-09 11:24:58 :: {"suzie.chelcun@exprealty.com":"Username suzie.chelcun@exprealty.com already exist."}

2022-03-09 11:24:58 :: {"matt@lakegrouprealty.com":"Username matt@lakegrouprealty.com already exist."}

2022-03-09 11:24:58 :: {"Alexis.Hughes@exprealty.com":"Username Alexis.Hughes@exprealty.com already exist."}

2022-03-09 11:24:58 :: {"sureka.johnson@exprealty.com":"Username sureka.johnson@exprealty.com already exist."}

2022-03-09 11:24:58 :: {"robyn.oakley@exprealty.com":"Username robyn.oakley@exprealty.com already exist."}

2022-03-09 11:24:58 :: {"donna.johnston@exprealty.com":"Username donna.johnston@exprealty.com already exist."}

2022-03-09 11:24:58 :: {"jessica.tilton@exprealty.com":"Username jessica.tilton@exprealty.com already exist."}

2022-03-09 11:24:58 :: {"timothy.brown@exprealty.com":"Username timothy.brown@exprealty.com already exist."}

2022-03-09 11:24:58 :: {"robert.fauntleroy@exprealty.com":"Username robert.fauntleroy@exprealty.com already exist."}

2022-03-09 11:24:58 :: {"susan.brown@exprealty.com":"Username susan.brown@exprealty.com already exist."}

2022-03-09 11:24:58 :: {"hunter.philyaw@exprealty.com":"Username hunter.philyaw@exprealty.com already exist."}

2022-03-09 11:24:58 :: {"wojciech.lachowski@exprealty.com":"Username wojciech.lachowski@exprealty.com already exist."}

2022-03-09 11:24:58 :: {"lepagejohnson@exprealty.com":"Username lepagejohnson@exprealty.com already exist."}

2022-03-09 11:24:58 :: {"melanie.bosch@exprealty.com":"Username melanie.bosch@exprealty.com already exist."}

2022-03-09 11:24:58 :: {"cat.webb@exprealty.com":"Username cat.webb@exprealty.com already exist."}

2022-03-09 11:24:58 :: {"monia.wendt@exprealty.com":"Username monia.wendt@exprealty.com already exist."}

2022-03-09 11:24:58 :: {"peter.zambuto@exprealty.com":"Username peter.zambuto@exprealty.com already exist."}

2022-03-09 11:24:58 :: {"cynthia.holidaync@exprealty.com":"Username cynthia.holidaync@exprealty.com already exist."}

2022-03-09 11:24:58 :: {"melissa.chambers@exprealty.com":"Username melissa.chambers@exprealty.com already exist."}

2022-03-09 11:24:58 :: {"robin@soldinthecarolinas.com":"Username robin@soldinthecarolinas.com already exist."}

2022-03-09 11:24:58 :: {"leeann.little@exprealty.com":"Username leeann.little@exprealty.com already exist."}

2022-03-09 11:24:58 :: {"natalie.palles@exprealty.com":"Username natalie.palles@exprealty.com already exist."}

2022-03-09 11:24:58 :: {"guy.eaker@exprealty.com":"Username guy.eaker@exprealty.com already exist."}

2022-03-09 11:24:58 :: {"daniel.rushing@exprealty.com":"Username daniel.rushing@exprealty.com already exist."}

2022-03-09 11:24:58 :: {"thompsonteam+partner@exprealty.com":"Username thompsonteam+partner@exprealty.com already exist."}

2022-03-09 11:24:58 :: {"sherry.mccoy@exprealty.com":"Username sherry.mccoy@exprealty.com already exist."}

2022-03-09 11:24:58 :: {"debborah.armstrong@exprealty.com":"Username debborah.armstrong@exprealty.com already exist."}

2022-03-09 11:24:58 :: {"rhonda.wood@exprealty.com":"Username rhonda.wood@exprealty.com already exist."}

2022-03-09 11:24:58 :: {"leary.fredericks@exprealty.com":"Username leary.fredericks@exprealty.com already exist."}

2022-03-09 11:24:58 :: {"bethenny.bullard@exprealty.com":"Username bethenny.bullard@exprealty.com already exist."}

2022-03-09 11:24:58 :: {"albert.alvarez@exprealty.com":"Username albert.alvarez@exprealty.com already exist."}

2022-03-09 11:24:58 :: {"lorena.pujols@exprealty.com":"Username lorena.pujols@exprealty.com already exist."}

2022-03-09 11:24:58 :: {"nikki.pratt@exprealty.com":"Username nikki.pratt@exprealty.com already exist."}

2022-03-09 11:24:58 :: {"Jim@RabornRealty.com":"Username Jim@RabornRealty.com already exist."}

2022-03-09 11:24:58 :: {"shaun.jones@exprealty.com":"Username shaun.jones@exprealty.com already exist."}

2022-03-09 11:24:58 :: {"raegon.falk@exprealty.com":"Username raegon.falk@exprealty.com already exist."}

2022-03-09 11:24:58 :: {"eric@glaverealty.com":"Username eric@glaverealty.com already exist."}

2022-03-09 11:24:58 :: {"laura.haskin@exprealty.com":"Username laura.haskin@exprealty.com already exist."}

2022-03-09 11:24:58 :: {"diane.thornton@exprealty.com":"Username diane.thornton@exprealty.com already exist."}

2022-03-09 11:24:58 :: {"susan.chaney@exprealty.com":"Username susan.chaney@exprealty.com already exist."}

2022-03-09 11:24:58 :: {"amy.smith@exprealty.com":"Username amy.smith@exprealty.com already exist."}

2022-03-09 11:24:58 :: {"Michelle@RockStarRealty1.com":"Username Michelle@RockStarRealty1.com already exist."}

2022-03-09 11:24:58 :: {"john.desmedt@exprealty.com":"Username john.desmedt@exprealty.com already exist."}

2022-03-09 11:24:58 :: {"tony.gallarini@exprealty.com":"Username tony.gallarini@exprealty.com already exist."}

2022-03-09 11:24:58 :: {"daphnehall@charlotterealtysite.com":"Username daphnehall@charlotterealtysite.com already exist."}

2022-03-09 11:24:58 :: {"bethany.mcswain@exprealty.com":"Username bethany.mcswain@exprealty.com already exist."}

2022-03-09 11:24:58 :: {"alishainthecarolinas@gmail.com":"Username alishainthecarolinas@gmail.com already exist."}

2022-03-09 11:24:58 :: {"peter.lazzopina@exprealty.com":"Username peter.lazzopina@exprealty.com already exist."}

2022-03-09 11:24:58 :: {"elizabeth.carter-parrish@exprealty.com":"Username elizabeth.carter-parrish@exprealty.com already exist."}

2022-03-09 11:24:58 :: {"john.pedone@exprealty.com":"Username john.pedone@exprealty.com already exist."}

2022-03-09 11:24:58 :: {"carolyn.beaver@exprealty.com":"Username carolyn.beaver@exprealty.com already exist."}

2022-03-09 11:24:58 :: {"brian.fifield@exprealty.com":"Username brian.fifield@exprealty.com already exist."}

2022-03-09 11:24:58 :: {"chris.mscotto@exprealty.com":"Username chris.mscotto@exprealty.com already exist."}

2022-03-09 11:24:58 :: {"adam.king@exprealty.com":"Username adam.king@exprealty.com already exist."}

2022-03-09 11:24:58 :: {"april.alexander@exprealty.com":"Username april.alexander@exprealty.com already exist."}

2022-03-09 11:24:58 :: {"connie.cline@exprealty.com":"Username connie.cline@exprealty.com already exist."}

2022-03-09 11:24:58 :: {"kathy.byrnes@exprealty.com":"Username kathy.byrnes@exprealty.com already exist."}

2022-03-09 11:24:58 :: {"karla.bush@exprealty.com":"Username karla.bush@exprealty.com already exist."}

2022-03-09 11:24:58 :: {"cherish.maze@exprealty.com":"Username cherish.maze@exprealty.com already exist."}

2022-03-09 11:24:58 :: {"kimanslow@gmail.com":"Username kimanslow@gmail.com already exist."}

2022-03-09 11:24:58 :: {"rachel.swedlund@exprealty.com":"Username rachel.swedlund@exprealty.com already exist."}

2022-03-09 11:24:58 :: {"megan.votruba@exprealty.com":"Username megan.votruba@exprealty.com already exist."}

2022-03-09 11:24:58 :: {"cooper@gogreenberg.com":"Username cooper@gogreenberg.com already exist."}

2022-03-09 11:24:58 :: {"mary.deininger@exprealty.com":"Username mary.deininger@exprealty.com already exist."}

2022-03-09 11:24:58 :: {"chris.phillis@exprealty.com":"Username chris.phillis@exprealty.com already exist."}

2022-03-09 11:24:58 :: {"adrian.maple@exprealty.com":"Username adrian.maple@exprealty.com already exist."}

2022-03-09 11:24:58 :: {"carlos.orozco@exprealty.com":"Username carlos.orozco@exprealty.com already exist."}

2022-03-09 11:24:58 :: {"deanna.evans@exprealty.com":"Username deanna.evans@exprealty.com already exist."}

2022-03-09 11:24:58 :: {"Scott@HartisPropertyExperts.com":"Username Scott@HartisPropertyExperts.com already exist."}

2022-03-09 11:24:58 :: {"meredith@listwithmeredith.com":"Username meredith@listwithmeredith.com already exist."}

2022-03-09 11:24:58 :: {"amy.collins@exprealty.com":"Username amy.collins@exprealty.com already exist."}

2022-03-09 11:24:58 :: {"stephanie@STAFFproperty.com":"Username stephanie@STAFFproperty.com already exist."}

2022-03-09 11:24:58 :: {"nick.macri@exprealty.com":"Username nick.macri@exprealty.com already exist."}

2022-03-09 11:24:58 :: {"kenyon.stanley@exprealty.com":"Username kenyon.stanley@exprealty.com already exist."}

2022-03-09 11:24:58 :: {"steve.fam@exprealty.com":"Username steve.fam@exprealty.com already exist."}

2022-03-09 11:24:58 :: {"lauren.rocco@exprealty.com":"Username lauren.rocco@exprealty.com already exist."}

2022-03-09 11:24:58 :: {"justin@jbossrealestate.com":"Username justin@jbossrealestate.com already exist."}

2022-03-09 11:24:58 :: {"megan.shaffer@exprealty.com":"Username megan.shaffer@exprealty.com already exist."}

2022-03-09 11:24:58 :: {"wendy.ayala@exprealty.com":"Username wendy.ayala@exprealty.com already exist."}

2022-03-09 11:24:58 :: {"david.rabon@exprealty.com":"Username david.rabon@exprealty.com already exist."}

2022-03-09 11:24:58 :: {"kenneth.culligan@exprealty.com":"Username kenneth.culligan@exprealty.com already exist."}

2022-03-09 11:24:58 :: {"jennifer.ledford@exprealty.com":"Username jennifer.ledford@exprealty.com already exist."}

2022-03-09 11:24:58 :: {"tammara.combs@exprealty.com":"Username tammara.combs@exprealty.com already exist."}

2022-03-09 11:24:58 :: {"jt.davis@exprealty.com":"Username jt.davis@exprealty.com already exist."}

2022-03-09 11:24:58 :: {"jason.ellsberry@exprealty.com":"Username jason.ellsberry@exprealty.com already exist."}

2022-03-09 11:24:58 :: {"cathy.burns@exprealty.com":"Username cathy.burns@exprealty.com already exist."}

2022-03-09 11:24:58 :: {"jeannie.striegel@exprealty.com":"Username jeannie.striegel@exprealty.com already exist."}

2022-03-09 11:24:58 :: {"sean.mccartney@exprealty.com":"Username sean.mccartney@exprealty.com already exist."}

2022-03-09 11:24:58 :: {"kelly@chtrealty.com":"Username kelly@chtrealty.com already exist."}

2022-03-09 11:24:58 :: {"homeswithkaykay@gmail.com":"Username homeswithkaykay@gmail.com already exist."}

2022-03-09 11:24:58 :: {"lindsay.lambert@exprealty.com":"Username lindsay.lambert@exprealty.com already exist."}

2022-03-09 11:24:58 :: {"tabetha.crump@exprealty.com":"Username tabetha.crump@exprealty.com already exist."}

2022-03-09 11:24:58 :: {"diane.maness@exprealty.com":"Username diane.maness@exprealty.com already exist."}

2022-03-09 11:24:58 :: {"keven.kossler@exprealty.com":"Username keven.kossler@exprealty.com already exist."}

2022-03-09 11:24:58 :: {"deann.scheppele@exprealty.com":"Username deann.scheppele@exprealty.com already exist."}

2022-03-09 11:24:58 :: {"tia.washington@exprealty.com":"Username tia.washington@exprealty.com already exist."}

2022-03-09 11:24:58 :: {"nicholas.dyke@exprealty.com":"Username nicholas.dyke@exprealty.com already exist."}

2022-03-09 11:24:58 :: {"tara.jaroszynski@exprealty.com":"Username tara.jaroszynski@exprealty.com already exist."}

2022-03-09 11:24:58 :: {"maranda.christensen@exprealty.com":"Username maranda.christensen@exprealty.com already exist."}

2022-03-09 11:24:58 :: {"pamela.sullivan@exprealty.com":"Username pamela.sullivan@exprealty.com already exist."}

2022-03-09 11:24:58 :: {"caten@murphyhomegroup.com":"Username caten@murphyhomegroup.com already exist."}

2022-03-09 11:24:58 :: {"dj.sule@exprealty.com":"Username dj.sule@exprealty.com already exist."}

2022-03-09 11:24:58 :: {"Heather.LepageJohnson@gmail.com":"Username Heather.LepageJohnson@gmail.com already exist."}

2022-03-09 11:24:58 :: {"benion.horton@exprealty.com":"Username benion.horton@exprealty.com already exist."}

2022-03-09 11:24:58 :: {"wail.faraj@exprealty.com":"Username wail.faraj@exprealty.com already exist."}

2022-03-09 11:24:58 :: {"vanessa.murray@exprealty.com":"Username vanessa.murray@exprealty.com already exist."}

2022-03-09 11:24:58 :: {"MikeLeeHomes@Gmail.com":"Username MikeLeeHomes@Gmail.com already exist."}

2022-03-09 11:24:58 :: {"crystal.mcmoore@exprealty.com":"Username crystal.mcmoore@exprealty.com already exist."}

2022-03-09 11:24:58 :: {"BreanaNance@gmail.com":"Username BreanaNance@gmail.com already exist."}

2022-03-09 11:24:58 :: {"nancy.lewis@exprealty.com":"Username nancy.lewis@exprealty.com already exist."}

2022-03-09 11:24:58 :: {"frank.coxx@exprealty.com":"Username frank.coxx@exprealty.com already exist."}

2022-03-09 11:24:58 :: {"bethany.raborn@exprealty.com":"Username bethany.raborn@exprealty.com already exist."}

2022-03-09 11:24:58 :: {"eric.schultz.56090@exprealty.com":"Username eric.schultz.56090@exprealty.com already exist."}

2022-03-09 11:24:58 :: {"enola.couture@exprealty.com":"Username enola.couture@exprealty.com already exist."}

2022-03-09 11:24:58 :: {"katherine.henderson@exprealty.com":"Username katherine.henderson@exprealty.com already exist."}

2022-03-09 11:24:58 :: {"tyrand.lawrence@exprealty.com":"Username tyrand.lawrence@exprealty.com already exist."}

2022-03-09 11:24:58 :: {"khoa.do@exprealty.com":"Username khoa.do@exprealty.com already exist."}

2022-03-09 11:24:58 :: {"blake.hill@exprealty.com":"Username blake.hill@exprealty.com already exist."}

2022-03-09 11:24:58 :: {"alisha.askew@exprealty.com":"Username alisha.askew@exprealty.com already exist."}

2022-03-09 11:24:58 :: {"kara.west@exprealty.com":"Username kara.west@exprealty.com already exist."}

2022-03-09 11:24:58 :: {"tashia.parker@exprealty.com":"Username tashia.parker@exprealty.com already exist."}

2022-03-09 11:24:58 :: {"stephanie.jamison@exprealty.com":"Username stephanie.jamison@exprealty.com already exist."}

2022-03-09 11:24:58 :: {"karen.desilva@exprealty.com":"Username karen.desilva@exprealty.com already exist."}

2022-03-09 11:24:58 :: {"gillian.baker@exprealty.com":"Username gillian.baker@exprealty.com already exist."}

2022-03-09 11:24:58 :: {"tajuanda.alford@exprealty.com":"Username tajuanda.alford@exprealty.com already exist."}

2022-03-09 11:24:58 :: {"jitka.sustrova@exprealty.com":"Username jitka.sustrova@exprealty.com already exist."}

2022-03-09 11:24:58 :: {"sharlana.martinez@exprealty.com":"Username sharlana.martinez@exprealty.com already exist."}

2022-03-09 11:24:58 :: {"michael.kastner@exprealty.com":"Username michael.kastner@exprealty.com already exist."}

2022-03-09 11:24:58 :: {"drew.mays@exprealty.com":"Username drew.mays@exprealty.com already exist."}

2022-03-09 11:24:58 :: {"chelsea.mcallister@exprealty.com":"Username chelsea.mcallister@exprealty.com already exist."}

2022-03-09 11:24:58 :: {"shannon.anderson@exprealty.com":"Username shannon.anderson@exprealty.com already exist."}

2022-03-09 11:24:58 :: {"johnathan.stallings@exprealty.com":"Username johnathan.stallings@exprealty.com already exist."}

2022-03-09 11:24:58 :: {"andrew.sutton@exprealty.com":"Username andrew.sutton@exprealty.com already exist."}

2022-03-09 11:24:58 :: {"leezah.pratt@exprealty.com":"Username leezah.pratt@exprealty.com already exist."}

2022-03-09 11:24:58 :: {"daniel.kallaur@exprealty.com":"Username daniel.kallaur@exprealty.com already exist."}

2022-03-09 11:24:58 :: {"natalie.miles@exprealty.com":"Username natalie.miles@exprealty.com already exist."}

2022-03-09 11:24:58 :: {"clifford.jeanes@exprealty.com":"Username clifford.jeanes@exprealty.com already exist."}

2022-03-09 11:24:58 :: {"joann.rosinski@exprealty.com":"Username joann.rosinski@exprealty.com already exist."}

2022-03-09 11:24:58 :: {"shawn.eckles@exprealty.com":"Email shawn.eckles@exprealty.com already exist."}

2022-03-09 11:24:58 :: {"tasha@rawlsandassociates.com":"Username tasha@rawlsandassociates.com already exist."}

2022-03-09 11:24:58 :: {"cw@conniewardrealty.com":"Username cw@conniewardrealty.com already exist."}

2022-03-09 11:24:58 :: {"david.bitter@exprealty.com":"Username david.bitter@exprealty.com already exist."}

2022-03-09 11:24:58 :: {"shane.gordon@exprealty.com":"Username shane.gordon@exprealty.com already exist."}

2022-03-09 11:24:58 :: {"demetrius.dawson@exprealty.com":"Username demetrius.dawson@exprealty.com already exist."}

2022-03-09 11:24:58 :: {"cookie@go4caroinahomes.com":"Username cookie@go4caroinahomes.com already exist."}

2022-03-09 11:24:58 :: {"michael.glaspie@fivepillarsrealty.com":"Username michael.glaspie@fivepillarsrealty.com already exist."}

2022-03-09 11:24:58 :: {"alexa.jordan@exprealty.com":"Username alexa.jordan@exprealty.com already exist."}

2022-03-09 11:24:58 :: {"tami.gould@exprealty.com":"Username tami.gould@exprealty.com already exist."}

2022-03-09 11:24:58 :: {"holly.gantt@exprealty.com":"Username holly.gantt@exprealty.com already exist."}

2022-03-09 11:24:58 :: {"thais.reeder@exprealty.com":"Username thais.reeder@exprealty.com already exist."}

2022-03-09 11:24:58 :: {"alyssa.currier@exprealty.com":"Username alyssa.currier@exprealty.com already exist."}

2022-03-09 11:24:58 :: {"lauren.bitton@exprealty.com":"Username lauren.bitton@exprealty.com already exist."}

2022-03-09 11:24:58 :: {"brandon.foley@exprealty.com":"Username brandon.foley@exprealty.com already exist."}

2022-03-09 11:24:58 :: {"laura.ohnstad@exprealty.com":"Username laura.ohnstad@exprealty.com already exist."}

2022-03-09 11:24:58 :: {"jennifer.duque@exprealty.com":"Username jennifer.duque@exprealty.com already exist."}

2022-03-09 11:24:58 :: {"neetu.singh@exprealty.com":"Username neetu.singh@exprealty.com already exist."}

2022-03-09 11:24:58 :: {"judith.beard@exprealty.com":"Username judith.beard@exprealty.com already exist."}

2022-03-09 11:24:58 :: {"tramaine.joseph@exprealty.com":"Username tramaine.joseph@exprealty.com already exist."}

2022-03-09 11:24:58 :: {"miguel.cerpa@exprealty.com":"Username miguel.cerpa@exprealty.com already exist."}

2022-03-09 11:24:58 :: {"danita.mitchell@exprealty.com":"Username danita.mitchell@exprealty.com already exist."}

2022-03-09 11:24:58 :: {"peter.hubert@exprealty.com":"Username peter.hubert@exprealty.com already exist."}

2022-03-09 11:24:58 :: {"timdavis@exprealty.com":"Username timdavis@exprealty.com already exist."}

2022-03-09 11:24:58 :: {"sarah.defrances@exprealty.com":"Username sarah.defrances@exprealty.com already exist."}

2022-03-09 11:24:58 :: {"randall.atkinson@exprealty.com":"Username randall.atkinson@exprealty.com already exist."}

2022-03-09 11:24:58 :: {"debatista.reyes@exprealty.com":"Username debatista.reyes@exprealty.com already exist."}

2022-03-09 11:24:58 :: {"nuris.hollowell@exprealty.com":"Username nuris.hollowell@exprealty.com already exist."}

2022-03-09 11:24:58 :: {"steph.williams@exprealty.com":"Username steph.williams@exprealty.com already exist."}

2022-03-09 11:24:58 :: {"hallee.hauser@exprealty.com":"Username hallee.hauser@exprealty.com already exist."}

2022-03-09 11:24:58 :: {"krystal.barringer@exprealty.com":"Username krystal.barringer@exprealty.com already exist."}

2022-03-09 11:24:58 :: {"clifton.boone@exprealty.com":"Username clifton.boone@exprealty.com already exist."}

2022-03-09 11:24:58 :: {"katie@scarlettpropertygroup.com":"Username katie@scarlettpropertygroup.com already exist."}

2022-03-09 11:24:58 :: {"tonia.barrino@exprealty.com":"Username tonia.barrino@exprealty.com already exist."}

2022-03-09 11:24:58 :: {"manzura.bender@exprealty.com":"Username manzura.bender@exprealty.com already exist."}

2022-03-09 11:24:58 :: {"kimberly.parker@exprealty.com":"Username kimberly.parker@exprealty.com already exist."}

2022-03-09 11:24:58 :: {"patricia.brooks@exprealty.com":"Username patricia.brooks@exprealty.com already exist."}

2022-03-09 11:24:58 :: {"sylvia.gause@exprealty.com":"Username sylvia.gause@exprealty.com already exist."}

2022-03-09 11:24:58 :: {"tonya.rose@exprealty.com":"Username tonya.rose@exprealty.com already exist."}

2022-03-09 11:24:58 :: {"kristie.ferguson@exprealty.com":"Username kristie.ferguson@exprealty.com already exist."}

2022-03-09 11:24:58 :: {"myra.logan@exprealty.com":"Username myra.logan@exprealty.com already exist."}

2022-03-09 11:24:58 :: {"ivelissedunstonrealtor@gmail.com":"Username ivelissedunstonrealtor@gmail.com already exist."}

2022-03-09 11:24:58 :: {"megan.ramsey@exprealty.com":"Username megan.ramsey@exprealty.com already exist."}

2022-03-09 11:24:58 :: {"makayla.kasey@exprealty.com":"Username makayla.kasey@exprealty.com already exist."}

2022-03-09 11:24:58 :: {"wayne.theurer@exprealty.com":"Username wayne.theurer@exprealty.com already exist."}

2022-03-09 11:24:58 :: {"robin.nicholson@exprealty.com":"Username robin.nicholson@exprealty.com already exist."}

2022-03-09 11:24:58 :: {"deniiya.reed@exprealty.com":"Username deniiya.reed@exprealty.com already exist."}

2022-03-09 11:24:58 :: {"ayana.smalls@exprealty.com":"Username ayana.smalls@exprealty.com already exist."}

2022-03-09 11:24:58 :: {"tselane.legrand@exprealty.com":"Username tselane.legrand@exprealty.com already exist."}

2022-03-09 11:24:58 :: {"dana.beck@exprealty.com":"Username dana.beck@exprealty.com already exist."}

2022-03-09 11:24:58 :: {"samuel.menchinger@exprealty.com":"Username samuel.menchinger@exprealty.com already exist."}

2022-03-09 11:24:58 :: {"laura.cook@exprealty.com":"Username laura.cook@exprealty.com already exist."}

2022-03-09 11:24:58 :: {"robert.horne@exprealty.com":"Username robert.horne@exprealty.com already exist."}

2022-03-09 11:24:58 :: {"cynthia.stewart@exprealty.com":"Username cynthia.stewart@exprealty.com already exist."}

2022-03-09 11:24:58 :: {"catriona.savage@exprealty.com":"Username catriona.savage@exprealty.com already exist."}

2022-03-09 11:24:58 :: {"gabriela.reyes@exprealty.com":"Username gabriela.reyes@exprealty.com already exist."}

2022-03-09 11:24:58 :: {"steve.ly@exprealty.com":"Username steve.ly@exprealty.com already exist."}

2022-03-09 11:24:58 :: {"darlene.hopes@exprealty.com":"Username darlene.hopes@exprealty.com already exist."}

2022-03-09 11:24:58 :: {"charlesharbison.harbison@exprealty.com":"Username charlesharbison.harbison@exprealty.com already exist."}

2022-03-09 11:24:58 :: {"stephonmeadors@gmail.com":"Username stephonmeadors@gmail.com already exist."}

2022-03-09 11:24:58 :: {"chieh.kuo@exprealty.com":"Username chieh.kuo@exprealty.com already exist."}

2022-03-09 11:24:58 :: {"courtney.gaston@exprealty.com":"Username courtney.gaston@exprealty.com already exist."}

2022-03-09 11:24:58 :: {"robert.mcclure@exprealty.com":"Username robert.mcclure@exprealty.com already exist."}

2022-03-09 11:24:58 :: {"karen.cynowa@exprealty.com":"Username karen.cynowa@exprealty.com already exist."}

2022-03-09 11:24:58 :: {"frank.deaton@exprealty.com":"Username frank.deaton@exprealty.com already exist."}

2022-03-09 11:24:58 :: {"LyndaMakEXP@gmail.com":"Username LyndaMakEXP@gmail.com already exist."}

2022-03-09 11:24:58 :: {"jeff.markus@exprealty.com":"Username jeff.markus@exprealty.com already exist."}

2022-03-09 11:24:58 :: {"kelly@dtcrealty.com":"Username kelly@dtcrealty.com already exist."}

2022-03-09 11:24:58 :: {"amanda.guy@exprealty.com":"Username amanda.guy@exprealty.com already exist."}

2022-03-09 11:24:58 :: {"jamal.ajani@exprealty.com":"Username jamal.ajani@exprealty.com already exist."}

2022-03-09 11:24:58 :: {"wydea.merchant@exprealty.com":"Username wydea.merchant@exprealty.com already exist."}

2022-03-09 11:24:58 :: {"william.corbett@exprealty.com":"Username william.corbett@exprealty.com already exist."}

2022-03-09 11:24:58 :: {"antonio.echols@exprealty.com":"Username antonio.echols@exprealty.com already exist."}

2022-03-09 11:24:58 :: {"mickal.speller@exprealty.com":"Username mickal.speller@exprealty.com already exist."}

2022-03-09 11:24:58 :: {"yesenia.fernandez@exprealty.com":"Username yesenia.fernandez@exprealty.com already exist."}

2022-03-09 11:24:58 :: {"david.doar@exprealty.com":"Username david.doar@exprealty.com already exist."}

2022-03-09 11:24:58 :: {"brezandia.gaither@exprealty.com":"Username brezandia.gaither@exprealty.com already exist."}

2022-03-09 11:24:58 :: {"ava.blount@exprealty.com":"Username ava.blount@exprealty.com already exist."}

2022-03-09 11:24:58 :: {"chris@teamconlon.com":"Username chris@teamconlon.com already exist."}

2022-03-09 11:24:58 :: {"terrance.l.clark@exprealty.com":"Username terrance.l.clark@exprealty.com already exist."}

2022-03-09 11:24:58 :: {"anthony.canterberry@exprealty.com":"Username anthony.canterberry@exprealty.com already exist."}

2022-03-09 11:24:58 :: {"nicholas.icard@exprealty.com":"Username nicholas.icard@exprealty.com already exist."}

2022-03-09 11:24:58 :: {"priti.dadhaniya@exprealty.com":"Username priti.dadhaniya@exprealty.com already exist."}

2022-03-09 11:24:58 :: {"autumn.mccarver@exprealty.com":"Username autumn.mccarver@exprealty.com already exist."}

2022-03-09 11:24:58 :: {"tracey.henson@exprealty.com":"Username tracey.henson@exprealty.com already exist."}

2022-03-09 11:24:58 :: {"davidkalashnik@gmail.com":"Username davidkalashnik@gmail.com already exist."}

2022-03-09 11:24:58 :: {"melisa.walker@exprealty.com":"Username melisa.walker@exprealty.com already exist."}

2022-03-09 11:24:58 :: {"andrew.w.collins@exprealty.com":"Username andrew.w.collins@exprealty.com already exist."}

2022-03-09 11:24:58 :: {"linda.beverley@exprealty.com":"Username linda.beverley@exprealty.com already exist."}

2022-03-09 11:24:58 :: {"david.desilva@exprealty.com":"Username david.desilva@exprealty.com already exist."}

2022-03-09 11:24:58 :: {"emma.swindells@exprealty.com":"Username emma.swindells@exprealty.com already exist."}

2022-03-09 11:24:58 :: {"fred.tonsing@exprealty.com":"Username fred.tonsing@exprealty.com already exist."}

2022-03-09 11:24:58 :: {"taylor.woods@exprealty.com":"Username taylor.woods@exprealty.com already exist."}

2022-03-09 11:24:58 :: {"katiebeattysellsthecarolinas@gmail.com":"Username katiebeattysellsthecarolinas@gmail.com already exist."}

2022-03-09 11:24:58 :: {"ondrea.nightingale@exprealty.com":"Username ondrea.nightingale@exprealty.com already exist."}

2022-03-09 11:24:58 :: {"dale.antrim@exprealty.com":"Username dale.antrim@exprealty.com already exist."}

2022-03-09 11:24:58 :: {"ivan.soto@exprealty.com":"Username ivan.soto@exprealty.com already exist."}

2022-03-09 11:24:58 :: {"david.morton@exprealty.com":"Username david.morton@exprealty.com already exist."}

2022-03-09 11:24:58 :: {"adrienne.jones@exprealty.com":"Username adrienne.jones@exprealty.com already exist."}

2022-03-09 11:24:58 :: {"kaih.reed@exprealty.com":"Username kaih.reed@exprealty.com already exist."}

2022-03-09 11:24:58 :: {"susan.mccain@exprealty.com":"Username susan.mccain@exprealty.com already exist."}

2022-03-09 11:24:58 :: {"denis.pista@exprealty.com":"Username denis.pista@exprealty.com already exist."}

2022-03-09 11:24:58 :: {"heather.grove@exprealty.com":"Username heather.grove@exprealty.com already exist."}

2022-03-09 11:24:58 :: {"marcus.dilley@exprealty.com":"Username marcus.dilley@exprealty.com already exist."}

2022-03-09 11:24:58 :: {"andrew.stark@exprealty.com":"Username andrew.stark@exprealty.com already exist."}

2022-03-09 11:24:58 :: {"kyle.bender@exprealty.com":"Username kyle.bender@exprealty.com already exist."}

2022-03-09 11:24:58 :: {"maria.morgan@exprealty.com":"Username maria.morgan@exprealty.com already exist."}

2022-03-09 11:24:58 :: {"jennifer.beck@exprealty.com":"Username jennifer.beck@exprealty.com already exist."}

2022-03-09 11:24:58 :: {"bobby.mcdonald@exprealty.com":"Username bobby.mcdonald@exprealty.com already exist."}

2022-03-09 11:24:58 :: {"shawn.cunningham@exprealty.com":"Username shawn.cunningham@exprealty.com already exist."}

2022-03-09 11:24:58 :: {"marquis.yarborough@exprealty.com":"Username marquis.yarborough@exprealty.com already exist."}

2022-03-09 11:24:58 :: {"daniel.m.turner@exprealty.com":"Username daniel.m.turner@exprealty.com already exist."}

2022-03-09 11:24:58 :: {"jennifer.diaz@exprealty.com":"Username jennifer.diaz@exprealty.com already exist."}

2022-03-09 11:24:58 :: {"Kurt@macgroupclt.com":"Username Kurt@macgroupclt.com already exist."}

2022-03-09 11:24:58 :: {"lonnie@kenlonpark.com":"Username lonnie@kenlonpark.com already exist."}

2022-03-09 11:24:58 :: {"christopher.b.kelly@exprealty.com":"Username christopher.b.kelly@exprealty.com already exist."}

2022-03-09 11:24:58 :: {"karen.davenport@exprealty.com":"Username karen.davenport@exprealty.com already exist."}

2022-03-09 11:24:58 :: {"samantha.norden@exprealty.com":"Username samantha.norden@exprealty.com already exist."}

2022-03-09 11:24:58 :: {"chuck@chuckharrisrealestate.com":"Username chuck@chuckharrisrealestate.com already exist."}

2022-03-09 11:24:58 :: {"ronny.chakra@exprealty.com":"Username ronny.chakra@exprealty.com already exist."}

2022-03-09 11:24:58 :: {"conrad.bastien@exprealty.com":"Username conrad.bastien@exprealty.com already exist."}

2022-03-09 11:24:58 :: {"essence.legrande@exprealty.com":"Username essence.legrande@exprealty.com already exist."}

2022-03-09 11:24:58 :: {"kezia.boyd@exprealty.com":"Username kezia.boyd@exprealty.com already exist."}

2022-03-09 11:24:58 :: {"joseph.bugica@exprealty.com":"Username joseph.bugica@exprealty.com already exist."}

2022-03-09 11:24:58 :: {"kyleshelton@sheltonpg.com":"Username kyleshelton@sheltonpg.com already exist."}

2022-03-09 11:24:58 :: {"andrea.williams@exprealty.com":"Username andrea.williams@exprealty.com already exist."}

2022-03-09 11:24:58 :: {"nicole.jordan@exprealty.com":"Username nicole.jordan@exprealty.com already exist."}

2022-03-09 11:24:58 :: {"nicholas.lowery@exprealty.com":"Username nicholas.lowery@exprealty.com already exist."}

2022-03-09 11:24:58 :: {"jequila.leslie@exprealty.com":"Username jequila.leslie@exprealty.com already exist."}

2022-03-09 11:24:58 :: {"alondra.ramirez@exprealty.com":"Username alondra.ramirez@exprealty.com already exist."}

2022-03-09 11:24:58 :: {"lauren.edwards@exprealty.com":"Username lauren.edwards@exprealty.com already exist."}

2022-03-09 11:24:58 :: {"ana.aponte@exprealty.com":"Username ana.aponte@exprealty.com already exist."}

2022-03-09 11:24:58 :: {"mike.boston@exprealty.com":"Username mike.boston@exprealty.com already exist."}

2022-03-09 11:24:58 :: {"jodi.hodge@exprealty.com":"Username jodi.hodge@exprealty.com already exist."}

2022-03-09 11:24:58 :: {"robert.deshields@exprealty.com":"Username robert.deshields@exprealty.com already exist."}

2022-03-09 11:24:58 :: {"kelly.albertson@exprealty.com":"Username kelly.albertson@exprealty.com already exist."}

2022-03-09 11:24:58 :: {"krista.cutler@exprealty.com":"Username krista.cutler@exprealty.com already exist."}

2022-03-09 11:24:58 :: {"rachel.english@exprealty.com":"Username rachel.english@exprealty.com already exist."}

2022-03-09 11:24:58 :: {"tyler.greene@exprealty.com":"Username tyler.greene@exprealty.com already exist."}

2022-03-09 11:24:58 :: {"mariola.schubbe@exprealty.com":"Username mariola.schubbe@exprealty.com already exist."}

2022-03-09 11:24:58 :: {"kelley.cosbodillo@exprealty.com":"Username kelley.cosbodillo@exprealty.com already exist."}

2022-03-09 11:24:58 :: {"jonathan.hickman@exprealty.com":"Username jonathan.hickman@exprealty.com already exist."}

2022-03-09 11:24:58 :: {"lufudu.shungu@exprealty.com":"Username lufudu.shungu@exprealty.com already exist."}

2022-03-09 11:24:58 :: {"katherine.b.williams@exprealty.com":"Username katherine.b.williams@exprealty.com already exist."}

2022-03-09 11:24:58 :: {"scott.demotta@exprealty.com":"Username scott.demotta@exprealty.com already exist."}

2022-03-09 11:24:58 :: {"duane.lee@exprealty.com":"Username duane.lee@exprealty.com already exist."}

2022-03-09 11:24:58 :: {"lilly.gerstner@exprealty.com":"Username lilly.gerstner@exprealty.com already exist."}

2022-03-09 11:24:58 :: {"bennie.gray@exprealty.com":"Username bennie.gray@exprealty.com already exist."}

2022-03-09 11:24:58 :: {"sandy.bondurant@exprealty.com":"Username sandy.bondurant@exprealty.com already exist."}

2022-03-09 11:24:58 :: {"julie.prudhomme@exprealty.com":"Username julie.prudhomme@exprealty.com already exist."}

2022-03-09 11:24:58 :: {"tyler.ferguson@exprealty.com":"Username tyler.ferguson@exprealty.com already exist."}

2022-03-09 11:24:58 :: {"robi.schreckhise@exprealty.com":"Username robi.schreckhise@exprealty.com already exist."}

2022-03-09 11:24:58 :: {"linda.abraham@exprealty.com":"Username linda.abraham@exprealty.com already exist."}

2022-03-09 11:24:58 :: {"kathleen.swanson@exprealty.com":"Username kathleen.swanson@exprealty.com already exist."}

2022-03-09 11:24:58 :: {"vitali.matskevich@exprealty.com":"Username vitali.matskevich@exprealty.com already exist."}

2022-03-09 11:24:58 :: {"megan.warrick@exprealty.com":"Username megan.warrick@exprealty.com already exist."}

2022-03-09 11:24:58 :: {"anthony.jackson@exprealty.com":"Username anthony.jackson@exprealty.com already exist."}

2022-03-09 11:24:58 :: {"allison.long@exprealty.com":"Username allison.long@exprealty.com already exist."}

2022-03-09 11:24:58 :: {"kathryn.burton@exprealty.com":"Username kathryn.burton@exprealty.com already exist."}

2022-03-09 11:24:58 :: {"shon.gardner@exprealty.com":"Username shon.gardner@exprealty.com already exist."}

2022-03-09 11:24:58 :: {"brian.dugan@exprealty.com":"Username brian.dugan@exprealty.com already exist."}

2022-03-09 11:24:58 :: {"dustin.george@exprealty.com":"Username dustin.george@exprealty.com already exist."}

2022-03-09 11:24:58 :: {"latisha.langston@exprealty.com":"Username latisha.langston@exprealty.com already exist."}

2022-03-09 11:24:58 :: {"william.burns@exprealty.com":"Username william.burns@exprealty.com already exist."}

2022-03-09 11:24:58 :: {"tashunna.little@exprealty.com":"Username tashunna.little@exprealty.com already exist."}

2022-03-09 11:24:58 :: {"genehowardhomes@gmail.com":"Username genehowardhomes@gmail.com already exist."}

2022-03-09 11:24:58 :: {"ashlyn.austin@exprealty.com":"Username ashlyn.austin@exprealty.com already exist."}

2022-03-09 11:24:58 :: {"tanea.lashtur@exprealty.com":"Username tanea.lashtur@exprealty.com already exist."}

2022-03-09 11:24:58 :: {"terry.bourgeois@exprealty.com":"Username terry.bourgeois@exprealty.com already exist."}

2022-03-09 11:24:58 :: {"garrett.hoag@exprealty.com":"Username garrett.hoag@exprealty.com already exist."}

2022-03-09 11:24:58 :: {"khadija.debk@exprealty.com":"Username khadija.debk@exprealty.com already exist."}

2022-03-09 11:24:58 :: {"caroline.byrnes@exprealty.com":"Username caroline.byrnes@exprealty.com already exist."}

2022-03-09 11:24:58 :: {"mel.roy@exprealty.com":"Username mel.roy@exprealty.com already exist."}

2022-03-09 11:24:58 :: {"kim.pham@exprealty.com":"Username kim.pham@exprealty.com already exist."}

2022-03-09 11:24:58 :: {"francesca.v.suppa@exprealty.com":"Username francesca.v.suppa@exprealty.com already exist."}

2022-03-09 11:24:58 :: {"david.watson@exprealty.com":"Username david.watson@exprealty.com already exist."}

2022-03-09 11:24:58 :: {"viva.loyd@exprealty.com":"Username viva.loyd@exprealty.com already exist."}

2022-03-09 11:24:58 :: {"darius.white@exprealty.com":"Username darius.white@exprealty.com already exist."}

2022-03-09 11:24:58 :: {"tsha.gilchrist@exprealty.com":"Username tsha.gilchrist@exprealty.com already exist."}

2022-03-09 11:24:58 :: {"todd.davey@exprealty.com":"Username todd.davey@exprealty.com already exist."}

2022-03-09 11:24:58 :: {"adrian.hill@exprealty.com":"Username adrian.hill@exprealty.com already exist."}

2022-03-09 11:24:58 :: {"robert.zanicchi@exprealty.com":"Username robert.zanicchi@exprealty.com already exist."}

2022-03-09 11:24:58 :: {"eric.gutt@exprealty.com":"Username eric.gutt@exprealty.com already exist."}

2022-03-09 11:24:58 :: {"karen.steward@exprealty.com":"Username karen.steward@exprealty.com already exist."}

2022-03-09 11:24:58 :: {"anna.lamborn@exprealty.com":"Username anna.lamborn@exprealty.com already exist."}

2022-03-09 11:24:58 :: {"sidney.keesling@exprealty.com":"Username sidney.keesling@exprealty.com already exist."}

2022-03-09 11:24:58 :: {"tyler.lee@exprealty.com":"Username tyler.lee@exprealty.com already exist."}

2022-03-09 11:24:58 :: {"kristen.ard@exprealty.com":"Username kristen.ard@exprealty.com already exist."}

2022-03-09 11:24:58 :: {"kimberly.zagora@exprealty.com":"Username kimberly.zagora@exprealty.com already exist."}

2022-03-09 11:24:58 :: {"chavez.bowman@exprealty.com":"Username chavez.bowman@exprealty.com already exist."}

2022-03-09 11:24:58 :: {"john.fitzpatrick.91304@exprealty.com":"Username john.fitzpatrick.91304@exprealty.com already exist."}

2022-03-09 11:24:58 :: {"sealstina.pearson-lemon@exprealty.com":"Username sealstina.pearson-lemon@exprealty.com already exist."}

2022-03-09 11:24:58 :: {"olivia.walker@exprealty.com":"Username olivia.walker@exprealty.com already exist."}

2022-03-09 11:24:58 :: {"lara.hill@exprealty.com":"Username lara.hill@exprealty.com already exist."}

2022-03-09 11:24:58 :: {"rebecca.radhuber@exprealty.com":"Username rebecca.radhuber@exprealty.com already exist."}

2022-03-09 11:24:58 :: {"catherine.rojas@exprealty.com":"Username catherine.rojas@exprealty.com already exist."}

2022-03-09 11:24:58 :: {"erica.m.smith@exprealty.com":"Username erica.m.smith@exprealty.com already exist."}

2022-03-09 11:24:58 :: {"ann.hartley@exprealty.com":"Username ann.hartley@exprealty.com already exist."}

2022-03-09 11:24:58 :: {"terry.mcdonald@exprealty.com":"Username terry.mcdonald@exprealty.com already exist."}

2022-03-09 11:24:58 :: {"mallory.kridler@exprealty.com":"Username mallory.kridler@exprealty.com already exist."}

2022-03-09 11:24:58 :: {"julius.chamberlain@exprealty.com":"Username julius.chamberlain@exprealty.com already exist."}

2022-03-09 11:24:58 :: {"lori.latevola@exprealty.com":"Username lori.latevola@exprealty.com already exist."}

2022-03-09 11:24:58 :: {"gregory.mcelmurry@exprealty.com":"Username gregory.mcelmurry@exprealty.com already exist."}

2022-03-09 11:24:58 :: {"carla.means-silva@exprealty.com":"Username carla.means-silva@exprealty.com already exist."}

2022-03-09 11:24:58 :: {"kourtney.hogan@exprealty.com":"Username kourtney.hogan@exprealty.com already exist."}

2022-03-09 11:24:58 :: {"catherine.savitch@exprealty.com":"Username catherine.savitch@exprealty.com already exist."}

2022-03-09 11:24:58 :: {"derek.schuler@exprealty.com":"Username derek.schuler@exprealty.com already exist."}

2022-03-09 11:24:58 :: {"mike.luick@exprealty.com":"Username mike.luick@exprealty.com already exist."}

2022-03-09 11:24:58 :: {"victoria.burch@exprealty.com":"Username victoria.burch@exprealty.com already exist."}

2022-03-09 11:24:58 :: {"jenny.simon@exprealty.com":"Username jenny.simon@exprealty.com already exist."}

2022-03-09 11:24:58 :: {"lina.vasquez@exprealty.com":"Username lina.vasquez@exprealty.com already exist."}

2022-03-09 11:24:58 :: {"latasha.ross@exprealty.com":"Username latasha.ross@exprealty.com already exist."}

2022-03-09 11:24:58 :: {"rachel.dibenedetto@exprealty.com":"Username rachel.dibenedetto@exprealty.com already exist."}

2022-03-09 11:24:58 :: {"eric.t.davis@exprealty.com":"Username eric.t.davis@exprealty.com already exist."}

2022-03-09 11:24:58 :: {"lounoujaimhomes@gmail.com":"Username lounoujaimhomes@gmail.com already exist."}

2022-03-09 11:24:58 :: {"drewan.johnson@exprealty.com":"Username drewan.johnson@exprealty.com already exist."}

2022-03-09 11:24:58 :: {"leydy.cruz@exprealty.com":"Username leydy.cruz@exprealty.com already exist."}

2022-03-09 11:24:58 :: {"tamara.wallace@exprealty.com":"Username tamara.wallace@exprealty.com already exist."}

2022-03-09 11:24:58 :: {"kymberlyn.gardner@exprealty.com":"Username kymberlyn.gardner@exprealty.com already exist."}

2022-03-09 11:24:58 :: {"julie.a.brown@exprealty.com":"Username julie.a.brown@exprealty.com already exist."}

2022-03-09 11:24:58 :: {"jessica.berube@exprealty.com":"Username jessica.berube@exprealty.com already exist."}

2022-03-09 11:24:58 :: {"matthew.johnson@exprealty.com":"Username matthew.johnson@exprealty.com already exist."}

2022-03-09 11:24:58 :: {"ted.watkins@exprealty.com":"Username ted.watkins@exprealty.com already exist."}

2022-03-09 11:24:58 :: {"lashunta.little-williams@exprealty.com":"Username lashunta.little-williams@exprealty.com already exist."}

2022-03-09 11:24:58 :: {"jason.ratliff@exprealty.com":"Username jason.ratliff@exprealty.com already exist."}

2022-03-09 11:24:58 :: {"andrew.snow@exprealty.com":"Username andrew.snow@exprealty.com already exist."}

2022-03-09 11:24:58 :: {"mark.hutchins@exprealty.com":"Username mark.hutchins@exprealty.com already exist."}

2022-03-09 11:24:58 :: {"christian.childers@exprealty.com":"Username christian.childers@exprealty.com already exist."}

2022-03-09 11:24:58 :: {"shareef.johnson@exprealty.com":"Username shareef.johnson@exprealty.com already exist."}

2022-03-09 11:24:58 :: {"angie.williams@exprealty.com":"Username angie.williams@exprealty.com already exist."}

2022-03-09 11:24:58 :: {"samuel.wade@exprealty.com":"Username samuel.wade@exprealty.com already exist."}

2022-03-09 11:24:58 :: {"suri.soto@exprealty.com":"Username suri.soto@exprealty.com already exist."}

2022-03-09 11:24:58 :: {"jonathon.mcgowan@exprealty.com":"Username jonathon.mcgowan@exprealty.com already exist."}

2022-03-09 11:24:58 :: {"amy.rinehart@exprealty.com":"Username amy.rinehart@exprealty.com already exist."}

2022-03-09 11:24:58 :: {"john.green@exprealty.com":"Username john.green@exprealty.com already exist."}

2022-03-09 11:24:58 :: {"ian.tudor@exprealty.com":"Username ian.tudor@exprealty.com already exist."}

2022-03-09 11:24:58 :: {"theresa.hughes@exprealty.com":"Username theresa.hughes@exprealty.com already exist."}

2022-03-09 11:24:58 :: {"karen.clark.59299@exprealty.com":"Username karen.clark.59299@exprealty.com already exist."}

2022-03-09 11:24:58 :: {"jane.dell@exprealty.com":"Username jane.dell@exprealty.com already exist."}

2022-03-09 11:24:58 :: {"whitney.springs@exprealty.com":"Username whitney.springs@exprealty.com already exist."}

2022-03-09 11:24:58 :: {"silvia.alvarado@exprealty.com":"Username silvia.alvarado@exprealty.com already exist."}

2022-03-09 11:24:58 :: {"prince.adewoyin@exprealty.com":"Username prince.adewoyin@exprealty.com already exist."}

2022-03-09 11:24:58 :: {"rebecca.stewart@exprealty.com":"Username rebecca.stewart@exprealty.com already exist."}

2022-03-09 11:24:58 :: {"eden.kidane@exprealty.com":"Username eden.kidane@exprealty.com already exist."}

2022-03-09 11:24:58 :: {"julie.maynor@exprealty.com":"Username julie.maynor@exprealty.com already exist."}

2022-03-09 11:24:58 :: {"andrew.greenberg@exprealty.com":"Username andrew.greenberg@exprealty.com already exist."}

2022-03-09 11:24:58 :: {"kevin.hall@exprealty.com":"Username kevin.hall@exprealty.com already exist."}

2022-03-09 11:24:58 :: {"angela.c.link@exprealty.com":"Username angela.c.link@exprealty.com already exist."}

2022-03-09 11:24:58 :: {"alison.yeloushan@exprealty.com":"Username alison.yeloushan@exprealty.com already exist."}

2022-03-09 11:24:58 :: {"susannah.littlefield@exprealty.com":"Username susannah.littlefield@exprealty.com already exist."}

2022-03-09 11:24:58 :: {"gabrielle.mckenzie@exprealty.com":"Username gabrielle.mckenzie@exprealty.com already exist."}

2022-03-09 11:24:58 :: {"jessica.l.roberts@exprealty.com":"Username jessica.l.roberts@exprealty.com already exist."}

2022-03-09 11:24:58 :: {"jordan.guy@exprealty.com":"Username jordan.guy@exprealty.com already exist."}

2022-03-09 11:24:58 :: {"raymon.trowery@exprealty.com":"Username raymon.trowery@exprealty.com already exist."}

2022-03-09 11:24:58 :: {"glenston.thom@exprealty.com":"Username glenston.thom@exprealty.com already exist."}

2022-03-09 11:24:58 :: {"luz.bodero@exprealty.com":"Username luz.bodero@exprealty.com already exist."}

2022-03-09 11:24:58 :: {"danielle.potter@exprealty.com":"Username danielle.potter@exprealty.com already exist."}

2022-03-09 11:24:58 :: {"sherry.livingston@exprealty.com":"Username sherry.livingston@exprealty.com already exist."}

2022-03-09 11:24:58 :: {"carleen.edwards@exprealty.com":"Username carleen.edwards@exprealty.com already exist."}

2022-03-09 11:24:58 :: {"adrienne.morris@exprealty.com":"Username adrienne.morris@exprealty.com already exist."}

2022-03-09 11:24:58 :: {"pam.bajorek@exprealty.com":"Username pam.bajorek@exprealty.com already exist."}

2022-03-09 11:24:58 :: {"patricia.botero@exprealty.com":"Username patricia.botero@exprealty.com already exist."}

2022-03-09 11:24:58 :: {"nicole.stillman@exprealty.com":"Username nicole.stillman@exprealty.com already exist."}

2022-03-09 11:24:58 :: {"kendra.kimball@exprealty.com":"Username kendra.kimball@exprealty.com already exist."}

2022-03-09 11:24:58 :: {"jacob.mann@exprealty.com":"Username jacob.mann@exprealty.com already exist."}

2022-03-09 11:24:58 :: {"latosha.murphy@exprealty.com":"Username latosha.murphy@exprealty.com already exist."}

2022-03-09 11:24:58 :: {"ahmed.salem@exprealty.com":"Username ahmed.salem@exprealty.com already exist."}

2022-03-09 11:24:58 :: {"dennis.mcmanus@exprealty.com":"Username dennis.mcmanus@exprealty.com already exist."}

2022-03-09 11:24:58 :: {"suzanne.collins.101453@exprealty.com":"Username suzanne.collins.101453@exprealty.com already exist."}

2022-03-09 11:24:58 :: {"tiffany.macomson@exprealty.com":"Username tiffany.macomson@exprealty.com already exist."}

2022-03-09 11:24:58 :: {"gretchen.burleson@exprealty.com":"Username gretchen.burleson@exprealty.com already exist."}

2022-03-09 11:24:58 :: {"yolanda.rhodes@exprealty.com":"Username yolanda.rhodes@exprealty.com already exist."}

2022-03-09 11:24:58 :: {"john.lanze@exprealty.com":"Username john.lanze@exprealty.com already exist."}

2022-03-09 11:24:58 :: {"janae@mcafeeandco.com":"Username janae@mcafeeandco.com already exist."}

2022-03-09 11:24:58 :: {"latriece.powell@exprealty.com":"Username latriece.powell@exprealty.com already exist."}

2022-03-09 11:24:58 :: {"erin.coffey@exprealty.com":"Username erin.coffey@exprealty.com already exist."}

2022-03-09 11:24:58 :: {"karitsa.kerns@exprealty.com":"Username karitsa.kerns@exprealty.com already exist."}

2022-03-09 11:24:58 :: {"charles.loudermilk@exprealty.com":"Username charles.loudermilk@exprealty.com already exist."}

2022-03-09 11:24:58 :: {"noel.marcelino@exprealty.com":"Username noel.marcelino@exprealty.com already exist."}

2022-03-09 11:24:58 :: {"tarah.helms@exprealty.com":"Username tarah.helms@exprealty.com already exist."}

2022-03-09 11:24:58 :: {"monayana.finley@exprealty.com":"Username monayana.finley@exprealty.com already exist."}

2022-03-09 11:24:58 :: {"brice.grimm@exprealty.com":"Username brice.grimm@exprealty.com already exist."}

2022-03-09 11:24:58 :: {"emily.pegues@exprealty.com":"Username emily.pegues@exprealty.com already exist."}

2022-03-09 11:24:58 :: {"dana.sprouse@exprealty.com":"Username dana.sprouse@exprealty.com already exist."}

2022-03-09 11:24:58 :: {"chris.scotto@exprealty.com":"Username chris.scotto@exprealty.com already exist."}

2022-03-09 11:24:58 :: {"nancy.cruz@exprealty.com":"Username nancy.cruz@exprealty.com already exist."}

2022-03-09 11:24:58 :: {"tiffany.cherry@exprealty.com":"Username tiffany.cherry@exprealty.com already exist."}

2022-03-09 11:24:58 :: {"rachel.cost@exprealty.com":"Email rachel.cost@exprealty.com already exist."}

2022-03-09 11:24:58 :: {"nicole.bishop@exprealty.com":"Username nicole.bishop@exprealty.com already exist."}

2022-03-09 11:24:58 :: {"kandice.hunter@exprealty.com":"Username kandice.hunter@exprealty.com already exist."}

2022-03-09 11:24:58 :: {"seth.wooten@exprealty.com":"Username seth.wooten@exprealty.com already exist."}

2022-03-09 11:24:58 :: {"krystle.jazmin@exprealty.com":"Username krystle.jazmin@exprealty.com already exist."}

2022-03-09 11:24:58 :: {"john.b.adams@exprealty.com":"Username john.b.adams@exprealty.com already exist."}

2022-03-09 11:24:58 :: {"lizbeth.laughinhouse@exprealty.com":"Username lizbeth.laughinhouse@exprealty.com already exist."}

2022-03-09 11:24:58 :: {"mary.gutowski@exprealty.com":"Username mary.gutowski@exprealty.com already exist."}

2022-03-09 11:24:58 :: {"elizabeth.midgette@exprealty.com":"Username elizabeth.midgette@exprealty.com already exist."}

2022-03-09 11:24:58 :: {"steven.english@exprealty.com":"Username steven.english@exprealty.com already exist."}

2022-03-09 11:24:58 :: {"liesel.jacullo@exprealty.com":"Username liesel.jacullo@exprealty.com already exist."}

2022-03-09 11:24:58 :: {"toya.roseboro@exprealty.com":"Username toya.roseboro@exprealty.com already exist."}

2022-03-09 11:24:58 :: {"lori.huff@exprealty.com":"Username lori.huff@exprealty.com already exist."}

2022-03-09 11:24:58 :: {"dominique.hart@exprealty.com":"Username dominique.hart@exprealty.com already exist."}

2022-03-09 11:24:58 :: {"bruce.e.lee@exprealty.com":"Username bruce.e.lee@exprealty.com already exist."}

2022-03-09 11:24:58 :: {"fleche.jones@exprealty.com":"Username fleche.jones@exprealty.com already exist."}

2022-03-09 11:24:58 :: {"anizsa.jones@exprealty.com":"Username anizsa.jones@exprealty.com already exist."}

2022-03-09 11:24:58 :: {"jan.grzegorzewski@exprealty.com":"Username jan.grzegorzewski@exprealty.com already exist."}

2022-03-09 11:24:58 :: {"tammy.breisacher@exprealty.com":"Username tammy.breisacher@exprealty.com already exist."}

2022-03-09 11:24:58 :: {"mark.drabble@exprealty.com":"Username mark.drabble@exprealty.com already exist."}

2022-03-09 11:24:58 :: {"chrystal.rowe@exprealty.com":"Username chrystal.rowe@exprealty.com already exist."}

2022-03-09 11:24:58 :: {"rebecca.cote@exprealty.com":"Username rebecca.cote@exprealty.com already exist."}

2022-03-09 11:24:58 :: {"caleb.lemoine@exprealty.com":"Username caleb.lemoine@exprealty.com already exist."}

2022-03-09 11:24:58 :: {"shannon.flowers@exprealty.com":"Username shannon.flowers@exprealty.com already exist."}

2022-03-09 11:24:58 :: {"cory.gilbert@exprealty.com":"Username cory.gilbert@exprealty.com already exist."}

2022-03-09 11:24:58 :: {"marcelina.alvarez@exprealty.com":"Username marcelina.alvarez@exprealty.com already exist."}

2022-03-09 11:24:58 :: {"greg.bullard@exprealty.com":"Username greg.bullard@exprealty.com already exist."}

2022-03-09 11:24:58 :: {"lisa.ruch@exprealty.com":"Username lisa.ruch@exprealty.com already exist."}

2022-03-09 11:24:58 :: {"amber.micale-lutz@exprealty.com":"Username amber.micale-lutz@exprealty.com already exist."}

2022-03-09 11:24:58 :: {"angela.copperwheat@exprealty.com":"Username angela.copperwheat@exprealty.com already exist."}

2022-03-09 11:24:58 :: {"tania.bialeck@exprealty.com":"Username tania.bialeck@exprealty.com already exist."}

2022-03-09 11:24:58 :: {"peter.adeleke@exprealty.com":"Username peter.adeleke@exprealty.com already exist."}

2022-03-09 11:24:58 :: {"chinue.saunders@exprealty.com":"Username chinue.saunders@exprealty.com already exist."}

2022-03-09 11:24:58 :: {"maria.potvin@exprealty.com":"Username maria.potvin@exprealty.com already exist."}

2022-03-09 11:24:58 :: {"catherine.macias@exprealty.com":"Username catherine.macias@exprealty.com already exist."}

2022-03-09 11:24:58 :: {"jordan.spaller@exprealty.com":"Username jordan.spaller@exprealty.com already exist."}

2022-03-09 11:24:58 :: {"ricardo.mora@exprealty.com":"Username ricardo.mora@exprealty.com already exist."}

2022-03-09 11:24:58 :: {"yogi.kashyap@exprealty.com":"Username yogi.kashyap@exprealty.com already exist."}

2022-03-09 11:24:58 :: {"kalon.foss@exprealty.com":"Username kalon.foss@exprealty.com already exist."}

2022-03-09 11:24:58 :: {"william.blalock@exprealty.com":"Username william.blalock@exprealty.com already exist."}

2022-03-09 11:24:58 :: {"devin.robinson@exprealty.com":"Username devin.robinson@exprealty.com already exist."}

2022-03-09 11:24:58 :: {"radiah.cools-lartigue@exprealty.com":"Username radiah.cools-lartigue@exprealty.com already exist."}

2022-03-09 11:24:58 :: {"debra.king@exprealty.com":"Username debra.king@exprealty.com already exist."}

2022-03-09 11:24:58 :: {"joe.pesso@exprealty.com":"Username joe.pesso@exprealty.com already exist."}

2022-03-09 11:24:58 :: {"winnie.knapp@exprealty.com":"Username winnie.knapp@exprealty.com already exist."}

2022-03-09 11:24:58 :: {"warren@warrengrealty.com":"Username warren@warrengrealty.com already exist."}

2022-03-09 11:24:58 :: {"brett.dunleavy@exprealty.com":"Username brett.dunleavy@exprealty.com already exist."}

2022-03-09 11:24:58 :: {"melissa.herbert@exprealty.com":"Username melissa.herbert@exprealty.com already exist."}

2022-03-09 11:24:58 :: {"sara.gonzalez@exprealty.com":"Username sara.gonzalez@exprealty.com already exist."}

2022-03-09 11:24:58 :: {"maria.l.ferreira@exprealty.com":"Username maria.l.ferreira@exprealty.com already exist."}

2022-03-09 11:24:58 :: {"liza.barroso@exprealty.com":"Username liza.barroso@exprealty.com already exist."}

2022-03-09 11:24:58 :: {"shannon.young@exprealty.com":"Username shannon.young@exprealty.com already exist."}

2022-03-09 11:24:58 :: {"christie.halcomb@exprealty.com":"Username christie.halcomb@exprealty.com already exist."}

2022-03-09 11:24:58 :: {"mbessette@traverrealty.com":"Username mbessette@traverrealty.com already exist."}

2022-03-09 11:24:58 :: {"roderick.burnett@exprealty.com":"Username roderick.burnett@exprealty.com already exist."}

2022-03-09 11:24:58 :: {"rosse.velez@exprealty.com":"Username rosse.velez@exprealty.com already exist."}

2022-03-09 11:24:58 :: {"ben.boshkos@exprealty.com":"Username ben.boshkos@exprealty.com already exist."}

2022-03-09 11:24:58 :: {"kiera.lewis@exprealty.com":"Username kiera.lewis@exprealty.com already exist."}

2022-03-09 11:24:58 :: {"bill.wagenseller@exprealty.com":"Username bill.wagenseller@exprealty.com already exist."}

2022-03-09 11:24:58 :: {"taylor.clamp@exprealty.com":"Username taylor.clamp@exprealty.com already exist."}

2022-03-09 11:24:58 :: {"patricia.griffin@exprealty.com":"Username patricia.griffin@exprealty.com already exist."}

2022-03-09 11:24:58 :: {"shauntay.cloud@exprealty.com":"Username shauntay.cloud@exprealty.com already exist."}

2022-03-09 11:24:58 :: {"quentin.mccall@exprealty.com":"Username quentin.mccall@exprealty.com already exist."}

2022-03-09 11:24:58 :: {"celia.moore-mcneely@exprealty.com":"Username celia.moore-mcneely@exprealty.com already exist."}

2022-03-09 11:24:58 :: {"meth.mckinney@exprealty.com":"Username meth.mckinney@exprealty.com already exist."}

2022-03-09 11:24:58 :: {"andrea.mejia@exprealty.com":"Username andrea.mejia@exprealty.com already exist."}

2022-03-09 11:24:58 :: {"deidra.vice@exprealty.com":"Username deidra.vice@exprealty.com already exist."}

2022-03-09 11:24:58 :: {"stewart.mcday@exprealty.com":"Username stewart.mcday@exprealty.com already exist."}

2022-03-09 11:24:58 :: {"brandy.rheinschmidt@exprealty.com":"Username brandy.rheinschmidt@exprealty.com already exist."}

2022-03-09 11:24:58 :: {"joshua.simpson@exprealty.com":"Username joshua.simpson@exprealty.com already exist."}

2022-03-09 11:24:58 :: {"jennifer.khounbolay@exprealty.com":"Username jennifer.khounbolay@exprealty.com already exist."}

2022-03-09 11:24:58 :: {"quinn.white@exprealty.com":"Username quinn.white@exprealty.com already exist."}

2022-03-09 11:24:58 :: {"byron.descalzi@exprealty.com":"Username byron.descalzi@exprealty.com already exist."}

2022-03-09 11:24:58 :: {"chelsea.herkert@exprealty.com":"Username chelsea.herkert@exprealty.com already exist."}

2022-03-09 11:24:58 :: {"lanier.pegues@exprealty.com":"Username lanier.pegues@exprealty.com already exist."}

2022-03-09 11:24:58 :: {"jay@salescommanders.com":"Username jay@salescommanders.com already exist."}

2022-03-09 11:24:58 :: {"malarah.carroll@exprealty.com":"Username malarah.carroll@exprealty.com already exist."}

2022-03-09 11:24:58 :: {"JessicaTheRealtorCLT@gmail.com":"Username JessicaTheRealtorCLT@gmail.com already exist."}

2022-03-09 11:24:58 :: {"janette.benitez@exprealty.com":"Username janette.benitez@exprealty.com already exist."}

2022-03-09 11:24:58 :: {"keeley.browntase@exprealty.com":"Username keeley.browntase@exprealty.com already exist."}

2022-03-09 11:24:58 :: {"jill.dambrosio@exprealty.com":"Username jill.dambrosio@exprealty.com already exist."}

2022-03-09 11:24:58 :: {"lia.scovil@exprealty.com":"Username lia.scovil@exprealty.com already exist."}

2022-03-09 11:24:58 :: {"miquel.carter@exprealty.com":"Username miquel.carter@exprealty.com already exist."}

2022-03-09 11:24:58 :: {"brittany.brown@exprealty.com":"Username brittany.brown@exprealty.com already exist."}

2022-03-09 11:24:58 :: {"heather.mcgowan@exprealty.com":"Username heather.mcgowan@exprealty.com already exist."}

2022-03-09 11:24:58 :: {"dawn.gilliam@exprealty.com":"Username dawn.gilliam@exprealty.com already exist."}

2022-03-09 11:24:58 :: {"debbie.bullard@exprealty.com":"Username debbie.bullard@exprealty.com already exist."}

2022-03-09 11:24:58 :: {"styve.ogando@exprealty.com":"Username styve.ogando@exprealty.com already exist."}

2022-03-09 11:24:58 :: {"michael.kesselring@exprealty.com":"Username michael.kesselring@exprealty.com already exist."}

2022-03-09 11:24:58 :: {"rita.fleming-johnson@exprealty.com":"Username rita.fleming-johnson@exprealty.com already exist."}

2022-03-09 11:24:58 :: {"jorge.torres@exprealty.com":"Username jorge.torres@exprealty.com already exist."}

2022-03-09 11:24:58 :: {"keldia.sarante@exprealty.com":"Username keldia.sarante@exprealty.com already exist."}

2022-03-09 11:24:58 :: {"haley.bowen@exprealty.com":"Username haley.bowen@exprealty.com already exist."}

2022-03-09 11:24:58 :: {"tammathy.burris-sadler@exprealty.com":"Username tammathy.burris-sadler@exprealty.com already exist."}

2022-03-09 11:24:58 :: {"rana.daker@exprealty.com":"Username rana.daker@exprealty.com already exist."}

2022-03-09 11:24:58 :: {"joseph.cipriani@exprealty.com":"Username joseph.cipriani@exprealty.com already exist."}

2022-03-09 11:24:58 :: {"cheryl.siegfried@exprealty.com":"Username cheryl.siegfried@exprealty.com already exist."}

2022-03-09 11:24:58 :: {"donna.cooper@exprealty.com":"Username donna.cooper@exprealty.com already exist."}

2022-03-09 11:24:58 :: {"lisa.murphy-stafford@exprealty.com":"Username lisa.murphy-stafford@exprealty.com already exist."}

2022-03-09 11:24:58 :: {"tiffany.lewis@exprealty.com":"Username tiffany.lewis@exprealty.com already exist."}

2022-03-09 11:24:58 :: {"latrequia.moise@exprealty.com":"Username latrequia.moise@exprealty.com already exist."}

2022-03-09 11:24:58 :: {"kwaneisha.hopkins@exprealty.com":"Username kwaneisha.hopkins@exprealty.com already exist."}

2022-03-09 11:24:58 :: {"monica.russell@exprealty.com":"Username monica.russell@exprealty.com already exist."}

2022-03-09 11:24:58 :: {"kimberly.mccullough@exprealty.com":"Username kimberly.mccullough@exprealty.com already exist."}

2022-03-09 11:24:58 :: {"ebonie.lane@exprealty.com":"Username ebonie.lane@exprealty.com already exist."}

2022-03-09 11:24:58 :: {"JoeTheProRealtor@gmail.com":"Username JoeTheProRealtor@gmail.com already exist."}

2022-03-09 11:24:58 :: {"carolyn.lynch@exprealty.com":"Username carolyn.lynch@exprealty.com already exist."}

2022-03-09 11:24:58 :: {"christopher.barton@exprealty.com":"Username christopher.barton@exprealty.com already exist."}

2022-03-09 11:24:58 :: {"yamina.lan@exprealty.com":"Username yamina.lan@exprealty.com already exist."}

2022-03-09 11:24:58 :: {"susy.esquivel@exprealty.com":"Username susy.esquivel@exprealty.com already exist."}

2022-03-09 11:24:58 :: {"federico.comesana@exprealty.com":"Username federico.comesana@exprealty.com already exist."}

2022-03-09 11:24:58 :: {"nilous.hodge@exprealty.com":"Username nilous.hodge@exprealty.com already exist."}

2022-03-09 11:24:58 :: {"kevin.poirier@exprealty.com":"Username kevin.poirier@exprealty.com already exist."}

2022-03-09 11:24:58 :: {"mitchell.herkert@exprealty.com":"Username mitchell.herkert@exprealty.com already exist."}

2022-03-09 11:24:58 :: {"damonn.alston@exprealty.com":"Username damonn.alston@exprealty.com already exist."}

2022-03-09 11:24:58 :: {"pamela.blosser@exprealty.com":"Username pamela.blosser@exprealty.com already exist."}

2022-03-09 11:24:58 :: {"breann.bennett@exprealty.com":"Username breann.bennett@exprealty.com already exist."}

2022-03-09 11:24:58 :: {"melissa.spencer@exprealty.com":"Username melissa.spencer@exprealty.com already exist."}

2022-03-09 11:24:58 :: {"nakemya.smith@exprealty.com":"Username nakemya.smith@exprealty.com already exist."}

2022-03-09 11:24:58 :: {"lori.szaibel@exprealty.com":"Username lori.szaibel@exprealty.com already exist."}

2022-03-09 11:24:58 :: {"raquel.gary@exprealty.com":"Username raquel.gary@exprealty.com already exist."}

2022-03-09 11:24:58 :: {"jonathan.breton@exprealty.com":"Username jonathan.breton@exprealty.com already exist."}

2022-03-09 11:24:58 :: {"sean.langston@exprealty.com":"Username sean.langston@exprealty.com already exist."}

2022-03-09 11:24:58 :: {"kenneth.iyevbele@exprealty.com":"Username kenneth.iyevbele@exprealty.com already exist."}

2022-03-09 11:24:58 :: {"jamiyo.aaron@exprealty.com":"Username jamiyo.aaron@exprealty.com already exist."}

2022-03-09 11:24:58 :: {"britney.houdek@exprealty.com":"Username britney.houdek@exprealty.com already exist."}

2022-03-09 11:24:58 :: {"sofiya.babinov@exprealty.com":"Username sofiya.babinov@exprealty.com already exist."}

2022-03-09 11:24:58 :: {"mona.kile@exprealty.com":"Username mona.kile@exprealty.com already exist."}

2022-03-09 11:24:58 :: {"Will@macgroupclt.com":"Username Will@macgroupclt.com already exist."}

2022-03-09 11:24:58 :: {"kayla.coffey@exprealty.com":"Username kayla.coffey@exprealty.com already exist."}

2022-03-09 11:24:58 :: {"walter.boyd@exprealty.com":"Username walter.boyd@exprealty.com already exist."}

2022-03-09 11:24:58 :: {"cathy.roberts@exprealty.com":"Username cathy.roberts@exprealty.com already exist."}

2022-03-09 11:24:58 :: {"julie.a.neal@exprealty.com":"Username julie.a.neal@exprealty.com already exist."}

2022-03-09 11:24:58 :: {"nathaniel.winstead@exprealty.com":"Username nathaniel.winstead@exprealty.com already exist."}

2022-03-09 11:24:58 :: {"hieu.n.nguyen@exprealty.com":"Username hieu.n.nguyen@exprealty.com already exist."}

2022-03-09 11:24:58 :: {"marci.kahan@exprealty.com":"Username marci.kahan@exprealty.com already exist."}

2022-03-09 11:24:58 :: {"luke.surak@exprealty.com":"Username luke.surak@exprealty.com already exist."}

2022-03-09 11:24:58 :: {"alphonso.williams@exprealty.com":"Username alphonso.williams@exprealty.com already exist."}

2022-03-09 11:24:58 :: {"hope.edge@exprealty.com":"Username hope.edge@exprealty.com already exist."}

2022-03-09 11:24:58 :: {"allison.schweizer@exprealty.com":"Username allison.schweizer@exprealty.com already exist."}

2022-03-09 11:24:58 :: {"josie.frieser@exprealty.com":"Username josie.frieser@exprealty.com already exist."}

2022-03-09 11:24:58 :: {"joshiala.lattimore@exprealty.com":"Username joshiala.lattimore@exprealty.com already exist."}

2022-03-09 11:24:58 :: {"lauren.natale@exprealty.com":"Username lauren.natale@exprealty.com already exist."}

2022-03-09 11:24:58 :: {"tawanda.chandler@exprealty.com":"Username tawanda.chandler@exprealty.com already exist."}

2022-03-09 11:24:58 :: {"portia.burnett@exprealty.com":"Username portia.burnett@exprealty.com already exist."}

2022-03-09 11:24:58 :: {"morgan.l.ryan@exprealty.com":"Username morgan.l.ryan@exprealty.com already exist."}

2022-03-09 11:24:58 :: {"rebecca.rice@exprealty.com":"Username rebecca.rice@exprealty.com already exist."}

2022-03-09 11:24:58 :: {"susan.brinkley@exprealty.com":"Username susan.brinkley@exprealty.com already exist."}

2022-03-09 11:24:58 :: {"traci.pittman@exprealty.com":"Username traci.pittman@exprealty.com already exist."}

2022-03-09 11:24:58 :: {"claire.cooke@exprealty.com":"Username claire.cooke@exprealty.com already exist."}

2022-03-09 11:24:58 :: {"ed.boulanger@exprealty.com":"Username ed.boulanger@exprealty.com already exist."}

2022-03-09 11:24:58 :: {"roxanne.babani@exprealty.com":"Username roxanne.babani@exprealty.com already exist."}

2022-03-09 11:24:58 :: {"daniel.collins@exprealty.com":"Username daniel.collins@exprealty.com already exist."}

2022-03-09 11:24:58 :: {"jonte.woods@exprealty.com":"Username jonte.woods@exprealty.com already exist."}

2022-03-09 11:24:58 :: {"morgan.ryan@exprealty.com":"Username morgan.ryan@exprealty.com already exist."}

2022-03-09 11:24:58 :: {"cora.phillips-rhea@exprealty.com":"Username cora.phillips-rhea@exprealty.com already exist."}

2022-03-09 11:24:58 :: {"mollie.white@exprealty.com":"Username mollie.white@exprealty.com already exist."}

2022-03-09 11:24:58 :: {"joel.hargett@exprealty.com":"Username joel.hargett@exprealty.com already exist."}

2022-03-09 11:24:58 :: {"chester.hannah@exprealty.com":"Username chester.hannah@exprealty.com already exist."}

2022-03-09 11:24:58 :: {"david.anderson@exprealty.com":"Username david.anderson@exprealty.com already exist."}

2022-03-09 11:24:58 :: {"doug@hidergroup.com":"Username doug@hidergroup.com already exist."}

2022-03-09 11:24:58 :: {"jeffrey.battle@exprealty.com":"Username jeffrey.battle@exprealty.com already exist."}

2022-03-09 11:24:58 :: {"rachel.adams@exprealty.com":"Username rachel.adams@exprealty.com already exist."}

2022-03-09 11:24:58 :: {"andrew.tobin@exprealty.com":"Username andrew.tobin@exprealty.com already exist."}

2022-03-09 11:24:58 :: {"erica.hodas@exprealty.com":"Username erica.hodas@exprealty.com already exist."}

2022-03-09 11:24:58 :: {"carl.daniel@exprealty.com":"Username carl.daniel@exprealty.com already exist."}

2022-03-09 11:24:58 :: {"douglas.tyson@exprealty.com":"Username douglas.tyson@exprealty.com already exist."}

2022-03-09 11:24:58 :: {"charles.derr@exprealty.com":"Username charles.derr@exprealty.com already exist."}

2022-03-09 11:24:58 :: {"michel.williams@exprealty.com":"Username michel.williams@exprealty.com already exist."}

2022-03-09 11:24:58 :: {"ose.okogbenin@exprealty.com":"Username ose.okogbenin@exprealty.com already exist."}

2022-03-09 11:24:58 :: {"nicole.wright.43477@exprealty.com":"Username nicole.wright.43477@exprealty.com already exist."}

2022-03-09 11:24:58 :: {"ashlyn.mcgee@exprealty.com":"Username ashlyn.mcgee@exprealty.com already exist."}

2022-03-09 11:24:58 :: {"grant.wiedenheft@exprealty.com":"Username grant.wiedenheft@exprealty.com already exist."}

2022-03-09 11:24:58 :: {"angelina.ogrady@exprealty.com":"Username angelina.ogrady@exprealty.com already exist."}

2022-03-09 11:24:58 :: {"quentin.catrambone@exprealty.com":"Username quentin.catrambone@exprealty.com already exist."}

2022-03-09 11:24:58 :: {"john.farmer@exprealty.com":"Username john.farmer@exprealty.com already exist."}

2022-03-09 11:24:58 :: {"brad.furby@exprealty.com":"Username brad.furby@exprealty.com already exist."}

2022-03-09 11:24:58 :: {"kiwan.bigelow@exprealty.com":"Username kiwan.bigelow@exprealty.com already exist."}

2022-03-09 11:24:58 :: {"hope.grant@exprealty.com":"Username hope.grant@exprealty.com already exist."}

2022-03-09 11:24:58 :: {"ryan.mcgrann@exprealty.com":"Username ryan.mcgrann@exprealty.com already exist."}

2022-03-09 11:24:58 :: {"courtney.godley@exprealty.com":"Username courtney.godley@exprealty.com already exist."}

2022-03-09 11:24:58 :: {"raychelle.chase@exprealty.com":"Username raychelle.chase@exprealty.com already exist."}

2022-03-09 11:24:58 :: {"alexander.bradley@exprealty.com":"Username alexander.bradley@exprealty.com already exist."}

2022-03-09 11:24:58 :: {"lago.weaver@exprealty.com":"Username lago.weaver@exprealty.com already exist."}

2022-03-09 11:24:58 :: {"sales@queencityhousehunter.com":"Username sales@queencityhousehunter.com already exist."}

2022-03-09 11:24:58 :: {"veronica.almeida@exprealty.com":"Username veronica.almeida@exprealty.com already exist."}

2022-03-09 11:24:58 :: {"duane.clarke@exprealty.com":"Username duane.clarke@exprealty.com already exist."}

2022-03-09 11:24:58 :: {"morgan.c.mahoney@exprealty.com":"Username morgan.c.mahoney@exprealty.com already exist."}

2022-03-09 11:24:58 :: {"nicole.mcconico@exprealty.com":"Username nicole.mcconico@exprealty.com already exist."}

2022-03-09 11:24:58 :: {"denise.keshani@exprealty.com":"Username denise.keshani@exprealty.com already exist."}

2022-03-09 11:24:58 :: {"lynne.gainey@exprealty.com":"Username lynne.gainey@exprealty.com already exist."}

2022-03-09 11:24:58 :: {"jasmine@sellwithjasmine.com":"Username jasmine@sellwithjasmine.com already exist."}

2022-03-09 11:24:58 :: {"steven.edwards@exprealty.com":"Username steven.edwards@exprealty.com already exist."}

2022-03-09 11:24:58 :: {"lindsey.sandoval@exprealty.com":"Username lindsey.sandoval@exprealty.com already exist."}

2022-03-09 11:24:58 :: {"katherine.sweeney@exprealty.com":"Username katherine.sweeney@exprealty.com already exist."}

2022-03-09 11:24:58 :: {"melanie.graiger@exprealty.com":"Username melanie.graiger@exprealty.com already exist."}

2022-03-09 11:24:58 :: {"deborah.thompson@exprealty.com":"Username deborah.thompson@exprealty.com already exist."}

2022-03-09 11:24:58 :: {"paul.ortman@exprealty.com":"Username paul.ortman@exprealty.com already exist."}

2022-03-09 11:24:58 :: {"tara.robinson@exprealty.com":"Username tara.robinson@exprealty.com already exist."}

2022-03-09 11:24:58 :: {"mike.jones@exprealty.com":"Username mike.jones@exprealty.com already exist."}

2022-03-09 11:24:58 :: {"susanrossrealtor@gmail.com":"Username susanrossrealtor@gmail.com already exist."}

2022-03-09 11:24:58 :: {"rene.vallette@exprealty.com":"Username rene.vallette@exprealty.com already exist."}

2022-03-09 11:24:58 :: {"holly.or@exprealty.com":"Username holly.or@exprealty.com already exist."}

2022-03-09 11:24:58 :: {"erina.shavers@exprealty.com":"Username erina.shavers@exprealty.com already exist."}

2022-03-09 11:24:58 :: {"kathy.craft@exprealty.com":"Username kathy.craft@exprealty.com already exist."}

2022-03-09 11:24:58 :: {"christine.walker@exprealty.com":"Username christine.walker@exprealty.com already exist."}

2022-03-09 11:24:58 :: {"sandra.walker@exprealty.com":"Username sandra.walker@exprealty.com already exist."}

2022-03-09 11:24:58 :: {"quanikko.fernandors@exprealty.com":"Username quanikko.fernandors@exprealty.com already exist."}

2022-03-09 11:24:58 :: {"melinda.sims@exprealty.com":"Username melinda.sims@exprealty.com already exist."}

2022-03-09 11:24:58 :: {"lance.duguay@exprealty.com":"Username lance.duguay@exprealty.com already exist."}

2022-03-09 11:24:58 :: {"tamy.brutus@exprealty.com":"Username tamy.brutus@exprealty.com already exist."}

2022-03-09 11:24:58 :: {"carmen@carmensmiller.com":"Username carmen@carmensmiller.com already exist."}

2022-03-09 11:25:07 :: {"lori.vanjoslin@exprealty.com":"Phone (713) 823-3600 already exist."}

2022-03-09 11:25:31 :: {"jessica.vesely@exprealty.com":"Email jessica.vesely@exprealty.com already exist."}

2022-03-09 11:25:59 :: {"silas.baca@exprealty.com":"Email silas.baca@exprealty.com already exist."}

2022-03-09 11:26:16 :: {"kyler@hometownlbj.com":"Email kyler@hometownlbj.com already exist."}

2022-03-09 11:26:28 :: {"victoria.watson@exprealty.com":"Email victoria.watson@exprealty.com already exist."}

2022-03-09 11:27:00 :: {"markbernie5@yahoo.com":"Phone (817) 706-5468 already exist."}

2022-03-09 11:27:19 :: {"alexis.johnson@exprealty.com":"Username alexis.johnson@exprealty.com already exist."}

2022-03-09 11:27:51 :: {"sandra.johnson@exprealty.com":"Username sandra.johnson@exprealty.com already exist."}

2022-03-09 11:28:31 :: {"fernando.chavez@exprealty.com":"Phone (210) 912-3353 already exist."}
