
2022-03-09 10:55:07 :: {"bianca.estes@exprealty.com":"User account created successully!"}

2022-03-09 10:55:07 :: {"rebecca.soto@exprealty.com":"User account created successully!"}

2022-03-09 10:55:08 :: {"esteban.clavell@exprealty.com":"User account created successully!"}

2022-03-09 10:55:08 :: {"shannon.mann@exprealty.com":"User account created successully!"}

2022-03-09 10:55:08 :: {"trish.caballero@exprealty.com":"User account created successully!"}

2022-03-09 10:55:08 :: {"thomas.foley@exprealty.com":"User account created successully!"}

2022-03-09 10:55:08 :: {"JC@JackieCavada.com":"User account created successully!"}

2022-03-09 10:55:08 :: {"karl.lawrence@exprealty.com":"User account created successully!"}

2022-03-09 10:55:08 :: {"sharyn.lawson-deans@exprealty.com":"User account created successully!"}

2022-03-09 10:55:08 :: {"tanya.veitch@exprealty.com":"User account created successully!"}

2022-03-09 10:55:09 :: {"patrick.benes@exprealty.com":"User account created successully!"}

2022-03-09 10:55:09 :: {"jose.curiel-guerrero@exprealty.com":"User account created successully!"}

2022-03-09 10:55:09 :: {"abalke@dreamhometampabay.com":"User account created successully!"}

2022-03-09 10:55:09 :: {"travis.jones@exprealty.com":"User account created successully!"}

2022-03-09 10:55:09 :: {"dalemarie.sarasin@exprealty.com":"User account created successully!"}

2022-03-09 10:55:09 :: {"kathleen.floryan@exprealty.com":"User account created successully!"}

2022-03-09 10:55:09 :: {"toni.campbell@exprealty.com":"User account created successully!"}

2022-03-09 10:55:09 :: {"andrew.iremonger@exprealty.com":"User account created successully!"}

2022-03-09 10:55:09 :: {"david.kurz@exprealty.com":"User account created successully!"}

2022-03-09 10:55:09 :: {"john@reo-jax.com":"User account created successully!"}

2022-03-09 10:55:10 :: {"chelsea.dimarco@exprealty.com":"User account created successully!"}

2022-03-09 10:55:10 :: {"elizabeth.sheriff@exprealty.com":"User account created successully!"}

2022-03-09 10:55:10 :: {"warrellsells@gmail.com":"User account created successully!"}

2022-03-09 10:55:10 :: {"tamara.kelley@exprealty.com":"User account created successully!"}

2022-03-09 10:55:10 :: {"skye.logan@exprealty.com":"User account created successully!"}

2022-03-09 10:55:10 :: {"anakarina.vazquez@exprealty.com":"User account created successully!"}

2022-03-09 10:55:10 :: {"antonio.kebreau@exprealty.com":"User account created successully!"}

2022-03-09 10:55:10 :: {"rose.winters@exprealty.com":"User account created successully!"}

2022-03-09 10:55:10 :: {"renee.anderson@exprealty.com":"User account created successully!"}

2022-03-09 10:55:11 :: {"DanAndDebPerry@gmail.com":"User account created successully!"}

2022-03-09 10:55:11 :: {"darcy.davis@exprealty.com":"User account created successully!"}

2022-03-09 10:55:11 :: {"robert@livingbeachside.com":"User account created successully!"}

2022-03-09 10:55:11 :: {"Ian@TheDreamHomesTeam.com":"User account created successully!"}

2022-03-09 10:55:11 :: {"christopher.reetz@exprealty.com":"User account created successully!"}

2022-03-09 10:55:11 :: {"rene.aguiar@exprealty.com":"User account created successully!"}

2022-03-09 10:55:11 :: {"kerri.africano@exprealty.com":"User account created successully!"}

2022-03-09 10:55:11 :: {"tiffany.n.gonzalez@exprealty.com":"User account created successully!"}

2022-03-09 10:55:11 :: {"Brenda@MyHistoricTampa.com":"User account created successully!"}

2022-03-09 10:55:11 :: {"erik.head@exprealty.com":"User account created successully!"}

2022-03-09 10:55:12 :: {"Jenny@JennySellsMiami.com":"User account created successully!"}

2022-03-09 10:55:12 :: {"bruce.teachey@exprealty.com":"User account created successully!"}

2022-03-09 10:55:12 :: {"alejandra.folch@exprealty.com":"User account created successully!"}

2022-03-09 10:55:12 :: {"maxwell.vannoppen@exprealty.com":"User account created successully!"}

2022-03-09 10:55:12 :: {"joshua.martinez@exprealty.com":"User account created successully!"}

2022-03-09 10:55:12 :: {"shayne.voris@exprealty.com":"User account created successully!"}

2022-03-09 10:55:12 :: {"jonathan.santerre@exprealty.com":"User account created successully!"}

2022-03-09 10:55:12 :: {"stacey@thekeyesgrp.com":"User account created successully!"}

2022-03-09 10:55:12 :: {"nicholas.policellajr@exprealty.com":"User account created successully!"}

2022-03-09 10:55:12 :: {"nelson.cruz@exprealty.com":"User account created successully!"}

2022-03-09 10:55:12 :: {"lawrence.cushionberry@exprealty.com":"User account created successully!"}

2022-03-09 10:55:13 :: {"katrina.hubbard@exprealty.com":"User account created successully!"}

2022-03-09 10:55:13 :: {"michael.lynch@exprealty.com":"User account created successully!"}

2022-03-09 10:55:13 :: {"dave.hibbs@exprealty.com":"User account created successully!"}

2022-03-09 10:55:13 :: {"elizabeth.quinones@exprealty.com":"User account created successully!"}

2022-03-09 10:55:13 :: {"christopher.hammill@exprealty.com":"User account created successully!"}

2022-03-09 10:55:13 :: {"mourad.elbanna@exprealty.com":"User account created successully!"}

2022-03-09 10:55:13 :: {"rosa.brito@exprealty.com":"User account created successully!"}

2022-03-09 10:55:13 :: {"ranyouri.senia@exprealty.com":"User account created successully!"}

2022-03-09 10:55:13 :: {"lucinda.allen@exprealty.com":"User account created successully!"}

2022-03-09 10:55:13 :: {"ericka.stephens@exprealty.com":"User account created successully!"}

2022-03-09 10:55:14 :: {"amy.mitchell@exprealty.com":"User account created successully!"}

2022-03-09 10:55:14 :: {"flgoldcoasthomes@gmail.com":"User account created successully!"}

2022-03-09 10:55:14 :: {"realtorannamarie@gmail.com":"User account created successully!"}

2022-03-09 10:55:14 :: {"guadalupe.cardenas@exprealty.com":"User account created successully!"}

2022-03-09 10:55:14 :: {"hope.poole@exprealty.com":"User account created successully!"}

2022-03-09 10:55:14 :: {"laura.stewart@exprealty.com":"User account created successully!"}

2022-03-09 10:55:14 :: {"randi.werk@exprealty.com":"User account created successully!"}

2022-03-09 10:55:14 :: {"robin.huskey@exprealty.com":"User account created successully!"}

2022-03-09 10:55:14 :: {"jerry.bailey@exprealty.com":"User account created successully!"}

2022-03-09 10:55:14 :: {"devinlofton.realestate@gmail.com":"User account created successully!"}

2022-03-09 10:55:15 :: {"samuel.dias@exprealty.com":"User account created successully!"}

2022-03-09 10:55:15 :: {"joseph.waesco@exprealty.com":"User account created successully!"}

2022-03-09 10:55:15 :: {"carol.perry@exprealty.com":"User account created successully!"}

2022-03-09 10:55:15 :: {"jean.turgeon@exprealty.com":"User account created successully!"}

2022-03-09 10:55:15 :: {"kay.szinegh@exprealty.com":"User account created successully!"}

2022-03-09 10:55:15 :: {"sandra.sexe@exprealty.com":"User account created successully!"}

2022-03-09 10:55:15 :: {"rebecca.parker@exprealty.com":"User account created successully!"}

2022-03-09 10:55:15 :: {"teresa.mitchell@exprealty.com":"User account created successully!"}

2022-03-09 10:55:16 :: {"charlotte.disilvestro@exprealty.com":"User account created successully!"}

2022-03-09 10:55:16 :: {"thomas.gipson@exprealty.com":"User account created successully!"}

2022-03-09 10:55:16 :: {"ryan.fernandez@exprealty.com":"User account created successully!"}

2022-03-09 10:55:16 :: {"sara.peacock@exprealty.com":"User account created successully!"}

2022-03-09 10:55:16 :: {"rachel@teamschroth.com":"User account created successully!"}

2022-03-09 10:55:16 :: {"Rob@ExpertAdvisorsTeam.com":"User account created successully!"}

2022-03-09 10:55:16 :: {"bill.kennedy@exprealty.com":"User account created successully!"}

2022-03-09 10:55:16 :: {"charles.colarusso@exprealty.com":"User account created successully!"}

2022-03-09 10:55:16 :: {"anasencio@yahoo.com":"User account created successully!"}

2022-03-09 10:55:16 :: {"ChristinaL@BrevardHomeAgent.com":"User account created successully!"}

2022-03-09 10:55:17 :: {"kathie.lea@exprealty.com":"User account created successully!"}

2022-03-09 10:55:17 :: {"victoria.legrow@exprealty.com":"User account created successully!"}

2022-03-09 10:55:17 :: {"pam@pamjeremiah.com":"User account created successully!"}

2022-03-09 10:55:17 :: {"benedicte.mora@exprealty.com":"User account created successully!"}

2022-03-09 10:55:17 :: {"cintiha.manzano@exprealty.com":"User account created successully!"}

2022-03-09 10:55:17 :: {"janelle.duncan@exprealty.com":"User account created successully!"}

2022-03-09 10:55:17 :: {"sam@SellingSOFL.com":"User account created successully!"}

2022-03-09 10:55:17 :: {"becky.embry@exprealty.com":"User account created successully!"}

2022-03-09 10:55:17 :: {"Tinasellsbrevardhomes@gmail.com":"User account created successully!"}

2022-03-09 10:55:17 :: {"patricia.sproehnle@exprealty.com":"User account created successully!"}

2022-03-09 10:55:18 :: {"brittany.hutchinson@exprealty.com":"User account created successully!"}

2022-03-09 10:55:18 :: {"natsellstampabay@gmail.com":"User account created successully!"}

2022-03-09 10:55:18 :: {"frankie.gomez@exprealty.com":"User account created successully!"}

2022-03-09 10:55:18 :: {"SoFloDimitris@Gmail.com":"User account created successully!"}

2022-03-09 10:55:18 :: {"luisa.mizgorksi@exprealty.com":"User account created successully!"}

2022-03-09 10:55:18 :: {"lashon.spicer@exprealty.com":"User account created successully!"}

2022-03-09 10:55:18 :: {"kelly.monroe@exprealty.com":"User account created successully!"}

2022-03-09 10:55:18 :: {"melissa.sanpaul@exprealty.com":"User account created successully!"}

2022-03-09 10:55:18 :: {"christopher.sarver@exprealty.com":"User account created successully!"}

2022-03-09 10:55:18 :: {"gregory.stephens@exprealty.com":"User account created successully!"}

2022-03-09 10:55:18 :: {"sean.sweeney@exprealty.com":"User account created successully!"}

2022-03-09 10:55:19 :: {"ramellagroup+partner@exprealty.com":"User account created successully!"}

2022-03-09 10:55:19 :: {"domenico.porpora@exprealty.com":"User account created successully!"}

2022-03-09 10:55:19 :: {"klaus.sinn@exprealty.com":"User account created successully!"}

2022-03-09 10:55:19 :: {"tanin.teston@exprealty.com":"User account created successully!"}

2022-03-09 10:55:19 :: {"SofiaSellsSouthFL@gmail.com":"User account created successully!"}

2022-03-09 10:55:19 :: {"derek.deler@exprealty.com":"User account created successully!"}

2022-03-09 10:55:19 :: {"catalina.puerta@exprealty.com":"User account created successully!"}

2022-03-09 10:55:19 :: {"jeffrey.osborn@exprealty.com":"User account created successully!"}

2022-03-09 10:55:19 :: {"emeraldcoastdreamhomes@gmail.com":"User account created successully!"}

2022-03-09 10:55:19 :: {"bianca.berrios@exprealty.com":"User account created successully!"}

2022-03-09 10:55:20 :: {"gladys.pacheco@exprealty.com":"User account created successully!"}

2022-03-09 10:55:20 :: {"DreamHomesByJodi@gmail.com":"User account created successully!"}

2022-03-09 10:55:20 :: {"michael.holmes@exprealty.com":"User account created successully!"}

2022-03-09 10:55:20 :: {"john.reay@exprealty.com":"User account created successully!"}

2022-03-09 10:55:20 :: {"scottj.lewis@exprealty.com":"User account created successully!"}

2022-03-09 10:55:20 :: {"melissa.farmer@exprealty.com":"User account created successully!"}

2022-03-09 10:55:20 :: {"sabrina.deem@exprealty.com":"User account created successully!"}

2022-03-09 10:55:20 :: {"ty.mathews@exprealty.com":"User account created successully!"}

2022-03-09 10:55:20 :: {"doreen.lewis@exprealty.com":"User account created successully!"}

2022-03-09 10:55:20 :: {"BobSchoneman@gmail.com":"User account created successully!"}

2022-03-09 10:55:21 :: {"carol.lopez@exprealty.com":"User account created successully!"}

2022-03-09 10:55:21 :: {"stefan.sinn@exprealty.com":"User account created successully!"}

2022-03-09 10:55:21 :: {"shayane.carvalho@exprealty.com":"User account created successully!"}

2022-03-09 10:55:21 :: {"dellalazarejohnson@gmail.com":"User account created successully!"}

2022-03-09 10:55:21 :: {"sandy.carpenter@exprealty.com":"User account created successully!"}

2022-03-09 10:55:21 :: {"megan.dickson@exprealty.com":"User account created successully!"}

2022-03-09 10:55:21 :: {"yvette.dopson-ross@exprealty.com":"User account created successully!"}

2022-03-09 10:55:21 :: {"cassandra.ingraham@exprealty.com":"User account created successully!"}

2022-03-09 10:55:22 :: {"vanessa.theriault@exprealty.com":"User account created successully!"}

2022-03-09 10:55:22 :: {"janmastonsellshomes@gmail.com":"User account created successully!"}

2022-03-09 10:55:22 :: {"kandrews1226@gmail.com":"User account created successully!"}

2022-03-09 10:55:22 :: {"james.brewer@exprealty.com":"User account created successully!"}

2022-03-09 10:55:22 :: {"Mike@GeorgeHomeTeam.com":"User account created successully!"}

2022-03-09 10:55:22 :: {"james.adams@exprealty.com":"User account created successully!"}

2022-03-09 10:55:22 :: {"brian.miglionico@exprealty.com":"User account created successully!"}

2022-03-09 10:55:22 :: {"travis.anderson@exprealty.com":"User account created successully!"}

2022-03-09 10:55:22 :: {"christopher.snow@exprealty.com":"User account created successully!"}

2022-03-09 10:55:23 :: {"kostantinos.theodorou@exprealty.com":"User account created successully!"}

2022-03-09 10:55:23 :: {"richard.hanahoe@exprealty.com":"User account created successully!"}

2022-03-09 10:55:23 :: {"nahed.georgy@exprealty.com":"User account created successully!"}

2022-03-09 10:55:23 :: {"anthony.blevins@exprealty.com":"User account created successully!"}

2022-03-09 10:55:23 :: {"denise.heath@exprealty.com":"User account created successully!"}

2022-03-09 10:55:23 :: {"sanjeev.malik@gmail.com":"User account created successully!"}

2022-03-09 10:55:23 :: {"jorge.d.sanchez@exprealty.com":"User account created successully!"}

2022-03-09 10:55:23 :: {"renee@realtyinorlando.com":"User account created successully!"}

2022-03-09 10:55:24 :: {"mary.latuszek@exprealty.com":"User account created successully!"}

2022-03-09 10:55:24 :: {"tami.grant@exprealty.com":"User account created successully!"}

2022-03-09 10:55:24 :: {"cam.realtor813@gmail.com":"User account created successully!"}

2022-03-09 10:55:24 :: {"Mickayla@MickaylaSells.com":"User account created successully!"}

2022-03-09 10:55:24 :: {"kenneth.ossowicz@exprealty.com":"User account created successully!"}

2022-03-09 10:55:24 :: {"kevin.burgess@exprealty.com":"User account created successully!"}

2022-03-09 10:55:24 :: {"william.hutchison@exprealty.com":"User account created successully!"}

2022-03-09 10:55:24 :: {"nathaniel.houston@exprealty.com":"User account created successully!"}

2022-03-09 10:55:24 :: {"dean@thenewellteam.com":"User account created successully!"}

2022-03-09 10:55:25 :: {"thomas.myers@exprealty.com":"User account created successully!"}

2022-03-09 10:55:25 :: {"valeria.palov@exprealty.com":"User account created successully!"}

2022-03-09 10:55:25 :: {"ivetteyern@yahoo.com":"User account created successully!"}

2022-03-09 10:55:25 :: {"geoffrey.fahey@exprealty.com":"User account created successully!"}

2022-03-09 10:55:25 :: {"lindsay.wynn@exprealty.com":"User account created successully!"}

2022-03-09 10:55:25 :: {"gina.lamouth@exprealty.com":"User account created successully!"}

2022-03-09 10:55:25 :: {"griselda.krausse@exprealty.com":"User account created successully!"}

2022-03-09 10:55:26 :: {"jill.miller@exprealty.com":"User account created successully!"}

2022-03-09 10:55:26 :: {"sonia.pires@exprealty.com":"User account created successully!"}

2022-03-09 10:55:26 :: {"austin.preik@exprealty.com":"User account created successully!"}

2022-03-09 10:55:26 :: {"sicilysells@gmail.com":"User account created successully!"}

2022-03-09 10:55:27 :: {"cynthia.keough@exprealty.com":"User account created successully!"}

2022-03-09 10:55:27 :: {"Lisa@LisaSellsOrlandoHomes.com":"User account created successully!"}

2022-03-09 10:55:27 :: {"albah@ichometeam.com":"User account created successully!"}

2022-03-09 10:55:27 :: {"nicole.seagraves@exprealty.com":"User account created successully!"}

2022-03-09 10:55:27 :: {"ram@AstuteHomeSolutions.com":"User account created successully!"}

2022-03-09 10:55:27 :: {"daniel.miller@exprealty.com":"User account created successully!"}

2022-03-09 10:55:27 :: {"tyler.williamson@exprealty.com":"User account created successully!"}

2022-03-09 10:55:27 :: {"Paige.abegg@exprealty.com":"User account created successully!"}

2022-03-09 10:55:27 :: {"lisset.ibarra@exprealty.com":"User account created successully!"}

2022-03-09 10:55:27 :: {"venisia.mancell@exprealty.com":"User account created successully!"}

2022-03-09 10:55:27 :: {"robert.elario@exprealty.com":"User account created successully!"}

2022-03-09 10:55:28 :: {"joann.pereira@exprealty.com":"User account created successully!"}

2022-03-09 10:55:28 :: {"patricia.diaz@exprealty.com":"User account created successully!"}

2022-03-09 10:55:28 :: {"mark.almeida@exprealty.com":"User account created successully!"}

2022-03-09 10:55:28 :: {"darla.silva@exprealty.com":"User account created successully!"}

2022-03-09 10:55:28 :: {"lauren.doyle@exprealty.com":"User account created successully!"}

2022-03-09 10:55:28 :: {"werner.untrieser@exprealty.com":"User account created successully!"}

2022-03-09 10:55:28 :: {"earl.diem@exprealty.com":"User account created successully!"}

2022-03-09 10:55:28 :: {"andrea@teamoceanbreeze.com":"User account created successully!"}

2022-03-09 10:55:28 :: {"nancy.bridges@exprealty.com":"User account created successully!"}

2022-03-09 10:55:28 :: {"antonio.fuentes@exprealty.com":"User account created successully!"}

2022-03-09 10:55:29 :: {"jerald.cohen@exprealty.com":"User account created successully!"}

2022-03-09 10:55:29 :: {"D.alexanderconrad@gmail.com":"User account created successully!"}

2022-03-09 10:55:29 :: {"valdemar.burdman@exprealty.com":"User account created successully!"}

2022-03-09 10:55:29 :: {"jamie.walker@exprealty.com":"User account created successully!"}

2022-03-09 10:55:29 :: {"jonnie.wilson@exprealty.com":"User account created successully!"}

2022-03-09 10:55:29 :: {"Sheri.Long@exprealty.com":"User account created successully!"}

2022-03-09 10:55:29 :: {"Andrea.321Homes@gmail.com":"User account created successully!"}

2022-03-09 10:55:31 :: {"RevItUpRealEstate@gmail.com":"User account created successully!"}

2022-03-09 10:55:32 :: {"lori.scarborough@exprealty.com":"User account created successully!"}

2022-03-09 10:55:33 :: {"angela.sandoval@exprealty.com":"User account created successully!"}

2022-03-09 10:55:33 :: {"chelsea.anderson@exprealty.com":"User account created successully!"}

2022-03-09 10:55:33 :: {"melecia.johnson@exprealty.com":"User account created successully!"}

2022-03-09 10:55:33 :: {"kristy.stafford@exprealty.com":"User account created successully!"}

2022-03-09 10:55:34 :: {"danielle.mahony@exprealty.com":"User account created successully!"}

2022-03-09 10:55:34 :: {"susan.stockman@exprealty.com":"User account created successully!"}

2022-03-09 10:55:34 :: {"dexter.costin@exprealty.com":"User account created successully!"}

2022-03-09 10:55:34 :: {"julia.brown@exprealty.com":"User account created successully!"}

2022-03-09 10:55:34 :: {"jessica.dean@exprealty.com":"User account created successully!"}

2022-03-09 10:55:34 :: {"nicholas.lindeberg@exprealty.com":"User account created successully!"}

2022-03-09 10:55:34 :: {"denise.buscemi@exprealty.com":"User account created successully!"}

2022-03-09 10:55:34 :: {"brad.fairman@exprealty.com":"User account created successully!"}

2022-03-09 10:55:34 :: {"scott.skare@exprealty.com":"User account created successully!"}

2022-03-09 10:55:35 :: {"Candice@FloridaysRE.com":"User account created successully!"}

2022-03-09 10:55:35 :: {"stradford.dragon@exprealty.com":"User account created successully!"}

2022-03-09 10:55:35 :: {"alvaro.garcia@exprealty.com":"User account created successully!"}

2022-03-09 10:55:35 :: {"steven.billington@exprealty.com":"User account created successully!"}

2022-03-09 10:55:35 :: {"derline.carswell@exprealty.com":"User account created successully!"}

2022-03-09 10:55:35 :: {"tom.elkins@exprealty.com":"User account created successully!"}

2022-03-09 10:55:35 :: {"rusty.zakraysek@exprealty.com":"User account created successully!"}

2022-03-09 10:55:35 :: {"carrie.aau@gmail.com":"User account created successully!"}

2022-03-09 10:55:35 :: {"melanie.thomas@exprealty.com":"User account created successully!"}

2022-03-09 10:55:35 :: {"katherine.ballinger@exprealty.com":"User account created successully!"}

2022-03-09 10:55:35 :: {"linda.m.moore@exprealty.com":"User account created successully!"}

2022-03-09 10:55:36 :: {"BarbaraGleeSOLD@gmail.com":"User account created successully!"}

2022-03-09 10:55:36 :: {"realtornathanm@gmail.com":"User account created successully!"}

2022-03-09 10:55:36 :: {"nanci.gilbert@exprealty.com":"User account created successully!"}

2022-03-09 10:55:36 :: {"rebecca.summers@exprealty.com":"User account created successully!"}

2022-03-09 10:55:36 :: {"cameron.smith@exprealty.com":"User account created successully!"}

2022-03-09 10:55:36 :: {"moashlan77@gmail.com":"User account created successully!"}

2022-03-09 10:55:36 :: {"christy.ostwald@exprealty.com":"User account created successully!"}

2022-03-09 10:55:36 :: {"kim.rockburn@exprealty.com":"User account created successully!"}

2022-03-09 10:55:36 :: {"rebeka.weeks@exprealty.com":"User account created successully!"}

2022-03-09 10:55:36 :: {"sorin.nelersa@exprealty.com":"User account created successully!"}

2022-03-09 10:55:37 :: {"adrian@adrianfoley.com":"User account created successully!"}

2022-03-09 10:55:37 :: {"christopher.schmidt@exprealty.com":"User account created successully!"}

2022-03-09 10:55:37 :: {"liza.rodriguez@exprealty.com":"User account created successully!"}

2022-03-09 10:55:37 :: {"daisy.lopez@exprealty.com":"User account created successully!"}

2022-03-09 10:55:37 :: {"kathy.hile@exprealty.com":"User account created successully!"}

2022-03-09 10:55:37 :: {"debra.gleason@exprealty.com":"User account created successully!"}

2022-03-09 10:55:37 :: {"kevin.tellado@exprealty.com":"User account created successully!"}

2022-03-09 10:55:37 :: {"PamelaJohnsonHomes@gmail.com":"User account created successully!"}

2022-03-09 10:55:37 :: {"andrew.becerra@exprealty.com":"User account created successully!"}

2022-03-09 10:55:37 :: {"susan.baran@exprealty.com":"User account created successully!"}

2022-03-09 10:55:38 :: {"kelly.wheeler@exprealty.com":"User account created successully!"}

2022-03-09 10:55:38 :: {"alex.nordine@exprealty.com":"User account created successully!"}

2022-03-09 10:55:38 :: {"laura.blanchet@eXpRealty.com":"User account created successully!"}

2022-03-09 10:55:38 :: {"stacey.johnson@exprealty.com":"User account created successully!"}

2022-03-09 10:55:38 :: {"pablo.torres@exprealty.com":"User account created successully!"}

2022-03-09 10:55:38 :: {"charles.thompson@exprealty.com":"User account created successully!"}

2022-03-09 10:55:38 :: {"christine.tomlin@exprealty.com":"User account created successully!"}

2022-03-09 10:55:38 :: {"jason.rodriguez@exprealty.com":"User account created successully!"}

2022-03-09 10:55:38 :: {"kenneth.jones@exprealty.com":"User account created successully!"}

2022-03-09 10:55:38 :: {"migdalia.carrero@exprealty.com":"User account created successully!"}

2022-03-09 10:55:39 :: {"leslie.gladney@exprealty.com":"User account created successully!"}

2022-03-09 10:55:39 :: {"caren.nealon@exprealty.com":"User account created successully!"}

2022-03-09 10:55:39 :: {"luis.german@exprealty.com":"User account created successully!"}

2022-03-09 10:55:39 :: {"karen.vommaro@exprealty.com":"User account created successully!"}

2022-03-09 10:55:39 :: {"daniel@teambetancourt.com":"User account created successully!"}

2022-03-09 10:55:39 :: {"rachel.hydorn@exprealty.com":"User account created successully!"}

2022-03-09 10:55:39 :: {"david@signaturesupreme.com":"User account created successully!"}

2022-03-09 10:55:39 :: {"christopher.jankowski@exprealty.com":"User account created successully!"}

2022-03-09 10:55:39 :: {"markson.filus@exprealty.com":"User account created successully!"}

2022-03-09 10:55:39 :: {"stacy@testonteam.com":"User account created successully!"}

2022-03-09 10:55:40 :: {"christy.harvey@exprealty.com":"User account created successully!"}

2022-03-09 10:55:40 :: {"jessica.arseneau@exprealty.com":"User account created successully!"}

2022-03-09 10:55:40 :: {"margaret.hall-coleman@exprealty.com":"User account created successully!"}

2022-03-09 10:55:40 :: {"cspringgay@claudiamyrealtor.net":"User account created successully!"}

2022-03-09 10:55:40 :: {"adriana.balc@exprealty.com":"User account created successully!"}

2022-03-09 10:55:40 :: {"cindym.dooge@exprealty.com":"User account created successully!"}

2022-03-09 10:55:40 :: {"lynn.washington@exprealty.com":"User account created successully!"}

2022-03-09 10:55:40 :: {"lacy.hill@exprealty.com":"User account created successully!"}

2022-03-09 10:55:40 :: {"icongrouprealestate@gmail.com":"User account created successully!"}

2022-03-09 10:55:40 :: {"michelle.espy@exprealty.com":"User account created successully!"}

2022-03-09 10:55:41 :: {"pradeep.mehta@exprealty.com":"User account created successully!"}

2022-03-09 10:55:41 :: {"charles.loveridge@exprealty.com":"User account created successully!"}

2022-03-09 10:55:41 :: {"falguni.shah@exprealty.com":"User account created successully!"}

2022-03-09 10:55:41 :: {"gloria.elwell@exprealty.com":"User account created successully!"}

2022-03-09 10:55:41 :: {"dante.escobedo@exprealty.com":"User account created successully!"}

2022-03-09 10:55:41 :: {"juan.estades@exprealty.com":"User account created successully!"}

2022-03-09 10:55:41 :: {"katia.linzalone@exprealty.com":"User account created successully!"}

2022-03-09 10:55:41 :: {"dexter.copppa@exprealty.com":"User account created successully!"}

2022-03-09 10:55:41 :: {"ida.requena@exprealty.com":"User account created successully!"}

2022-03-09 10:55:41 :: {"ioan.cucoranu@exprealty.com":"User account created successully!"}

2022-03-09 10:55:42 :: {"nicolelosdos@gmail.com":"User account created successully!"}

2022-03-09 10:55:42 :: {"biagio.montaiuti@exprealty.com":"User account created successully!"}

2022-03-09 10:55:42 :: {"cai.zhang@exprealty.com":"User account created successully!"}

2022-03-09 10:55:42 :: {"jennifer.giraldo@exprealty.com":"User account created successully!"}

2022-03-09 10:55:42 :: {"Rundelson@gmail.com":"User account created successully!"}

2022-03-09 10:55:42 :: {"IMakeDealsInHeels@gmail.com":"User account created successully!"}

2022-03-09 10:55:42 :: {"seth.townsend@exprealty.com":"User account created successully!"}

2022-03-09 10:55:42 :: {"gary.altizer@exprealty.com":"User account created successully!"}

2022-03-09 10:55:42 :: {"lizedny.torres@exprealty.com":"User account created successully!"}

2022-03-09 10:55:42 :: {"michael.johnston@exprealty.com":"User account created successully!"}

2022-03-09 10:55:42 :: {"robert.davis@exprealty.com":"User account created successully!"}

2022-03-09 10:55:43 :: {"jloinvests@gmail.com":"User account created successully!"}

2022-03-09 10:55:43 :: {"nereida.camacho@exprealty.com":"User account created successully!"}

2022-03-09 10:55:43 :: {"juan.sierra@exprealty.com":"User account created successully!"}

2022-03-09 10:55:43 :: {"tom.martin@exprealty.com":"User account created successully!"}

2022-03-09 10:55:43 :: {"danielle.milardo@exprealty.com":"User account created successully!"}

2022-03-09 10:55:43 :: {"william.downs@exprealty.com":"User account created successully!"}

2022-03-09 10:55:43 :: {"mike.flahaven@exprealty.com":"User account created successully!"}

2022-03-09 10:55:43 :: {"gabriela.tracey@exprealty.com":"User account created successully!"}

2022-03-09 10:55:43 :: {"bandrews929@yahoo.com":"User account created successully!"}

2022-03-09 10:55:43 :: {"michael.ledwell@exprealty.com":"User account created successully!"}

2022-03-09 10:55:44 :: {"realestatewithaj@gmail.com":"User account created successully!"}

2022-03-09 10:55:44 :: {"maeva.faucher@exprealty.com":"User account created successully!"}

2022-03-09 10:55:44 :: {"jay.heath@exprealty.com":"User account created successully!"}

2022-03-09 10:55:44 :: {"manny@2mannyhomes.com":"User account created successully!"}

2022-03-09 10:55:44 :: {"brita.howlett@exprealty.com":"User account created successully!"}

2022-03-09 10:55:44 :: {"YourAgentCarolina@gmail.com":"User account created successully!"}

2022-03-09 10:55:44 :: {"crystal@cccluxurygroup.com":"User account created successully!"}

2022-03-09 10:55:44 :: {"lissetfranco@yahoo.com":"User account created successully!"}

2022-03-09 10:55:44 :: {"cameron.kearney@exprealty.com":"User account created successully!"}

2022-03-09 10:55:44 :: {"c.santosteam@gmail.com":"User account created successully!"}

2022-03-09 10:55:45 :: {"brenda@mmillergroup.com":"User account created successully!"}

2022-03-09 10:55:45 :: {"catherine.nichols@exprealty.com":"User account created successully!"}

2022-03-09 10:55:45 :: {"deb@debscott.com":"User account created successully!"}

2022-03-09 10:55:45 :: {"NicoleMerigelliRealtor@gmail.com":"User account created successully!"}

2022-03-09 10:55:45 :: {"robert.wilson@exprealty.com":"User account created successully!"}

2022-03-09 10:55:45 :: {"david.nitsche@exprealty.com":"User account created successully!"}

2022-03-09 10:55:45 :: {"chris.bear@exprealty.com":"User account created successully!"}

2022-03-09 10:55:45 :: {"ramellagroup@exprealty.com":"User account created successully!"}

2022-03-09 10:55:45 :: {"lisa.davis@exprealty.com":"User account created successully!"}

2022-03-09 10:55:45 :: {"sean.bates@exprealty.com":"User account created successully!"}

2022-03-09 10:55:46 :: {"marcos@marcosurbina.com":"User account created successully!"}

2022-03-09 10:55:46 :: {"LindsaySellsParadise@gmail.com":"User account created successully!"}

2022-03-09 10:55:46 :: {"cindy.lukehart@exprealty.com":"User account created successully!"}

2022-03-09 10:55:46 :: {"tyler.g.giesbrecht@exprealty.com":"User account created successully!"}

2022-03-09 10:55:46 :: {"caryn.ward@exprealty.com":"User account created successully!"}

2022-03-09 10:55:46 :: {"cathryn.leasure@exprealty.com":"User account created successully!"}

2022-03-09 10:55:46 :: {"sandra.chalwick@exprealty.com":"User account created successully!"}

2022-03-09 10:55:46 :: {"paul@teamvirgadamo.com":"User account created successully!"}

2022-03-09 10:55:46 :: {"edwinpazrealtor@gmail.com":"User account created successully!"}

2022-03-09 10:55:46 :: {"jonathan.alexander@exprealty.com":"User account created successully!"}

2022-03-09 10:55:46 :: {"alex.giassa@exprealty.com":"User account created successully!"}

2022-03-09 10:55:47 :: {"andrea.guerrero@exprealty.com":"User account created successully!"}

2022-03-09 10:55:47 :: {"angelia.michalak@exprealty.com":"User account created successully!"}

2022-03-09 10:55:47 :: {"gregory.steiniger@exprealty.com":"User account created successully!"}

2022-03-09 10:55:47 :: {"michael.duddie@exprealty.com":"User account created successully!"}

2022-03-09 10:55:47 :: {"sarahburkmier@gmail.com":"User account created successully!"}

2022-03-09 10:55:47 :: {"janie.davis@exprealty.com":"User account created successully!"}

2022-03-09 10:55:47 :: {"pennie.arneson@exprealty.com":"User account created successully!"}

2022-03-09 10:55:47 :: {"cristina.cortes@exprealty.com":"User account created successully!"}

2022-03-09 10:55:47 :: {"denise@teamvirgadamo.com":"User account created successully!"}

2022-03-09 10:55:47 :: {"joel.mcclintock@exprealty.com":"User account created successully!"}

2022-03-09 10:55:48 :: {"kristi@thenewellteam.com":"User account created successully!"}

2022-03-09 10:55:48 :: {"marcshane.riley@exprealty.com":"User account created successully!"}

2022-03-09 10:55:48 :: {"christopher.a.ray@exprealty.com":"User account created successully!"}

2022-03-09 10:55:48 :: {"glenn.antonic@exprealty.com":"User account created successully!"}

2022-03-09 10:55:48 :: {"michelle.flood@exprealty.com":"User account created successully!"}

2022-03-09 10:55:48 :: {"bri.bowhall@exprealty.com":"User account created successully!"}

2022-03-09 10:55:48 :: {"ken.williams@exprealty.com":"User account created successully!"}

2022-03-09 10:55:48 :: {"bonnie.miller@exprealty.com":"User account created successully!"}

2022-03-09 10:55:48 :: {"james.holloway@exprealty.com":"User account created successully!"}

2022-03-09 10:55:48 :: {"alana.ohanlan@exprealty.com":"User account created successully!"}

2022-03-09 10:55:48 :: {"joseph.toth@exprealty.com":"User account created successully!"}

2022-03-09 10:55:49 :: {"jessica.bex@exprealty.com":"User account created successully!"}

2022-03-09 10:55:49 :: {"philip.dixon@exprealty.com":"User account created successully!"}

2022-03-09 10:55:49 :: {"michellemurray@thekurzteam.com":"User account created successully!"}

2022-03-09 10:55:49 :: {"sandy.whitlock@exprealty.com":"User account created successully!"}

2022-03-09 10:55:49 :: {"chris.colasuonno@exprealty.com":"User account created successully!"}

2022-03-09 10:55:49 :: {"duy.nguyen@exprealty.com":"User account created successully!"}

2022-03-09 10:55:49 :: {"samarra@landryhomegroup.com":"User account created successully!"}

2022-03-09 10:55:49 :: {"israel.monteiro@exprealty.com":"User account created successully!"}

2022-03-09 10:55:49 :: {"Jackie@markhillersells.com":"User account created successully!"}

2022-03-09 10:55:49 :: {"tonymuci@gmail.com":"User account created successully!"}

2022-03-09 10:55:49 :: {"tara.raun@exprealty.com":"User account created successully!"}

2022-03-09 10:55:50 :: {"artistkarensalem@gmail.com":"User account created successully!"}

2022-03-09 10:55:50 :: {"sharon@teamvirgadamo.com":"User account created successully!"}

2022-03-09 10:55:50 :: {"mikegreenerealtor@gmail.com":"User account created successully!"}

2022-03-09 10:55:50 :: {"lisa.kyle@exprealty.com":"User account created successully!"}

2022-03-09 10:55:50 :: {"bs5305a@gmail.com":"User account created successully!"}

2022-03-09 10:55:50 :: {"alexis.delarotta@exprealty.com":"User account created successully!"}

2022-03-09 10:55:50 :: {"ross.hudson@exprealty.com":"User account created successully!"}

2022-03-09 10:55:50 :: {"kristen.a.weller@gmail.com":"User account created successully!"}

2022-03-09 10:55:50 :: {"Madelyn.Liddell@exprealty.com":"User account created successully!"}

2022-03-09 10:55:50 :: {"nicholas.gentile@exprealty.com":"User account created successully!"}

2022-03-09 10:55:51 :: {"tajudeen.adejonwo@exprealty.com":"User account created successully!"}

2022-03-09 10:55:51 :: {"mark.middleton@exprealty.com":"User account created successully!"}

2022-03-09 10:55:51 :: {"angela.garcia@exprealty.com":"User account created successully!"}

2022-03-09 10:55:51 :: {"colton.bloom@exprealty.com":"User account created successully!"}

2022-03-09 10:55:51 :: {"michelle.johnson.fl@exprealty.com":"User account created successully!"}

2022-03-09 10:55:51 :: {"ryan.leitter@exprealty.com":"User account created successully!"}

2022-03-09 10:55:51 :: {"Paul@TheViPHome.Team":"User account created successully!"}

2022-03-09 10:55:51 :: {"kaila.givens@exprealty.com":"User account created successully!"}

2022-03-09 10:55:51 :: {"denise.turgeon@exprealty.com":"User account created successully!"}

2022-03-09 10:55:51 :: {"marcus.simpson@exprealty.com":"User account created successully!"}

2022-03-09 10:55:51 :: {"orlando@tampabayinvestmentsteam.com":"User account created successully!"}

2022-03-09 10:55:52 :: {"todd.richards@exprealty.com":"User account created successully!"}

2022-03-09 10:55:52 :: {"jason.mckinney@exprealty.com":"User account created successully!"}

2022-03-09 10:55:52 :: {"sarah.bixby@exprealty.com":"User account created successully!"}

2022-03-09 10:55:52 :: {"gordon.dey@exprealty.com":"User account created successully!"}

2022-03-09 10:55:52 :: {"terry.theodorou@exprealty.com":"User account created successully!"}

2022-03-09 10:55:52 :: {"daniel.rojas@exprealty.com":"User account created successully!"}

2022-03-09 10:55:53 :: {"thomas.hough@exprealty.com":"User account created successully!"}

2022-03-09 10:55:53 :: {"phyllis.collazo@exprealty.com":"User account created successully!"}

2022-03-09 10:55:53 :: {"realtorcraigd@gmail.com":"User account created successully!"}

2022-03-09 10:55:53 :: {"cesar.estrada@exprealty.com":"User account created successully!"}

2022-03-09 10:55:53 :: {"matt.cirafice@exprealty.com":"User account created successully!"}

2022-03-09 10:55:53 :: {"katie.obrien@exprealty.com":"User account created successully!"}

2022-03-09 10:55:53 :: {"rebecca.thorneloper@exprealty.com":"User account created successully!"}

2022-03-09 10:55:53 :: {"lisa.olson@exprealty.com":"User account created successully!"}

2022-03-09 10:55:53 :: {"realtorona@gmail.com":"User account created successully!"}

2022-03-09 10:55:53 :: {"shawn.romano@exprealty.com":"User account created successully!"}

2022-03-09 10:55:54 :: {"aubrey.sutton@exprealty.com":"User account created successully!"}

2022-03-09 10:55:54 :: {"ruben.suarez@exprealty.com":"User account created successully!"}

2022-03-09 10:55:54 :: {"michael.lienemann@exprealty.com":"User account created successully!"}

2022-03-09 10:55:54 :: {"rory.rysdon@exprealty.com":"User account created successully!"}

2022-03-09 10:55:54 :: {"nicholas.mckenzie@exprealty.com":"User account created successully!"}

2022-03-09 10:55:54 :: {"christina.diaz@exprealty.com":"User account created successully!"}

2022-03-09 10:55:54 :: {"ekaterina.khayrulina@exprealty.com":"User account created successully!"}

2022-03-09 10:55:54 :: {"Zac@colettiteam.com":"User account created successully!"}

2022-03-09 10:55:54 :: {"shareen.barnes@exprealty.com":"User account created successully!"}

2022-03-09 10:55:54 :: {"christina.kuklovsky@exprealty.com":"User account created successully!"}

2022-03-09 10:55:54 :: {"lacey.billington@exprealty.com":"User account created successully!"}

2022-03-09 10:55:55 :: {"maria.fiorito@exprealty.com":"User account created successully!"}

2022-03-09 10:55:55 :: {"bryan.decorso@exprealty.com":"User account created successully!"}

2022-03-09 10:55:55 :: {"richard.woodling@exprealty.com":"User account created successully!"}

2022-03-09 10:55:55 :: {"amanda.alexander@exprealty.com":"User account created successully!"}

2022-03-09 10:55:55 :: {"joe.brown@exprealty.com":"User account created successully!"}

2022-03-09 10:55:55 :: {"jeanne.mcknight@exprealty.com":"User account created successully!"}

2022-03-09 10:55:55 :: {"vaclavzampach@yahoo.com":"User account created successully!"}

2022-03-09 10:55:55 :: {"renee.cofone@exprealty.com":"User account created successully!"}

2022-03-09 10:55:55 :: {"carolyn.husband@exprealty.com":"User account created successully!"}

2022-03-09 10:55:55 :: {"billi.tomlinson@exprealty.com":"User account created successully!"}

2022-03-09 10:55:56 :: {"themelonigroup@exprealty.com":"User account created successully!"}

2022-03-09 10:55:56 :: {"maureen@msnhomesales.com":"User account created successully!"}

2022-03-09 10:55:56 :: {"george.philbeck+partner@exprealty.com":"User account created successully!"}

2022-03-09 10:55:56 :: {"samantha.quintanilla@exprealty.com":"User account created successully!"}

2022-03-09 10:55:56 :: {"shauna.leone@exprealty.com":"User account created successully!"}

2022-03-09 10:55:56 :: {"christopher.gabriel@exprealty.com":"User account created successully!"}

2022-03-09 10:55:56 :: {"tamia.julius@exprealty.com":"User account created successully!"}

2022-03-09 10:55:56 :: {"keena.bass@exprealty.com":"User account created successully!"}

2022-03-09 10:55:56 :: {"ricsantana1@gmail.com":"User account created successully!"}

2022-03-09 10:55:56 :: {"chipo.sithole@exprealty.com":"User account created successully!"}

2022-03-09 10:55:57 :: {"kadu.tavares@exprealty.com":"User account created successully!"}

2022-03-09 10:55:57 :: {"ruth.sergi@exprealty.com":"User account created successully!"}

2022-03-09 10:55:57 :: {"kelly.rossow@exprealty.com":"User account created successully!"}

2022-03-09 10:55:57 :: {"tonya.williams.55261@exprealty.com":"User account created successully!"}

2022-03-09 10:55:57 :: {"jorge.rey@exprealty.com":"User account created successully!"}

2022-03-09 10:55:57 :: {"claudia.magilke@exprealty.com":"User account created successully!"}

2022-03-09 10:55:57 :: {"danielle.bowden@exprealty.com":"User account created successully!"}

2022-03-09 10:55:57 :: {"natalie.carmichael@exprealty.com":"User account created successully!"}

2022-03-09 10:55:57 :: {"moira.villavicencio@exprealty.com":"User account created successully!"}

2022-03-09 10:55:57 :: {"jenna.clabeaux@exprealty.com":"User account created successully!"}

2022-03-09 10:55:58 :: {"adrienne.mell@exprealty.com":"User account created successully!"}

2022-03-09 10:55:58 :: {"brian.mcmahon@exprealty.com":"User account created successully!"}

2022-03-09 10:55:58 :: {"barbara.lang@exprealty.com":"User account created successully!"}

2022-03-09 10:55:58 :: {"samantha.sarver@exprealty.com":"User account created successully!"}

2022-03-09 10:55:58 :: {"Brenda.Rottkamp.Realtor@gmail.com":"User account created successully!"}

2022-03-09 10:55:58 :: {"amy.shelton@exprealty.com":"User account created successully!"}

2022-03-09 10:55:58 :: {"jade.henrickson@exprealty.com":"User account created successully!"}

2022-03-09 10:55:58 :: {"brian.gabree@exprealty.com":"User account created successully!"}

2022-03-09 10:55:58 :: {"jeffrey.funk@exprealty.com":"User account created successully!"}

2022-03-09 10:55:58 :: {"richard.santos@exprealty.com":"User account created successully!"}

2022-03-09 10:55:59 :: {"dave.bowen@exprealty.com":"User account created successully!"}

2022-03-09 10:55:59 :: {"damion.johnson@exprealty.com":"User account created successully!"}

2022-03-09 10:55:59 :: {"monica.mcleod@exprealty.com":"User account created successully!"}

2022-03-09 10:55:59 :: {"jimknetsch@gmail.com":"User account created successully!"}

2022-03-09 10:55:59 :: {"didem.hanley@exprealty.com":"User account created successully!"}

2022-03-09 10:55:59 :: {"Kelvin.Lopez@exprealty.com":"User account created successully!"}

2022-03-09 10:55:59 :: {"jennifer@abbottteam.com":"User account created successully!"}

2022-03-09 10:55:59 :: {"carl.vano@exprealty.com":"User account created successully!"}

2022-03-09 10:55:59 :: {"raydavila2@gmail.com":"User account created successully!"}

2022-03-09 10:55:59 :: {"denise.pate@exprealty.com":"User account created successully!"}

2022-03-09 10:55:59 :: {"eve.friese@exprealty.com":"User account created successully!"}

2022-03-09 10:56:00 :: {"sean.rooney@exprealty.com":"User account created successully!"}

2022-03-09 10:56:00 :: {"channin.medina@exprealty.com":"User account created successully!"}

2022-03-09 10:56:00 :: {"hansenelite@exprealty.com":"User account created successully!"}

2022-03-09 10:56:00 :: {"misty.gauthier@exprealty.com":"User account created successully!"}

2022-03-09 10:56:00 :: {"jonathan.partsch@exprealty.com":"User account created successully!"}

2022-03-09 10:56:00 :: {"nancy.ashley@exprealty.com":"User account created successully!"}

2022-03-09 10:56:00 :: {"walter.key@exprealty.com":"User account created successully!"}

2022-03-09 10:56:00 :: {"swflhugh@gmail.com":"User account created successully!"}

2022-03-09 10:56:00 :: {"gonzalo.cordoba@exprealty.com":"User account created successully!"}

2022-03-09 10:56:00 :: {"kevin.ruiz@exprealty.com":"User account created successully!"}

2022-03-09 10:56:01 :: {"jennifer.nethery@exprealty.com":"User account created successully!"}

2022-03-09 10:56:01 :: {"christine.shipp@exprealty.com":"User account created successully!"}

2022-03-09 10:56:01 :: {"melissa.mcneil@exprealty.com":"User account created successully!"}

2022-03-09 10:56:01 :: {"karen.ledet@exprealty.com":"User account created successully!"}

2022-03-09 10:56:01 :: {"kevin.berman@exprealty.com":"User account created successully!"}

2022-03-09 10:56:01 :: {"realtormarkz@gmail.com":"User account created successully!"}

2022-03-09 10:56:01 :: {"peter.kulcsar@exprealty.com":"User account created successully!"}

2022-03-09 10:56:01 :: {"pernilla.einsbohr@exprealty.com":"User account created successully!"}

2022-03-09 10:56:02 :: {"laureen.trent@exprealty.com":"User account created successully!"}

2022-03-09 10:56:02 :: {"tim.ball@exprealty.com":"User account created successully!"}

2022-03-09 10:56:02 :: {"kimberly.babenzien@exprealty.com":"User account created successully!"}

2022-03-09 10:56:02 :: {"dawn.kellam@exprealty.com":"User account created successully!"}

2022-03-09 10:56:02 :: {"gregory.sharp@exprealty.com":"User account created successully!"}

2022-03-09 10:56:02 :: {"alecsander.diab@exprealty.com":"User account created successully!"}

2022-03-09 10:56:02 :: {"robert.schwabe@exprealty.com":"User account created successully!"}

2022-03-09 10:56:02 :: {"margarett.klein@exprealty.com":"User account created successully!"}

2022-03-09 10:56:02 :: {"robenson.juste@exprealty.com":"User account created successully!"}

2022-03-09 10:56:03 :: {"britley.smith@exprealty.com":"User account created successully!"}

2022-03-09 10:56:03 :: {"john.rurkowski@exprealty.com":"User account created successully!"}

2022-03-09 10:56:03 :: {"dilenia.morales@exprealty.com":"User account created successully!"}

2022-03-09 10:56:03 :: {"resultsbymaria@gmail.com":"User account created successully!"}

2022-03-09 10:56:03 :: {"alexander.castro@exprealty.com":"User account created successully!"}

2022-03-09 10:56:03 :: {"ada@abpluscompanies.com":"User account created successully!"}

2022-03-09 10:56:03 :: {"perpetua.emilien@exprealty.com":"User account created successully!"}

2022-03-09 10:56:03 :: {"info@centralfloridateam.com":"User account created successully!"}

2022-03-09 10:56:03 :: {"avril.cherasard@exprealty.com":"User account created successully!"}

2022-03-09 10:56:03 :: {"lisa.petersen@exprealty.com":"User account created successully!"}

2022-03-09 10:56:03 :: {"paul.santos@exprealty.com":"User account created successully!"}

2022-03-09 10:56:04 :: {"justin.lott@exprealty.com":"User account created successully!"}

2022-03-09 10:56:04 :: {"carolyn.francis@exprealty.com":"User account created successully!"}

2022-03-09 10:56:04 :: {"amanda.hosier@exprealty.com":"User account created successully!"}

2022-03-09 10:56:04 :: {"kerry.hunt@exprealty.com":"User account created successully!"}

2022-03-09 10:56:04 :: {"katalinda.garza@exprealty.com":"User account created successully!"}

2022-03-09 10:56:04 :: {"kayana.gaines@exprealty.com":"User account created successully!"}

2022-03-09 10:56:04 :: {"jaime.gaud@exprealty.com":"User account created successully!"}

2022-03-09 10:56:04 :: {"matthew.maniaci@exprealty.com":"User account created successully!"}

2022-03-09 10:56:04 :: {"suzanne.henry@exprealty.com":"User account created successully!"}

2022-03-09 10:56:05 :: {"william.fitzgerald@exprealty.com":"User account created successully!"}

2022-03-09 10:56:05 :: {"susan.mcpherson@exprealty.com":"User account created successully!"}

2022-03-09 10:56:05 :: {"paula.edenburg@exprealty.com":"User account created successully!"}

2022-03-09 10:56:05 :: {"derrick.bumpers@exprealty.com":"User account created successully!"}

2022-03-09 10:56:05 :: {"lydia.montaigne@exprealty.com":"User account created successully!"}

2022-03-09 10:56:05 :: {"crownhomegroup@exprealty.com":"User account created successully!"}

2022-03-09 10:56:05 :: {"vernice.parker@exprealty.com":"User account created successully!"}

2022-03-09 10:56:05 :: {"victor.ng@exprealty.com":"User account created successully!"}

2022-03-09 10:56:05 :: {"mark.hiller@exprealty.com":"User account created successully!"}

2022-03-09 10:56:05 :: {"gregory.lekanides@exprealty.com":"User account created successully!"}

2022-03-09 10:56:06 :: {"martin.pajanen@exprealty.com":"User account created successully!"}

2022-03-09 10:56:06 :: {"dina.shaw@exprealty.com":"User account created successully!"}

2022-03-09 10:56:06 :: {"elena.swiden@exprealty.com":"User account created successully!"}

2022-03-09 10:56:06 :: {"arthur.h.jackson@exprealty.com":"User account created successully!"}

2022-03-09 10:56:06 :: {"stacy.farber@exprealty.com":"User account created successully!"}

2022-03-09 10:56:06 :: {"pat.bertrand@exprealty.com":"User account created successully!"}

2022-03-09 10:56:06 :: {"sthorn@sthorn.com":"User account created successully!"}

2022-03-09 10:56:07 :: {"james.norris@exprealty.com":"User account created successully!"}

2022-03-09 10:56:07 :: {"sarah.ness@exprealty.com":"User account created successully!"}

2022-03-09 10:56:07 :: {"janice.galan@exprealty.com":"User account created successully!"}

2022-03-09 10:56:07 :: {"sherry.toms@exprealty.com":"User account created successully!"}

2022-03-09 10:56:07 :: {"amy.lemoine@exprealty.com":"User account created successully!"}

2022-03-09 10:56:07 :: {"andrew.barclay@exprealty.com":"User account created successully!"}

2022-03-09 10:56:07 :: {"johanne.clerie@exprealty.com":"User account created successully!"}

2022-03-09 10:56:07 :: {"mvmader@gmail.com":"User account created successully!"}

2022-03-09 10:56:07 :: {"bgblissgroup@exprealty.com":"User account created successully!"}

2022-03-09 10:56:07 :: {"shawn.pruner@exprealty.com":"User account created successully!"}

2022-03-09 10:56:07 :: {"nicol.velez@exprealty.com":"User account created successully!"}

2022-03-09 10:56:08 :: {"fjtrealestate@gmail.com":"User account created successully!"}

2022-03-09 10:56:08 :: {"lynn.pineda@exprealty.com":"User account created successully!"}

2022-03-09 10:56:08 :: {"katelyn.mccowen@exprealty.com":"User account created successully!"}

2022-03-09 10:56:08 :: {"adriana.garciaguerrero@exprealty.com":"User account created successully!"}

2022-03-09 10:56:08 :: {"matthew.edenburg@exprealty.com":"User account created successully!"}

2022-03-09 10:56:08 :: {"brent.conner@exprealty.com":"User account created successully!"}

2022-03-09 10:56:08 :: {"heather.harris@exprealty.com":"User account created successully!"}

2022-03-09 10:56:08 :: {"cindy.rosenbloom@exprealty.com":"User account created successully!"}

2022-03-09 10:56:08 :: {"renate.feyerabend@exprealty.com":"User account created successully!"}

2022-03-09 10:56:08 :: {"scott.carlin@exprealty.com":"User account created successully!"}

2022-03-09 10:56:08 :: {"laura.hatch@exprealty.com":"User account created successully!"}

2022-03-09 10:56:09 :: {"brenda.bell@exprealty.com":"User account created successully!"}

2022-03-09 10:56:09 :: {"sheryl.houck@exprealty.com":"User account created successully!"}

2022-03-09 10:56:09 :: {"sandra.mcnatt@exprealty.com":"User account created successully!"}

2022-03-09 10:56:09 :: {"bret.crino@exprealty.com":"User account created successully!"}

2022-03-09 10:56:09 :: {"john.thomas.89005@exprealty.com":"User account created successully!"}

2022-03-09 10:56:09 :: {"jason.smallwood@exprealty.com":"User account created successully!"}

2022-03-09 10:56:09 :: {"charles.adkins@exprealty.com":"User account created successully!"}

2022-03-09 10:56:09 :: {"MistyRealtorfl@gmail.com":"User account created successully!"}

2022-03-09 10:56:09 :: {"stacyrcoburn@gmail.com":"User account created successully!"}

2022-03-09 10:56:09 :: {"tiffany.milton@exprealty.com":"User account created successully!"}

2022-03-09 10:56:09 :: {"melvin.drury@exprealty.com":"User account created successully!"}

2022-03-09 10:56:10 :: {"lilivette.vasquez@exprealty.com":"User account created successully!"}

2022-03-09 10:56:10 :: {"patricia.merrick@exprealty.com":"User account created successully!"}

2022-03-09 10:56:10 :: {"tom.diberardino@exprealty.com":"User account created successully!"}

2022-03-09 10:56:10 :: {"danita.blow@exprealty.com":"User account created successully!"}

2022-03-09 10:56:10 :: {"terry.company@exprealty.com":"User account created successully!"}

2022-03-09 10:56:10 :: {"cassie.landron@exprealty.com":"User account created successully!"}

2022-03-09 10:56:10 :: {"tommymcneill@sarasotaresidentialrealestate.com":"User account created successully!"}

2022-03-09 10:56:10 :: {"rita.japhet@exprealty.com":"User account created successully!"}

2022-03-09 10:56:10 :: {"jari.philson@exprealty.com":"User account created successully!"}

2022-03-09 10:56:10 :: {"melissa@RealtyInOrlando.com":"User account created successully!"}

2022-03-09 10:56:10 :: {"kristy@kristyisyourkey.com":"User account created successully!"}

2022-03-09 10:56:10 :: {"jack.porrata@exprealty.com":"User account created successully!"}

2022-03-09 10:56:11 :: {"andrea.bishop@exprealty.com":"User account created successully!"}

2022-03-09 10:56:11 :: {"tom.noelke@exprealty.com":"User account created successully!"}

2022-03-09 10:56:11 :: {"julio.ospina@wisegroupfl.com":"User account created successully!"}

2022-03-09 10:56:11 :: {"michelle.noriega@exprealty.com":"User account created successully!"}

2022-03-09 10:56:11 :: {"dunndealnaples@gmail.com":"User account created successully!"}

2022-03-09 10:56:11 :: {"bethraulerson@gmail.com":"User account created successully!"}

2022-03-09 10:56:11 :: {"athena.shearer@exprealty.com":"User account created successully!"}

2022-03-09 10:56:11 :: {"Lawrence.Bobo@exprealty.com":"User account created successully!"}

2022-03-09 10:56:11 :: {"austin.mcgee@exprealty.com":"User account created successully!"}

2022-03-09 10:56:11 :: {"bill.patterson@exprealty.com":"User account created successully!"}

2022-03-09 10:56:11 :: {"shaina.clemons@exprealty.com":"User account created successully!"}

2022-03-09 10:56:11 :: {"shelleynielsen0806@gmail.com":"User account created successully!"}

2022-03-09 10:56:12 :: {"della.maggard@exprealty.com":"User account created successully!"}

2022-03-09 10:56:12 :: {"amanda.j.little@exprealty.com":"User account created successully!"}

2022-03-09 10:56:12 :: {"jeanette.ribak@exprealty.com":"User account created successully!"}

2022-03-09 10:56:12 :: {"mike.dyer@exprealty.com":"User account created successully!"}

2022-03-09 10:56:12 :: {"lena.ingraham@exprealty.com":"User account created successully!"}

2022-03-09 10:56:12 :: {"keith.butler@exprealty.com":"User account created successully!"}

2022-03-09 10:56:12 :: {"shauna.drayer@exprealty.com":"User account created successully!"}

2022-03-09 10:56:12 :: {"karen@homeinswflorida.com":"User account created successully!"}

2022-03-09 10:56:12 :: {"judi.figueroa@exprealty.com":"User account created successully!"}

2022-03-09 10:56:13 :: {"stephanie.durham@exprealty.com":"User account created successully!"}

2022-03-09 10:56:13 :: {"joseph.mooradian@exprealty.com":"User account created successully!"}

2022-03-09 10:56:13 :: {"sue.makara@exprealty.com":"User account created successully!"}

2022-03-09 10:56:13 :: {"perry.schlinz@exprealty.com":"User account created successully!"}

2022-03-09 10:56:13 :: {"jonathan.master@exprealty.com":"User account created successully!"}

2022-03-09 10:56:13 :: {"amanda.lobb@exprealty.com":"User account created successully!"}

2022-03-09 10:56:13 :: {"anthony.davis@exprealty.com":"User account created successully!"}

2022-03-09 10:56:13 :: {"larissa.pirro@exprealty.com":"User account created successully!"}

2022-03-09 10:56:13 :: {"christopher.heston@exprealty.com":"User account created successully!"}

2022-03-09 10:56:13 :: {"melanie.dunlap@exprealty.com":"User account created successully!"}

2022-03-09 10:56:13 :: {"MicheleMarieRE@gmail.com":"User account created successully!"}

2022-03-09 10:56:14 :: {"joy@thetrinityhometeam.com":"User account created successully!"}

2022-03-09 10:56:14 :: {"jay.cohn@exprealty.com":"User account created successully!"}

2022-03-09 10:56:14 :: {"maricel.zaldumbide@exprealty.com":"User account created successully!"}

2022-03-09 10:56:14 :: {"bzapitz@gmail.com":"User account created successully!"}

2022-03-09 10:56:14 :: {"denise.driscoll@exprealty.com":"User account created successully!"}

2022-03-09 10:56:14 :: {"angelo.distefano@exprealty.com":"User account created successully!"}

2022-03-09 10:56:14 :: {"info@listedinfl.com":"User account created successully!"}

2022-03-09 10:56:14 :: {"michael.little@exprealty.com":"User account created successully!"}

2022-03-09 10:56:15 :: {"carla.davis@exprealty.com":"User account created successully!"}

2022-03-09 10:56:15 :: {"melanie.wagner@exprealty.com":"User account created successully!"}

2022-03-09 10:56:15 :: {"scott.dorsett@exprealty.com":"User account created successully!"}

2022-03-09 10:56:15 :: {"paige.michaelis@exprealty.com":"User account created successully!"}

2022-03-09 10:56:15 :: {"michele.vantuyl@exprealty.com":"User account created successully!"}

2022-03-09 10:56:15 :: {"alethea.reyes@exprealty.com":"User account created successully!"}

2022-03-09 10:56:15 :: {"leticia.morales@exprealty.com":"User account created successully!"}

2022-03-09 10:56:15 :: {"janet.duprey@exprealty.com":"User account created successully!"}

2022-03-09 10:56:15 :: {"jordan@wynnwood.com":"User account created successully!"}

2022-03-09 10:56:15 :: {"kenneth.chambliss@exprealty.com":"User account created successully!"}

2022-03-09 10:56:16 :: {"olgaflhomes@gmail.com":"User account created successully!"}

2022-03-09 10:56:16 :: {"herby.sincere@exprealty.com":"User account created successully!"}

2022-03-09 10:56:16 :: {"david.mills@TheDavidMillsTeam.com":"User account created successully!"}

2022-03-09 10:56:16 :: {"jnh0125@hotmail.com":"User account created successully!"}

2022-03-09 10:56:16 :: {"abigail.dinsick@exprealty.com":"User account created successully!"}

2022-03-09 10:56:16 :: {"michael.andrews@exprealty.com":"User account created successully!"}

2022-03-09 10:56:16 :: {"mary.gianelloni@exprealty.com":"User account created successully!"}

2022-03-09 10:56:16 :: {"jody@propertyreveal.com":"User account created successully!"}

2022-03-09 10:56:16 :: {"sherri.purcell@exprealty.com":"User account created successully!"}

2022-03-09 10:56:16 :: {"alvin.prince@exprealty.com":"User account created successully!"}

2022-03-09 10:56:16 :: {"Yourrealtorcris@gmail.com":"User account created successully!"}

2022-03-09 10:56:17 :: {"matthew.pagan@exprealty.com":"User account created successully!"}

2022-03-09 10:56:17 :: {"suzanne.dickson@exprealty.com":"User account created successully!"}

2022-03-09 10:56:17 :: {"jenny@figueroateam.com":"User account created successully!"}

2022-03-09 10:56:17 :: {"alexszinegh@gmail.com":"User account created successully!"}

2022-03-09 10:56:17 :: {"suzette.urbanc@exprealty.com":"User account created successully!"}

2022-03-09 10:56:17 :: {"lindaivett.garcia@exprealty.com":"User account created successully!"}

2022-03-09 10:56:17 :: {"barbara.benz@exprealty.com":"User account created successully!"}

2022-03-09 10:56:17 :: {"george.kokoris@exprealty.com":"User account created successully!"}

2022-03-09 10:56:17 :: {"sandy.college@exprealty.com":"User account created successully!"}

2022-03-09 10:56:17 :: {"Matthew.pertosoff@exprealty.com":"User account created successully!"}

2022-03-09 10:56:17 :: {"lauren.cote@exprealty.com":"User account created successully!"}

2022-03-09 10:56:18 :: {"jon@thecarrollteam.net":"User account created successully!"}

2022-03-09 10:56:18 :: {"andres.diaz@exprealty.com":"User account created successully!"}

2022-03-09 10:56:18 :: {"joshua.knowlton@exprealty.com":"User account created successully!"}

2022-03-09 10:56:18 :: {"parulpatelrealtor@gmail.com":"User account created successully!"}

2022-03-09 10:56:18 :: {"jon@thyngco.com":"User account created successully!"}

2022-03-09 10:56:18 :: {"maria.coello@exprealty.com":"User account created successully!"}

2022-03-09 10:56:18 :: {"matthew.freda@exprealty.com":"User account created successully!"}

2022-03-09 10:56:18 :: {"ronald.groton@exprealty.com":"User account created successully!"}

2022-03-09 10:56:18 :: {"flavio.franco@exprealty.com":"User account created successully!"}

2022-03-09 10:56:18 :: {"daniel.bussard@exprealty.com":"User account created successully!"}

2022-03-09 10:56:18 :: {"kelly.scalone@exprealty.com":"User account created successully!"}

2022-03-09 10:56:18 :: {"caroline@buysellinvestorlando.com":"User account created successully!"}

2022-03-09 10:56:19 :: {"jose.porto@exprealty.com":"User account created successully!"}

2022-03-09 10:56:19 :: {"carl.williams@exprealty.com":"User account created successully!"}

2022-03-09 10:56:19 :: {"bsimanton@exprealty.com":"User account created successully!"}

2022-03-09 10:56:19 :: {"chris.light@exprealty.com":"User account created successully!"}

2022-03-09 10:56:19 :: {"edward.barton@exprealty.com":"User account created successully!"}

2022-03-09 10:56:19 :: {"steventorres@goldbarteam.com":"User account created successully!"}

2022-03-09 10:56:19 :: {"debora.pludwinski@exprealty.com":"User account created successully!"}

2022-03-09 10:56:19 :: {"fiona.barone@exprealty.com":"User account created successully!"}

2022-03-09 10:56:19 :: {"peggy.page@exprealty.com":"User account created successully!"}

2022-03-09 10:56:19 :: {"budhram.ramlakhan@exprealty.com":"User account created successully!"}

2022-03-09 10:56:19 :: {"elena.cruz@exprealty.com":"User account created successully!"}

2022-03-09 10:56:19 :: {"sherri.palmer@exprealty.com":"User account created successully!"}

2022-03-09 10:56:20 :: {"tony.hounshell@exprealty.com":"User account created successully!"}

2022-03-09 10:56:20 :: {"amber.powell@exprealty.com":"User account created successully!"}

2022-03-09 10:56:20 :: {"megan.aldridge@exprealty.com":"User account created successully!"}

2022-03-09 10:56:20 :: {"patrice.holley@exprealty.com":"User account created successully!"}

2022-03-09 10:56:20 :: {"lynn.dohm@exprealty.com":"User account created successully!"}

2022-03-09 10:56:20 :: {"lisa.brannon@exprealty.com":"User account created successully!"}

2022-03-09 10:56:20 :: {"edfloresrealtor@gmail.com":"User account created successully!"}

2022-03-09 10:56:20 :: {"lpgroup@exprealty.com":"User account created successully!"}

2022-03-09 10:56:20 :: {"leonel.fidel@exprealty.com":"User account created successully!"}

2022-03-09 10:56:20 :: {"jeyte.gilson@exprealty.com":"User account created successully!"}

2022-03-09 10:56:20 :: {"kevin.hayes@exprealty.com":"User account created successully!"}

2022-03-09 10:56:21 :: {"sheri.ragsdale@exprealty.com":"User account created successully!"}

2022-03-09 10:56:21 :: {"michael.bacelo@exprealty.com":"User account created successully!"}

2022-03-09 10:56:21 :: {"lilian.aguilera@exprealty.com":"User account created successully!"}

2022-03-09 10:56:21 :: {"yvonne.biederman@exprealty.com":"User account created successully!"}

2022-03-09 10:56:21 :: {"stacy.russell@exprealty.com":"User account created successully!"}

2022-03-09 10:56:21 :: {"ricardo.gerena@exprealty.com":"User account created successully!"}

2022-03-09 10:56:21 :: {"mary.castro@exprealty.com":"User account created successully!"}

2022-03-09 10:56:21 :: {"claudia.oliva@exprealty.com":"User account created successully!"}

2022-03-09 10:56:21 :: {"wrayrealty222@gmail.com":"User account created successully!"}

2022-03-09 10:56:21 :: {"paul.saperstein@exprealty.com":"User account created successully!"}

2022-03-09 10:56:22 :: {"alexandra.repetto@exprealty.com":"User account created successully!"}

2022-03-09 10:56:22 :: {"mikejax14@yahoo.com":"User account created successully!"}

2022-03-09 10:56:22 :: {"brian.garnett@exprealty.com":"User account created successully!"}

2022-03-09 10:56:22 :: {"shobha.thimmaiah@exprealty.com":"User account created successully!"}

2022-03-09 10:56:22 :: {"jaxprohomes@gmail.com":"User account created successully!"}

2022-03-09 10:56:22 :: {"jennifer.page@exprealty.com":"User account created successully!"}

2022-03-09 10:56:22 :: {"louis.tucciarone@exprealty.com":"User account created successully!"}

2022-03-09 10:56:22 :: {"elizabeth.crisman@exprealty.com":"User account created successully!"}

2022-03-09 10:56:22 :: {"info@leandrogularte.com":"User account created successully!"}

2022-03-09 10:56:22 :: {"david.dewitt@exprealty.com":"User account created successully!"}

2022-03-09 10:56:22 :: {"christian.rockwell@exprealty.com":"User account created successully!"}

2022-03-09 10:56:22 :: {"jocelyn.tejeda@exprealty.com":"User account created successully!"}

2022-03-09 10:56:23 :: {"joe.cail@exprealty.com":"User account created successully!"}

2022-03-09 10:56:23 :: {"jeffrey.sarasin@exprealty.com":"User account created successully!"}

2022-03-09 10:56:23 :: {"Drew@SaporitoTeam.com":"User account created successully!"}

2022-03-09 10:56:23 :: {"daniel.teston@exprealty.com":"User account created successully!"}

2022-03-09 10:56:23 :: {"tanya.cunningham@exprealty.com":"User account created successully!"}

2022-03-09 10:56:23 :: {"jill.schnibben@exprealty.com":"User account created successully!"}

2022-03-09 10:56:23 :: {"katie.hershiser@exprealty.com":"User account created successully!"}

2022-03-09 10:56:23 :: {"sabrina.mcclover@thefinelivinggroup.com":"User account created successully!"}

2022-03-09 10:56:23 :: {"carl.gentile@exprealty.com":"User account created successully!"}

2022-03-09 10:56:23 :: {"gail.karger@exprealty.com":"User account created successully!"}

2022-03-09 10:56:23 :: {"elise.snedeker@exprealty.com":"User account created successully!"}

2022-03-09 10:56:23 :: {"tony.bambu@exprealty.com":"User account created successully!"}

2022-03-09 10:56:24 :: {"danny.torchia@exprealty.com":"User account created successully!"}

2022-03-09 10:56:24 :: {"emily.probst@exprealty.com":"User account created successully!"}

2022-03-09 10:56:24 :: {"lucay.clark@exprealty.com":"User account created successully!"}

2022-03-09 10:56:24 :: {"debora.lozano@exprealty.com":"User account created successully!"}

2022-03-09 10:56:24 :: {"dennis.nelson@exprealty.com":"User account created successully!"}

2022-03-09 10:56:24 :: {"julie.smith@exprealty.com":"User account created successully!"}

2022-03-09 10:56:24 :: {"paula.aponte@exprealty.com":"User account created successully!"}

2022-03-09 10:56:24 :: {"annalise.tupper@exprealty.com":"User account created successully!"}

2022-03-09 10:56:24 :: {"alan.abramson@exprealty.com":"User account created successully!"}

2022-03-09 10:56:24 :: {"gina.borrero@exprealty.com":"User account created successully!"}

2022-03-09 10:56:24 :: {"beatrice.solloway@exprealty.com":"User account created successully!"}

2022-03-09 10:56:25 :: {"courtney.ackerman@exprealty.com":"User account created successully!"}

2022-03-09 10:56:25 :: {"victor.dacunti@exprealty.com":"User account created successully!"}

2022-03-09 10:56:25 :: {"latura.meikrantz@exprealty.com":"User account created successully!"}

2022-03-09 10:56:25 :: {"simone.campbell@exprealty.com":"User account created successully!"}

2022-03-09 10:56:25 :: {"john.karpowich@exprealty.com":"User account created successully!"}

2022-03-09 10:56:25 :: {"hello@samuelrcarter.com":"User account created successully!"}

2022-03-09 10:56:25 :: {"cher.varghese@exprealty.com":"User account created successully!"}

2022-03-09 10:56:25 :: {"sandy.frey@exprealty.com":"User account created successully!"}

2022-03-09 10:56:25 :: {"sharon.mandli@exprealty.com":"User account created successully!"}

2022-03-09 10:56:25 :: {"alice.farry@exprealty.com":"User account created successully!"}

2022-03-09 10:56:25 :: {"erica@wolferealtyteam.com":"User account created successully!"}

2022-03-09 10:56:26 :: {"carla.cottrell@exprealty.com":"User account created successully!"}

2022-03-09 10:56:26 :: {"brittany.whatts@exprealty.com":"User account created successully!"}

2022-03-09 10:56:26 :: {"luis.caballero@exprealty.com":"User account created successully!"}

2022-03-09 10:56:26 :: {"keyara.thomas@exprealty.com":"User account created successully!"}

2022-03-09 10:56:26 :: {"beth.silverman@exprealty.com":"User account created successully!"}

2022-03-09 10:56:26 :: {"charles.cameron@exprealty.com":"User account created successully!"}

2022-03-09 10:56:26 :: {"JimKasper@msn.com":"User account created successully!"}

2022-03-09 10:56:26 :: {"francis.waltz@exprealty.com":"User account created successully!"}

2022-03-09 10:56:26 :: {"Christal.Maxwell@exprealty.com":"User account created successully!"}

2022-03-09 10:56:26 :: {"val.exprealty@gmail.conm":"User account created successully!"}

2022-03-09 10:56:26 :: {"martin.gustafson@exprealty.com":"User account created successully!"}

2022-03-09 10:56:26 :: {"tamara.grimes@exprealty.com":"User account created successully!"}

2022-03-09 10:56:27 :: {"debbie@thewellerteam.com":"User account created successully!"}

2022-03-09 10:56:27 :: {"bo.bofamy@exprealty.com":"User account created successully!"}

2022-03-09 10:56:27 :: {"gianelle.rodriguez@exprealty.com":"User account created successully!"}

2022-03-09 10:56:27 :: {"jenelle@yourwaypointe.com":"User account created successully!"}

2022-03-09 10:56:27 :: {"jorge.jimenez@exprealty.com":"User account created successully!"}

2022-03-09 10:56:27 :: {"irma.garcia@exprealty.com":"User account created successully!"}

2022-03-09 10:56:27 :: {"jennifer.seaver@exprealty.com":"User account created successully!"}

2022-03-09 10:56:27 :: {"shawn.sheppard@exprealty.com":"User account created successully!"}

2022-03-09 10:56:27 :: {"robert.tyler@exprealty.com":"User account created successully!"}

2022-03-09 10:56:27 :: {"regina.harman@exprealty.com":"User account created successully!"}

2022-03-09 10:56:27 :: {"noah.ward@exprealty.com":"User account created successully!"}

2022-03-09 10:56:28 :: {"antonio.anselmi@exprealty.com":"User account created successully!"}

2022-03-09 10:56:28 :: {"kellie.blackwell@exprealty.com":"User account created successully!"}

2022-03-09 10:56:28 :: {"rodney.waits@exprealty.com":"User account created successully!"}

2022-03-09 10:56:28 :: {"adianez.ramos@exprealty.com":"User account created successully!"}

2022-03-09 10:56:28 :: {"shelley.lachmann@exprealty.com":"User account created successully!"}

2022-03-09 10:56:28 :: {"tameika.davis@exprealty.com":"User account created successully!"}

2022-03-09 10:56:28 :: {"sandy.williams@exprealty.com":"User account created successully!"}

2022-03-09 10:56:28 :: {"marla.hively@exprealty.com":"User account created successully!"}

2022-03-09 10:56:28 :: {"d.carrero@exprealty.com":"User account created successully!"}

2022-03-09 10:56:28 :: {"rose.lampe@exprealty.com":"User account created successully!"}

2022-03-09 10:56:28 :: {"mark.koester@exprealty.com":"User account created successully!"}

2022-03-09 10:56:29 :: {"nicole.dwyer@exprealty.com":"User account created successully!"}

2022-03-09 10:56:29 :: {"rob@orlandohomesquad.com":"User account created successully!"}

2022-03-09 10:56:29 :: {"jeannette.encarnacion@exprealty.com":"User account created successully!"}

2022-03-09 10:56:29 :: {"aida.santiago@exprealty.com":"User account created successully!"}

2022-03-09 10:56:29 :: {"richard.eimers@exprealty.com":"User account created successully!"}

2022-03-09 10:56:29 :: {"kristen.bear@exprealty.com":"User account created successully!"}

2022-03-09 10:56:29 :: {"rp@rachelpetersrealtor.com":"User account created successully!"}

2022-03-09 10:56:29 :: {"donald.sprenkel@exprealty.com":"User account created successully!"}

2022-03-09 10:56:29 :: {"jamie.lucena@exprealty.com":"User account created successully!"}

2022-03-09 10:56:29 :: {"johanna.izaguirre@exprealty.com":"User account created successully!"}

2022-03-09 10:56:29 :: {"leslie.campbell@exprealty.com":"User account created successully!"}

2022-03-09 10:56:29 :: {"cindy.hurlburt@exprealty.com":"User account created successully!"}

2022-03-09 10:56:30 :: {"mayra.cordero@exprealty.com":"User account created successully!"}

2022-03-09 10:56:30 :: {"becky.johnson@exprealty.com":"User account created successully!"}

2022-03-09 10:56:30 :: {"dave.weigel@exprealty.com":"User account created successully!"}

2022-03-09 10:56:30 :: {"diego.morales@exprealty.com":"User account created successully!"}

2022-03-09 10:56:30 :: {"miguel@minahometeam.com":"User account created successully!"}

2022-03-09 10:56:30 :: {"garrett.lowell@exprealty.com":"User account created successully!"}

2022-03-09 10:56:30 :: {"shruti.shenava@exprealty.com":"User account created successully!"}

2022-03-09 10:56:30 :: {"anessa.mcdonald@exprealty.com":"User account created successully!"}

2022-03-09 10:56:30 :: {"martha.limonta@exprealty.com":"User account created successully!"}

2022-03-09 10:56:30 :: {"rafael.ceja@exprealty.com":"User account created successully!"}

2022-03-09 10:56:30 :: {"john.stanton@exprealty.com":"User account created successully!"}

2022-03-09 10:56:31 :: {"luz.mora@exprealty.com":"User account created successully!"}

2022-03-09 10:56:31 :: {"sabbithry.persad@exprealty.com":"User account created successully!"}

2022-03-09 10:56:31 :: {"jason.wood@exprealty.com":"User account created successully!"}

2022-03-09 10:56:31 :: {"cenia.hyatt@exprealty.com":"User account created successully!"}

2022-03-09 10:56:31 :: {"navjeet.khela@exprealty.com":"User account created successully!"}

2022-03-09 10:56:31 :: {"marielisa.lugo-feliciano@exprealty.com":"User account created successully!"}

2022-03-09 10:56:31 :: {"anastasia.forrest@exprealty.com":"User account created successully!"}

2022-03-09 10:56:31 :: {"alayna.phillips@exprealty.com":"User account created successully!"}

2022-03-09 10:56:31 :: {"Yenny@theSWFLagent.com":"User account created successully!"}

2022-03-09 10:56:31 :: {"ed.miranda@exprealty.com":"User account created successully!"}

2022-03-09 10:56:31 :: {"williambenitez1@gmail.com":"User account created successully!"}

2022-03-09 10:56:31 :: {"suzanne.strauss@exprealty.com":"User account created successully!"}

2022-03-09 10:56:32 :: {"carrie.halstead@exprealty.com":"User account created successully!"}

2022-03-09 10:56:32 :: {"shellie.josephson@exprealty.com":"User account created successully!"}

2022-03-09 10:56:32 :: {"rebecca.giacobba@exprealty.com":"User account created successully!"}

2022-03-09 10:56:32 :: {"mari.demadaler@exprealty.com":"User account created successully!"}

2022-03-09 10:56:32 :: {"kathy.babin@exprealty.com":"User account created successully!"}

2022-03-09 10:56:32 :: {"albert.charmelo@exprealty.com":"User account created successully!"}

2022-03-09 10:56:32 :: {"nataliya.cashen@exprealty.com":"User account created successully!"}

2022-03-09 10:56:32 :: {"evangelos.varonos@exprealty.com":"User account created successully!"}

2022-03-09 10:56:32 :: {"devon.hopkins@exprealty.com":"User account created successully!"}

2022-03-09 10:56:32 :: {"mike.bernard@exprealty.com":"User account created successully!"}

2022-03-09 10:56:32 :: {"desiree.martinez@exprealty.com":"User account created successully!"}

2022-03-09 10:56:33 :: {"karen.becker@exprealty.com":"User account created successully!"}

2022-03-09 10:56:33 :: {"tania.may@exprealty.com":"User account created successully!"}

2022-03-09 10:56:33 :: {"sonja.cummings@exprealty.com":"User account created successully!"}

2022-03-09 10:56:33 :: {"james.turner@exprealty.com":"User account created successully!"}

2022-03-09 10:56:33 :: {"daniel.mcgrath@exprealty.com":"User account created successully!"}

2022-03-09 10:56:33 :: {"katherine.moffitt@exprealty.com":"User account created successully!"}

2022-03-09 10:56:33 :: {"chelby.afrifa@exprealty.com":"User account created successully!"}

2022-03-09 10:56:33 :: {"pamela.winkle@exprealty.com":"User account created successully!"}

2022-03-09 10:56:33 :: {"plazalorena@hotmail.com":"User account created successully!"}

2022-03-09 10:56:33 :: {"joan.poulton@exprealty.com":"User account created successully!"}

2022-03-09 10:56:33 :: {"michael.rivera@exprealty.com":"User account created successully!"}

2022-03-09 10:56:33 :: {"therese.beitz@exprealty.com":"User account created successully!"}

2022-03-09 10:56:34 :: {"denamanning21@comcast.net":"User account created successully!"}

2022-03-09 10:56:34 :: {"jessica.lipp@exprealty.com":"User account created successully!"}

2022-03-09 10:56:34 :: {"aaron.almeida@exprealty.com":"User account created successully!"}

2022-03-09 10:56:34 :: {"kateflack@gmail.com":"User account created successully!"}

2022-03-09 10:56:34 :: {"sandra.aguilar@exprealty.com":"User account created successully!"}

2022-03-09 10:56:34 :: {"patricia.schraiber@exprealty.com":"User account created successully!"}

2022-03-09 10:56:34 :: {"jillian.arzuaga@exprealty.com":"User account created successully!"}

2022-03-09 10:56:34 :: {"laura.canul@exprealty.com":"User account created successully!"}

2022-03-09 10:56:34 :: {"naomi.embleton@exprealty.com":"User account created successully!"}

2022-03-09 10:56:34 :: {"robert.cardenas@exprealty.com":"User account created successully!"}

2022-03-09 10:56:34 :: {"phyllisallenrealtor@gmail.com":"User account created successully!"}

2022-03-09 10:56:35 :: {"julie.vaughn@exprealty.com":"User account created successully!"}

2022-03-09 10:56:35 :: {"edna.rivera@exprealty.com":"User account created successully!"}

2022-03-09 10:56:35 :: {"Yvonnereyesre@gmail.com":"User account created successully!"}

2022-03-09 10:56:36 :: {"barbara.lewis@exprealty.com":"User account created successully!"}

2022-03-09 10:56:36 :: {"shannon.flaherty@exprealty.com":"User account created successully!"}

2022-03-09 10:56:36 :: {"evelyn.tozzolo@exprealty.com":"User account created successully!"}

2022-03-09 10:56:36 :: {"nancy.carrasquillo@exprealty.com":"User account created successully!"}

2022-03-09 10:56:36 :: {"ann.ryan@exprealty.com":"User account created successully!"}

2022-03-09 10:56:36 :: {"BuddyWattsRealtor@gmail.com":"User account created successully!"}

2022-03-09 10:56:36 :: {"william.whiteside@exprealty.com":"User account created successully!"}

2022-03-09 10:56:36 :: {"billiejo.hurd@exprealty.com":"User account created successully!"}

2022-03-09 10:56:36 :: {"patrick.mike@exprealty.com":"User account created successully!"}

2022-03-09 10:56:36 :: {"lynford.wayman@exprealty.com":"User account created successully!"}

2022-03-09 10:56:37 :: {"robert.schuchman@exprealty.com":"User account created successully!"}

2022-03-09 10:56:37 :: {"buysellwithmarcel@gmail.com":"User account created successully!"}

2022-03-09 10:56:37 :: {"evelyn.bianco@exprealty.com":"User account created successully!"}

2022-03-09 10:56:37 :: {"lourdes.baldomero@exprealty.com":"User account created successully!"}

2022-03-09 10:56:37 :: {"321JamaPorter@gmail.com":"User account created successully!"}

2022-03-09 10:56:37 :: {"ricardo.aguilera@exprealty.com":"User account created successully!"}

2022-03-09 10:56:37 :: {"bryan.makowski@exprealty.com":"User account created successully!"}

2022-03-09 10:56:37 :: {"francis.castro@exprealty.com":"User account created successully!"}

2022-03-09 10:56:37 :: {"daniel.gonzalez@exprealty.com":"User account created successully!"}

2022-03-09 10:56:37 :: {"brenda.maginot@exprealty.com":"User account created successully!"}

2022-03-09 10:56:37 :: {"justin.benz@exprealty.com":"User account created successully!"}

2022-03-09 10:56:38 :: {"erica.ilgen@exprealty.com":"User account created successully!"}

2022-03-09 10:56:38 :: {"andre.rivera@exprealty.com":"User account created successully!"}

2022-03-09 10:56:38 :: {"nicole@teambetancourt.com":"User account created successully!"}

2022-03-09 10:56:38 :: {"patricia.guida@exprealty.com":"User account created successully!"}

2022-03-09 10:56:38 :: {"paula.palomino@exprealty.com":"User account created successully!"}

2022-03-09 10:56:38 :: {"carmen.jones@exprealty.com":"User account created successully!"}

2022-03-09 10:56:38 :: {"danny.torres@exprealty.com":"User account created successully!"}

2022-03-09 10:56:38 :: {"jack.stroup@exprealty.com":"User account created successully!"}

2022-03-09 10:56:38 :: {"thales.correa@exprealty.com":"User account created successully!"}

2022-03-09 10:56:38 :: {"janine.rombouts@exprealty.com":"User account created successully!"}

2022-03-09 10:56:38 :: {"lindsey.griffin@exprealty.com":"User account created successully!"}

2022-03-09 10:56:39 :: {"marcustbrink@gmail.com":"User account created successully!"}

2022-03-09 10:56:39 :: {"boris.falconer@exprealty.com":"User account created successully!"}

2022-03-09 10:56:39 :: {"john.wieland@exprealty.com":"User account created successully!"}

2022-03-09 10:56:39 :: {"kathydowdrealtor@gmail.com":"User account created successully!"}

2022-03-09 10:56:39 :: {"cliff@cliffclover.com":"User account created successully!"}

2022-03-09 10:56:39 :: {"kimberly.martin@exprealty.com":"User account created successully!"}

2022-03-09 10:56:39 :: {"jashua.alcindor@exprealty.com":"User account created successully!"}

2022-03-09 10:56:39 :: {"hanjomig.amate@exprealty.com":"User account created successully!"}

2022-03-09 10:56:39 :: {"sasha@savvyhomesteam.com":"User account created successully!"}

2022-03-09 10:56:39 :: {"sherica.rodgers@exprealty.com":"User account created successully!"}

2022-03-09 10:56:39 :: {"melissa.stevens@exprealty.com":"User account created successully!"}

2022-03-09 10:56:39 :: {"libia.perez@exprealty.com":"User account created successully!"}

2022-03-09 10:56:40 :: {"lynne.florian@exprealty.com":"User account created successully!"}

2022-03-09 10:56:40 :: {"elaine.borkowski@exprealty.com":"User account created successully!"}

2022-03-09 10:56:40 :: {"paula.brady@exprealty.com":"User account created successully!"}

2022-03-09 10:56:40 :: {"anne.cormierllc@exprealty.com":"User account created successully!"}

2022-03-09 10:56:40 :: {"katherine@realtyinorlando.com":"User account created successully!"}

2022-03-09 10:56:40 :: {"dorothy.willi@exprealty.com":"User account created successully!"}

2022-03-09 10:56:40 :: {"thomas.day@exprealty.com":"User account created successully!"}

2022-03-09 10:56:40 :: {"freddy.decoster@exprealty.com":"User account created successully!"}

2022-03-09 10:56:40 :: {"fred.quinones@exprealty.com":"User account created successully!"}

2022-03-09 10:56:40 :: {"tamara.hall@exprealty.com":"User account created successully!"}

2022-03-09 10:56:40 :: {"nilsa.santiago@exprealty.com":"User account created successully!"}

2022-03-09 10:56:41 :: {"tamara.anderson@exprealty.com":"User account created successully!"}

2022-03-09 10:56:41 :: {"mark.raumaker@exprealty.com":"User account created successully!"}

2022-03-09 10:56:41 :: {"dan.meinjohans@exprealty.com":"User account created successully!"}

2022-03-09 10:56:41 :: {"kimone.campbell@exprealty.com":"User account created successully!"}

2022-03-09 10:56:41 :: {"gary.lawrence@exprealty.com":"User account created successully!"}

2022-03-09 10:56:41 :: {"alexander.monaga@exprealty.com":"User account created successully!"}

2022-03-09 10:56:41 :: {"amos.allen@exprealty.com":"User account created successully!"}

2022-03-09 10:56:41 :: {"sonyaf.moore@exprealty.com":"User account created successully!"}

2022-03-09 10:56:41 :: {"jay.natal@exprealty.com":"User account created successully!"}

2022-03-09 10:56:41 :: {"andrew.sweet@exprealty.com":"User account created successully!"}

2022-03-09 10:56:41 :: {"kristie.shores@exprealty.com":"User account created successully!"}

2022-03-09 10:56:41 :: {"dean.adler@exprealty.com":"User account created successully!"}

2022-03-09 10:56:42 :: {"raymond.l.butterfield@exprealty.com":"User account created successully!"}

2022-03-09 10:56:42 :: {"ryansellsdisney@gmail.com":"User account created successully!"}

2022-03-09 10:56:42 :: {"sally.spires@exprealty.com":"User account created successully!"}

2022-03-09 10:56:42 :: {"josue.santiago-vazquez@exprealty.com":"User account created successully!"}

2022-03-09 10:56:42 :: {"fredsellshomes321@gmail.com":"User account created successully!"}

2022-03-09 10:56:42 :: {"abner.duran@exprealty.com":"User account created successully!"}

2022-03-09 10:56:42 :: {"brandy.blackwood@exprealty.com":"User account created successully!"}

2022-03-09 10:56:42 :: {"renee.oakley@exprealty.com":"User account created successully!"}

2022-03-09 10:56:42 :: {"carrie.patton@exprealty.com":"User account created successully!"}

2022-03-09 10:56:42 :: {"michael.pignato@exprealty.com":"User account created successully!"}

2022-03-09 10:56:42 :: {"jeffrey.zeiler@exprealty.com":"User account created successully!"}

2022-03-09 10:56:43 :: {"gary.grainger@exprealty.com":"User account created successully!"}

2022-03-09 10:56:43 :: {"long.nguyen@exprealty.com":"User account created successully!"}

2022-03-09 10:56:43 :: {"tyler.butcher@exprealty.com":"User account created successully!"}

2022-03-09 10:56:43 :: {"bryan.nunez@exprealty.com":"User account created successully!"}

2022-03-09 10:56:43 :: {"craig.cunha@exprealty.com":"User account created successully!"}

2022-03-09 10:56:43 :: {"renyel.rivero@exprealty.com":"User account created successully!"}

2022-03-09 10:56:43 :: {"rosac@uspbi.net":"User account created successully!"}

2022-03-09 10:56:43 :: {"daniel.a.perez@exprealty.com":"User account created successully!"}

2022-03-09 10:56:43 :: {"buysellmackenzie@gmail.com":"User account created successully!"}

2022-03-09 10:56:43 :: {"hailey.desser@exprealty.com":"User account created successully!"}

2022-03-09 10:56:43 :: {"allison@liveinstjohns.com":"User account created successully!"}

2022-03-09 10:56:43 :: {"gracemary.guastella@exprealty.com":"User account created successully!"}

2022-03-09 10:56:44 :: {"sheena.savona@exprealty.com":"User account created successully!"}

2022-03-09 10:56:44 :: {"jay.brinegar@exprealty.com":"User account created successully!"}

2022-03-09 10:56:44 :: {"danny.pena@exprealty.com":"User account created successully!"}

2022-03-09 10:56:44 :: {"heidi.rodriguez@exprealty.com":"User account created successully!"}

2022-03-09 10:56:44 :: {"adrianna.caruso@exprealty.com":"User account created successully!"}

2022-03-09 10:56:44 :: {"osman.arango@exprealty.com":"User account created successully!"}
